info: Server started at http://localhost:3000/api/ {"timestamp":"2024-04-21T08:02:54.362Z"}
info: Connected to the database. {"timestamp":"2024-04-21T08:02:54.388Z"}
info: Server started at http://localhost:3000/api/ {"timestamp":"2024-04-21T08:05:30.971Z"}
info: Connected to the database. {"timestamp":"2024-04-21T08:05:30.998Z"}
info: Server started at http://localhost:3000/api/ {"timestamp":"2024-04-21T08:05:58.717Z"}
info: Connected to the database. {"timestamp":"2024-04-21T08:05:58.743Z"}
info: Server started at http://localhost:3000/api/ {"timestamp":"2024-04-21T08:16:04.470Z"}
info: Connected to the database. {"timestamp":"2024-04-21T08:16:04.502Z"}
info: Server started at http://localhost:3000/api/ {"timestamp":"2024-04-21T08:16:24.080Z"}
info: Connected to the database. {"timestamp":"2024-04-21T08:16:24.115Z"}
info: Server started at http://localhost:3000/api/ {"timestamp":"2024-04-21T08:16:28.200Z"}
info: Connected to the database. {"timestamp":"2024-04-21T08:16:28.233Z"}
info: Server started at http://localhost:3000/api/ {"timestamp":"2024-04-21T08:16:32.472Z"}
info: Connected to the database. {"timestamp":"2024-04-21T08:16:32.505Z"}
info: Server started at http://localhost:3000/api/ {"timestamp":"2024-04-21T08:16:36.502Z"}
info: Connected to the database. {"timestamp":"2024-04-21T08:16:36.535Z"}
info: Server started at http://localhost:3000/api/ {"timestamp":"2024-04-21T08:16:42.585Z"}
info: Connected to the database. {"timestamp":"2024-04-21T08:16:42.620Z"}
info: Server started at http://localhost:3000/api/ {"timestamp":"2024-04-21T08:16:57.641Z"}
info: Connected to the database. {"timestamp":"2024-04-21T08:16:57.667Z"}
info: Server started at http://localhost:3000/api/ {"timestamp":"2024-04-21T08:17:16.925Z"}
info: Connected to the database. {"timestamp":"2024-04-21T08:17:16.950Z"}
info: Server started at http://localhost:3000/api/ {"timestamp":"2024-04-21T08:17:21.439Z"}
info: Connected to the database. {"timestamp":"2024-04-21T08:17:21.466Z"}
info: Server started at http://localhost:3000/api/ {"timestamp":"2024-04-21T08:18:47.269Z"}
info: Connected to the database. {"timestamp":"2024-04-21T08:18:47.310Z"}
info: Server started at http://localhost:3000/api/ {"timestamp":"2024-04-21T08:19:04.117Z"}
info: Connected to the database. {"timestamp":"2024-04-21T08:19:04.154Z"}
info: Server started at http://localhost:3000/api/ {"timestamp":"2024-04-21T08:19:32.740Z"}
info: Connected to the database. {"timestamp":"2024-04-21T08:19:32.773Z"}
info: Server started at http://localhost:3000/api/ {"timestamp":"2024-04-21T08:19:52.714Z"}
info: Connected to the database. {"timestamp":"2024-04-21T08:19:52.746Z"}
info: Server started at http://localhost:3000/api/ {"timestamp":"2024-04-21T08:19:55.731Z"}
info: Connected to the database. {"timestamp":"2024-04-21T08:19:55.788Z"}
info: Server started at http://localhost:3000/api/ {"timestamp":"2024-04-21T08:20:06.901Z"}
info: Connected to the database. {"timestamp":"2024-04-21T08:20:06.933Z"}
info: Server started at http://localhost:3000/api/ {"timestamp":"2024-04-21T08:20:17.991Z"}
info: Connected to the database. {"timestamp":"2024-04-21T08:20:18.020Z"}
info: Server started at http://localhost:3000/api/ {"timestamp":"2024-04-21T08:21:13.666Z"}
info: Connected to the database. {"timestamp":"2024-04-21T08:21:13.694Z"}
info: Server started at http://localhost:3000/api/ {"timestamp":"2024-04-21T08:21:21.059Z"}
info: Connected to the database. {"timestamp":"2024-04-21T08:21:21.097Z"}
info: Server started at http://localhost:3000/api/ {"timestamp":"2024-04-21T08:21:39.298Z"}
info: Connected to the database. {"timestamp":"2024-04-21T08:21:39.326Z"}
info: Server started at http://localhost:3000/api/ {"timestamp":"2024-04-21T08:21:49.822Z"}
info: Connected to the database. {"timestamp":"2024-04-21T08:21:49.852Z"}
info: Server started at http://localhost:3000/api/ {"timestamp":"2024-04-21T08:21:54.639Z"}
info: Connected to the database. {"timestamp":"2024-04-21T08:21:54.666Z"}
info: Server started at http://localhost:3000/api/ {"timestamp":"2024-04-21T08:22:00.524Z"}
info: Connected to the database. {"timestamp":"2024-04-21T08:22:00.553Z"}
info: Server started at http://localhost:3000/api/ {"timestamp":"2024-04-21T08:22:03.755Z"}
info: Connected to the database. {"timestamp":"2024-04-21T08:22:03.787Z"}
info: Server started at http://localhost:3000/api/ {"timestamp":"2024-04-21T08:23:06.540Z"}
info: Connected to the database. {"timestamp":"2024-04-21T08:23:06.567Z"}
info: Server started at http://localhost:3000/api/ {"timestamp":"2024-04-21T08:23:15.511Z"}
info: Connected to the database. {"timestamp":"2024-04-21T08:23:15.536Z"}
info: Server started at http://localhost:3000/api/ {"timestamp":"2024-04-21T08:23:28.677Z"}
info: Connected to the database. {"timestamp":"2024-04-21T08:23:28.703Z"}
error: 
    status - 500 
    message - ValidationError: password must contain atleast 8 character with one special, number, upper & lowercase character 
    url - /api/users/login 
    method - POST 
    IP - ::1
   {"timestamp":"2024-04-21T08:23:40.278Z"}
info: Server started at http://localhost:3000/api/ {"timestamp":"2024-04-21T08:24:07.635Z"}
info: Connected to the database. {"timestamp":"2024-04-21T08:24:07.667Z"}
info: Server started at http://localhost:3000/api/ {"timestamp":"2024-04-21T08:24:16.402Z"}
info: Connected to the database. {"timestamp":"2024-04-21T08:24:16.430Z"}
info: Server started at http://localhost:3000/api/ {"timestamp":"2024-04-21T08:24:24.594Z"}
info: Connected to the database. {"timestamp":"2024-04-21T08:24:24.627Z"}
info: Server started at http://localhost:3000/api/ {"timestamp":"2024-04-21T08:24:27.647Z"}
info: Connected to the database. {"timestamp":"2024-04-21T08:24:27.679Z"}
info: Server started at http://localhost:3000/api/ {"timestamp":"2024-04-21T08:24:31.407Z"}
info: Connected to the database. {"timestamp":"2024-04-21T08:24:31.448Z"}
info: Server started at http://localhost:3000/api/ {"timestamp":"2024-04-21T08:24:35.039Z"}
info: Connected to the database. {"timestamp":"2024-04-21T08:24:35.066Z"}
info: Server started at http://localhost:3000/api/ {"timestamp":"2024-04-21T08:24:49.727Z"}
info: Connected to the database. {"timestamp":"2024-04-21T08:24:49.751Z"}
info: Server started at http://localhost:3000/api/ {"timestamp":"2024-04-21T08:24:53.624Z"}
info: Connected to the database. {"timestamp":"2024-04-21T08:24:53.646Z"}
info: Server started at http://localhost:3000/api/ {"timestamp":"2024-04-21T08:25:16.655Z"}
info: Connected to the database. {"timestamp":"2024-04-21T08:25:16.699Z"}
info: Server started at http://localhost:3000/api/ {"timestamp":"2024-04-21T08:25:24.407Z"}
info: Connected to the database. {"timestamp":"2024-04-21T08:25:24.433Z"}
info: Server started at http://localhost:3000/api/ {"timestamp":"2024-04-21T08:25:33.744Z"}
info: Connected to the database. {"timestamp":"2024-04-21T08:25:33.774Z"}
info: Server started at http://localhost:3000/api/ {"timestamp":"2024-04-21T08:25:36.721Z"}
info: Connected to the database. {"timestamp":"2024-04-21T08:25:36.748Z"}
info: Server started at http://localhost:3000/api/ {"timestamp":"2024-04-21T08:25:39.858Z"}
info: Connected to the database. {"timestamp":"2024-04-21T08:25:39.884Z"}
info: Server started at http://localhost:3000/api/ {"timestamp":"2024-04-21T08:25:57.705Z"}
info: Connected to the database. {"timestamp":"2024-04-21T08:25:57.727Z"}
info: Server started at http://localhost:3000/api/ {"timestamp":"2024-04-21T08:26:46.494Z"}
info: Connected to the database. {"timestamp":"2024-04-21T08:26:46.514Z"}
info: Server started at http://localhost:3000/api/ {"timestamp":"2024-04-21T08:27:09.727Z"}
info: Connected to the database. {"timestamp":"2024-04-21T08:27:09.754Z"}
info: Server started at http://localhost:3000/api/ {"timestamp":"2024-04-21T08:27:42.529Z"}
info: Connected to the database. {"timestamp":"2024-04-21T08:27:42.560Z"}
info: Server started at http://localhost:3000/api/ {"timestamp":"2024-04-21T08:27:50.985Z"}
info: Connected to the database. {"timestamp":"2024-04-21T08:27:51.017Z"}
info: Server started at http://localhost:3000/api/ {"timestamp":"2024-04-21T08:27:57.256Z"}
info: Connected to the database. {"timestamp":"2024-04-21T08:27:57.288Z"}
info: Server started at http://localhost:3000/api/ {"timestamp":"2024-04-21T08:28:20.592Z"}
info: Connected to the database. {"timestamp":"2024-04-21T08:28:20.620Z"}
info: Server started at http://localhost:3000/api/ {"timestamp":"2024-04-21T08:28:30.392Z"}
info: Connected to the database. {"timestamp":"2024-04-21T08:28:30.420Z"}
info: Server started at http://localhost:3000/api/ {"timestamp":"2024-04-21T08:29:15.869Z"}
info: Connected to the database. {"timestamp":"2024-04-21T08:29:15.897Z"}
info: Server started at http://localhost:3000/api/ {"timestamp":"2024-04-21T08:29:21.429Z"}
info: Connected to the database. {"timestamp":"2024-04-21T08:29:21.457Z"}
info: Server started at http://localhost:3000/api/ {"timestamp":"2024-04-21T08:29:28.647Z"}
info: Connected to the database. {"timestamp":"2024-04-21T08:29:28.675Z"}
info: Server started at http://localhost:3000/api/ {"timestamp":"2024-04-21T08:29:36.184Z"}
info: Connected to the database. {"timestamp":"2024-04-21T08:29:36.211Z"}
info: Server started at http://localhost:3000/api/ {"timestamp":"2024-04-21T08:29:40.761Z"}
info: Connected to the database. {"timestamp":"2024-04-21T08:29:40.784Z"}
info: Server started at http://localhost:3000/api/ {"timestamp":"2024-04-21T08:30:07.221Z"}
info: Connected to the database. {"timestamp":"2024-04-21T08:30:07.248Z"}
info: Server started at http://localhost:3000/api/ {"timestamp":"2024-04-21T08:30:32.169Z"}
info: Connected to the database. {"timestamp":"2024-04-21T08:30:32.197Z"}
info: Server started at http://localhost:3000/api/ {"timestamp":"2024-04-21T08:30:52.843Z"}
info: Connected to the database. {"timestamp":"2024-04-21T08:30:52.868Z"}
info: Server started at http://localhost:3000/api/ {"timestamp":"2024-04-21T08:32:46.548Z"}
info: Connected to the database. {"timestamp":"2024-04-21T08:32:46.570Z"}
info: Server started at http://localhost:3000/api/ {"timestamp":"2024-04-21T08:33:04.419Z"}
info: Connected to the database. {"timestamp":"2024-04-21T08:33:04.437Z"}
info: Server started at http://localhost:3000/api/ {"timestamp":"2024-04-21T08:33:38.769Z"}
info: Connected to the database. {"timestamp":"2024-04-21T08:33:38.786Z"}
info: Server started at http://localhost:3000/api/ {"timestamp":"2024-04-21T08:34:02.886Z"}
info: Connected to the database. {"timestamp":"2024-04-21T08:34:02.902Z"}
info: Server started at http://localhost:3000/api/ {"timestamp":"2024-04-21T08:35:17.027Z"}
info: Connected to the database. {"timestamp":"2024-04-21T08:35:17.045Z"}
info: Server started at http://localhost:3000/api/ {"timestamp":"2024-04-21T08:35:34.434Z"}
info: Connected to the database. {"timestamp":"2024-04-21T08:35:34.451Z"}
info: Server started at http://localhost:3000/api/ {"timestamp":"2024-04-21T08:35:58.742Z"}
info: Connected to the database. {"timestamp":"2024-04-21T08:35:58.758Z"}
info: Server started at http://localhost:3000/api/ {"timestamp":"2024-04-21T08:36:01.586Z"}
info: Connected to the database. {"timestamp":"2024-04-21T08:36:01.604Z"}
info: Server started at http://localhost:3000/api/ {"timestamp":"2024-04-21T08:36:07.916Z"}
info: Connected to the database. {"timestamp":"2024-04-21T08:36:07.931Z"}
info: Server started at http://localhost:3000/api/ {"timestamp":"2024-04-21T08:37:00.203Z"}
info: Connected to the database. {"timestamp":"2024-04-21T08:37:00.219Z"}
info: Server started at http://localhost:3000/api/ {"timestamp":"2024-04-21T08:37:02.750Z"}
info: Connected to the database. {"timestamp":"2024-04-21T08:37:02.766Z"}
info: Server started at http://localhost:3000/api/ {"timestamp":"2024-04-21T08:37:15.680Z"}
info: Connected to the database. {"timestamp":"2024-04-21T08:37:15.701Z"}
info: Server started at http://localhost:3000/api/ {"timestamp":"2024-04-21T08:37:20.789Z"}
info: Connected to the database. {"timestamp":"2024-04-21T08:37:20.804Z"}
info: Server started at http://localhost:3000/api/ {"timestamp":"2024-04-21T08:37:23.329Z"}
info: Connected to the database. {"timestamp":"2024-04-21T08:37:23.344Z"}
info: Server started at http://localhost:3000/api/ {"timestamp":"2024-04-21T08:37:29.022Z"}
info: Connected to the database. {"timestamp":"2024-04-21T08:37:29.041Z"}
info: Server started at http://localhost:3000/api/ {"timestamp":"2024-04-21T08:37:31.307Z"}
info: Connected to the database. {"timestamp":"2024-04-21T08:37:31.322Z"}
info: Server started at http://localhost:3000/api/ {"timestamp":"2024-04-21T08:37:52.104Z"}
info: Connected to the database. {"timestamp":"2024-04-21T08:37:52.123Z"}
info: Server started at http://localhost:3000/api/ {"timestamp":"2024-04-21T08:37:56.215Z"}
info: Connected to the database. {"timestamp":"2024-04-21T08:37:56.233Z"}
info: Server started at http://localhost:3000/api/ {"timestamp":"2024-04-21T08:38:07.449Z"}
info: Connected to the database. {"timestamp":"2024-04-21T08:38:07.465Z"}
info: Server started at http://localhost:3000/api/ {"timestamp":"2024-04-21T08:38:12.639Z"}
info: Connected to the database. {"timestamp":"2024-04-21T08:38:12.656Z"}
info: Server started at http://localhost:3000/api/ {"timestamp":"2024-04-21T08:38:14.615Z"}
info: Connected to the database. {"timestamp":"2024-04-21T08:38:14.633Z"}
info: Server started at http://localhost:3000/api/ {"timestamp":"2024-04-21T08:38:17.675Z"}
info: Connected to the database. {"timestamp":"2024-04-21T08:38:17.691Z"}
info: Server started at http://localhost:3000/api/ {"timestamp":"2024-04-21T08:38:47.429Z"}
info: Connected to the database. {"timestamp":"2024-04-21T08:38:47.446Z"}
info: Server started at http://localhost:3000/api/ {"timestamp":"2024-04-21T08:38:51.117Z"}
info: Connected to the database. {"timestamp":"2024-04-21T08:38:51.135Z"}
info: Server started at http://localhost:3000/api/ {"timestamp":"2024-04-21T08:38:58.670Z"}
info: Connected to the database. {"timestamp":"2024-04-21T08:38:58.689Z"}
info: Server started at http://localhost:3000/api/ {"timestamp":"2024-04-21T08:39:14.114Z"}
info: Connected to the database. {"timestamp":"2024-04-21T08:39:14.130Z"}
info: Server started at http://localhost:3000/api/ {"timestamp":"2024-04-21T08:39:19.708Z"}
info: Connected to the database. {"timestamp":"2024-04-21T08:39:19.724Z"}
info: Server started at http://localhost:3000/api/ {"timestamp":"2024-04-21T08:41:50.995Z"}
info: Connected to the database. {"timestamp":"2024-04-21T08:41:51.015Z"}
info: Server started at http://localhost:3000/api/ {"timestamp":"2024-04-21T08:41:52.742Z"}
info: Connected to the database. {"timestamp":"2024-04-21T08:41:52.759Z"}
info: Server started at http://localhost:3000/api/ {"timestamp":"2024-04-21T08:41:55.029Z"}
info: Connected to the database. {"timestamp":"2024-04-21T08:41:55.045Z"}
info: Server started at http://localhost:3000/api/ {"timestamp":"2024-04-21T08:42:00.306Z"}
info: Connected to the database. {"timestamp":"2024-04-21T08:42:00.323Z"}
info: Server started at http://localhost:3000/api/ {"timestamp":"2024-04-21T08:42:33.057Z"}
info: Connected to the database. {"timestamp":"2024-04-21T08:42:33.072Z"}
info: Server started at http://localhost:3000/api/ {"timestamp":"2024-04-21T08:42:38.002Z"}
info: Connected to the database. {"timestamp":"2024-04-21T08:42:38.020Z"}
info: Server started at http://localhost:3000/api/ {"timestamp":"2024-04-21T08:42:41.259Z"}
info: Connected to the database. {"timestamp":"2024-04-21T08:42:41.278Z"}
info: Server started at http://localhost:3000/api/ {"timestamp":"2024-04-21T08:43:01.960Z"}
info: Connected to the database. {"timestamp":"2024-04-21T08:43:01.981Z"}
info: Server started at http://localhost:3000/api/ {"timestamp":"2024-04-21T08:43:03.915Z"}
info: Connected to the database. {"timestamp":"2024-04-21T08:43:03.933Z"}
info: Server started at http://localhost:3000/api/ {"timestamp":"2024-04-21T08:43:27.860Z"}
info: Connected to the database. {"timestamp":"2024-04-21T08:43:27.878Z"}
info: Server started at http://localhost:3000/api/ {"timestamp":"2024-04-21T08:44:48.795Z"}
info: Connected to the database. {"timestamp":"2024-04-21T08:44:48.814Z"}
error: 
    status - 500 
    message - ValidationError: "firstName" is not allowed 
    url - /api/users/login 
    method - POST 
    IP - ::1
   {"timestamp":"2024-04-21T08:45:24.510Z"}
info: Server started at http://localhost:3000/api/ {"timestamp":"2024-04-21T08:47:10.189Z"}
info: Connected to the database. {"timestamp":"2024-04-21T08:47:10.207Z"}
