info: Server started at http://localhost:3000/api/ {"timestamp":"2024-04-22T03:47:27.486Z"}
info: Connected to the database. {"timestamp":"2024-04-22T03:47:27.517Z"}
info: Server started at http://localhost:3000/api/ {"timestamp":"2024-04-22T03:48:13.954Z"}
info: Connected to the database. {"timestamp":"2024-04-22T03:48:13.986Z"}
info: Server started at http://localhost:3000/api/ {"timestamp":"2024-04-22T03:48:18.318Z"}
info: Connected to the database. {"timestamp":"2024-04-22T03:48:18.347Z"}
info: Server started at http://localhost:3000/api/ {"timestamp":"2024-04-22T03:48:22.392Z"}
info: Connected to the database. {"timestamp":"2024-04-22T03:48:22.423Z"}
info: Server started at http://localhost:3000/api/ {"timestamp":"2024-04-22T03:48:51.110Z"}
info: Connected to the database. {"timestamp":"2024-04-22T03:48:51.139Z"}
info: Server started at http://localhost:3000/api/ {"timestamp":"2024-04-22T05:58:04.931Z"}
info: Connected to the database. {"timestamp":"2024-04-22T05:58:04.959Z"}
info: Server started at http://localhost:3000/api/ {"timestamp":"2024-04-22T07:12:09.116Z"}
info: Connected to the database. {"timestamp":"2024-04-22T07:12:09.142Z"}
error: 
    status - 500 
    message - ValidationError: password must contain atleast 8 character with one special, number, upper & lowercase character 
    url - /api/users 
    method - POST 
    IP - ::1
   {"timestamp":"2024-04-22T07:13:18.617Z"}
info: Server started at http://localhost:3000/api/ {"timestamp":"2024-04-22T07:14:32.489Z"}
info: Connected to the database. {"timestamp":"2024-04-22T07:14:32.518Z"}
info: Server started at http://localhost:3000/api/ {"timestamp":"2024-04-22T07:14:37.538Z"}
info: Connected to the database. {"timestamp":"2024-04-22T07:14:37.567Z"}
info: Server started at http://localhost:3000/api/ {"timestamp":"2024-04-22T07:14:42.346Z"}
info: Connected to the database. {"timestamp":"2024-04-22T07:14:42.378Z"}
info: Server started at http://localhost:3000/api/ {"timestamp":"2024-04-22T07:15:19.287Z"}
info: Connected to the database. {"timestamp":"2024-04-22T07:15:19.320Z"}
info: Server started at http://localhost:3000/api/ {"timestamp":"2024-04-22T07:15:25.678Z"}
info: Connected to the database. {"timestamp":"2024-04-22T07:15:25.705Z"}
info: Server started at http://localhost:3000/api/ {"timestamp":"2024-04-22T07:16:42.602Z"}
info: Connected to the database. {"timestamp":"2024-04-22T07:16:42.623Z"}
info: Server started at http://localhost:3000/api/ {"timestamp":"2024-04-22T07:17:02.981Z"}
info: Connected to the database. {"timestamp":"2024-04-22T07:17:03.013Z"}
info: Server started at http://localhost:3000/api/ {"timestamp":"2024-04-22T07:17:31.498Z"}
info: Connected to the database. {"timestamp":"2024-04-22T07:17:31.528Z"}
info: Server started at http://localhost:3000/api/ {"timestamp":"2024-04-22T07:37:42.725Z"}
info: Connected to the database. {"timestamp":"2024-04-22T07:37:42.748Z"}
info: Server started at http://localhost:3000/api/ {"timestamp":"2024-04-22T07:45:19.648Z"}
info: Connected to the database. {"timestamp":"2024-04-22T07:45:19.694Z"}
info: Server started at http://localhost:3000/api/ {"timestamp":"2024-04-22T07:46:13.731Z"}
info: Connected to the database. {"timestamp":"2024-04-22T07:46:13.762Z"}
info: Server started at http://localhost:3000/api/ {"timestamp":"2024-04-22T07:46:18.711Z"}
info: Connected to the database. {"timestamp":"2024-04-22T07:46:18.735Z"}
info: Server started at http://localhost:3000/api/ {"timestamp":"2024-04-22T07:46:29.422Z"}
info: Connected to the database. {"timestamp":"2024-04-22T07:46:29.446Z"}
info: Server started at http://localhost:3000/api/ {"timestamp":"2024-04-22T07:46:36.709Z"}
info: Connected to the database. {"timestamp":"2024-04-22T07:46:36.740Z"}
info: Server started at http://localhost:3000/api/ {"timestamp":"2024-04-22T07:51:30.136Z"}
info: Connected to the database. {"timestamp":"2024-04-22T07:51:30.162Z"}
info: Server started at http://localhost:3000/api/ {"timestamp":"2024-04-22T07:52:19.360Z"}
info: Connected to the database. {"timestamp":"2024-04-22T07:52:19.387Z"}
info: Server started at http://localhost:3000/api/ {"timestamp":"2024-04-22T07:52:52.206Z"}
info: Connected to the database. {"timestamp":"2024-04-22T07:52:52.250Z"}
info: Server started at http://localhost:3000/api/ {"timestamp":"2024-04-22T07:52:55.180Z"}
info: Connected to the database. {"timestamp":"2024-04-22T07:52:55.226Z"}
info: Server started at http://localhost:3000/api/ {"timestamp":"2024-04-22T07:53:04.377Z"}
info: Connected to the database. {"timestamp":"2024-04-22T07:53:04.408Z"}
info: Server started at http://localhost:3000/api/ {"timestamp":"2024-04-22T07:53:23.821Z"}
info: Connected to the database. {"timestamp":"2024-04-22T07:53:23.851Z"}
info: Server started at http://localhost:3000/api/ {"timestamp":"2024-04-22T07:53:37.688Z"}
info: Connected to the database. {"timestamp":"2024-04-22T07:53:37.719Z"}
info: Server started at http://localhost:3000/api/ {"timestamp":"2024-04-22T07:53:41.986Z"}
info: Connected to the database. {"timestamp":"2024-04-22T07:53:42.015Z"}
info: Server started at http://localhost:3000/api/ {"timestamp":"2024-04-22T07:53:48.641Z"}
info: Connected to the database. {"timestamp":"2024-04-22T07:53:48.677Z"}
info: Server started at http://localhost:3000/api/ {"timestamp":"2024-04-22T07:53:51.978Z"}
info: Connected to the database. {"timestamp":"2024-04-22T07:53:52.007Z"}
info: Server started at http://localhost:3000/api/ {"timestamp":"2024-04-22T07:54:14.736Z"}
info: Connected to the database. {"timestamp":"2024-04-22T07:54:14.764Z"}
info: Server started at http://localhost:3000/api/ {"timestamp":"2024-04-22T07:55:16.860Z"}
info: Connected to the database. {"timestamp":"2024-04-22T07:55:16.893Z"}
info: Server started at http://localhost:3000/api/ {"timestamp":"2024-04-22T07:55:24.881Z"}
info: Connected to the database. {"timestamp":"2024-04-22T07:55:24.916Z"}
info: Server started at http://localhost:3000/api/ {"timestamp":"2024-04-22T07:55:40.191Z"}
info: Connected to the database. {"timestamp":"2024-04-22T07:55:40.221Z"}
info: Server started at http://localhost:3000/api/ {"timestamp":"2024-04-22T07:55:46.432Z"}
info: Connected to the database. {"timestamp":"2024-04-22T07:55:46.457Z"}
info: Server started at http://localhost:3000/api/ {"timestamp":"2024-04-22T07:55:57.341Z"}
info: Connected to the database. {"timestamp":"2024-04-22T07:55:57.371Z"}
info: Server started at http://localhost:3000/api/ {"timestamp":"2024-04-22T07:56:01.095Z"}
info: Connected to the database. {"timestamp":"2024-04-22T07:56:01.129Z"}
info: Server started at http://localhost:3000/api/ {"timestamp":"2024-04-22T07:56:19.896Z"}
info: Connected to the database. {"timestamp":"2024-04-22T07:56:19.916Z"}
info: Server started at http://localhost:3000/api/ {"timestamp":"2024-04-22T07:56:40.948Z"}
info: Connected to the database. {"timestamp":"2024-04-22T07:56:40.975Z"}
info: Server started at http://localhost:3000/api/ {"timestamp":"2024-04-22T07:57:10.076Z"}
info: Connected to the database. {"timestamp":"2024-04-22T07:57:10.112Z"}
info: Server started at http://localhost:3000/api/ {"timestamp":"2024-04-22T07:57:14.279Z"}
info: Connected to the database. {"timestamp":"2024-04-22T07:57:14.308Z"}
info: Server started at http://localhost:3000/api/ {"timestamp":"2024-04-22T07:59:53.974Z"}
info: Connected to the database. {"timestamp":"2024-04-22T07:59:53.996Z"}
