[2024-05-20T05:54:54.817Z] [32minfo[39m: Admin Connecting
[2024-05-20T05:54:54.819Z] [32minfo[39m: Admin Connected Successfully
[2024-05-20T05:54:54.829Z] [32minfo[39m: Server started at http://localhost:3000/api/
[2024-05-20T05:54:54.875Z] [32minfo[39m: Connected to the database.
[2024-05-20T05:54:54.957Z] [32minfo[39m: Topics Created Successfully
[2024-05-20T05:54:54.958Z] [32minfo[39m: Admin Disconnecting...
[2024-05-20T05:57:47.755Z] [32minfo[39m: Connecting Producer
[2024-05-20T05:57:47.767Z] [32minfo[39m: Producer Connected Successfully
[2024-05-20T05:57:48.076Z] [32minfo[39m: Disconnecting Producer...
[2024-05-20T06:01:09.484Z] [32minfo[39m: Admin Connecting
[2024-05-20T06:01:09.487Z] [32minfo[39m: Admin Connected Successfully
[2024-05-20T06:01:09.497Z] [32minfo[39m: Server started at http://localhost:3000/api/
[2024-05-20T06:01:09.536Z] [32minfo[39m: Connected to the database.
[2024-05-20T06:01:09.551Z] [32minfo[39m: Topics Created Successfully
[2024-05-20T06:01:09.551Z] [32minfo[39m: Admin Disconnecting...
[2024-05-20T06:01:58.848Z] [32minfo[39m: Admin Connecting
[2024-05-20T06:01:58.851Z] [32minfo[39m: Admin Connected Successfully
[2024-05-20T06:01:58.862Z] [32minfo[39m: Server started at http://localhost:3000/api/
[2024-05-20T06:01:58.902Z] [32minfo[39m: Connected to the database.
[2024-05-20T06:01:58.915Z] [32minfo[39m: Topics Created Successfully
[2024-05-20T06:01:58.916Z] [32minfo[39m: Admin Disconnecting...
[2024-05-20T06:02:11.625Z] [32minfo[39m: Admin Connecting
[2024-05-20T06:02:11.628Z] [32minfo[39m: Admin Connected Successfully
[2024-05-20T06:02:11.641Z] [32minfo[39m: Server started at http://localhost:3000/api/
[2024-05-20T06:02:11.690Z] [32minfo[39m: Connected to the database.
[2024-05-20T06:02:11.705Z] [32minfo[39m: Topics Created Successfully
[2024-05-20T06:02:11.706Z] [32minfo[39m: Admin Disconnecting...
[2024-05-20T06:02:16.950Z] [32minfo[39m: Admin Connecting
[2024-05-20T06:02:16.954Z] [32minfo[39m: Admin Connected Successfully
[2024-05-20T06:02:16.962Z] [32minfo[39m: Server started at http://localhost:3000/api/
[2024-05-20T06:02:17.004Z] [32minfo[39m: Connected to the database.
[2024-05-20T06:02:17.019Z] [32minfo[39m: Topics Created Successfully
[2024-05-20T06:02:17.020Z] [32minfo[39m: Admin Disconnecting...
[2024-05-20T06:02:21.386Z] [32minfo[39m: Admin Connecting
[2024-05-20T06:02:21.389Z] [32minfo[39m: Admin Connected Successfully
[2024-05-20T06:02:21.396Z] [32minfo[39m: Server started at http://localhost:3000/api/
[2024-05-20T06:02:21.443Z] [32minfo[39m: Connected to the database.
[2024-05-20T06:02:21.462Z] [32minfo[39m: Topics Created Successfully
[2024-05-20T06:02:21.463Z] [32minfo[39m: Admin Disconnecting...
[2024-05-20T06:02:27.947Z] [32minfo[39m: Admin Connecting
[2024-05-20T06:02:27.950Z] [32minfo[39m: Admin Connected Successfully
[2024-05-20T06:02:27.955Z] [32minfo[39m: Server started at http://localhost:3000/api/
[2024-05-20T06:02:27.996Z] [32minfo[39m: Connected to the database.
[2024-05-20T06:02:28.016Z] [32minfo[39m: Topics Created Successfully
[2024-05-20T06:02:28.017Z] [32minfo[39m: Admin Disconnecting...
[2024-05-20T06:02:37.308Z] [32minfo[39m: Admin Connecting
[2024-05-20T06:02:37.310Z] [32minfo[39m: Admin Connected Successfully
[2024-05-20T06:02:37.315Z] [32minfo[39m: Server started at http://localhost:3000/api/
[2024-05-20T06:02:37.353Z] [32minfo[39m: Connected to the database.
[2024-05-20T06:02:37.366Z] [32minfo[39m: Topics Created Successfully
[2024-05-20T06:02:37.367Z] [32minfo[39m: Admin Disconnecting...
[2024-05-20T06:06:15.917Z] [32minfo[39m: Admin Connecting
[2024-05-20T06:06:15.919Z] [32minfo[39m: Admin Connected Successfully
[2024-05-20T06:06:15.929Z] [32minfo[39m: Server started at http://localhost:3000/api/
[2024-05-20T06:06:15.966Z] [32minfo[39m: Connected to the database.
[2024-05-20T06:06:15.978Z] [32minfo[39m: Topics Created Successfully
[2024-05-20T06:06:15.979Z] [32minfo[39m: Admin Disconnecting...
[2024-05-20T06:06:21.158Z] [32minfo[39m: Connecting Producer
[2024-05-20T06:06:21.168Z] [32minfo[39m: Producer Connected Successfully
[2024-05-20T06:06:21.211Z] [32minfo[39m: Disconnecting Producer...
[2024-05-20T06:06:21.253Z] [32minfo[39m: 
[2024-05-20T06:06:21.449Z] [32minfo[39m: [User-Register] : PART:0: {"firstName":"Dinesh","lastName":"Kartik","email":"dinesh@email.com","password":"Dinesh@123"}
[2024-05-20T06:07:26.052Z] [32minfo[39m: Admin Connecting
[2024-05-20T06:07:26.054Z] [32minfo[39m: Admin Connected Successfully
[2024-05-20T06:07:26.064Z] [32minfo[39m: Server started at http://localhost:3000/api/
[2024-05-20T06:07:26.099Z] [32minfo[39m: Connected to the database.
[2024-05-20T06:07:26.114Z] [32minfo[39m: Topics Created Successfully
[2024-05-20T06:07:26.115Z] [32minfo[39m: Admin Disconnecting...
[2024-05-20T06:07:34.467Z] [32minfo[39m: Connecting Producer
[2024-05-20T06:07:34.475Z] [32minfo[39m: Producer Connected Successfully
[2024-05-20T06:07:34.510Z] [32minfo[39m: Disconnecting Producer...
[2024-05-20T06:07:51.762Z] [32minfo[39m: 
[2024-05-20T06:08:35.134Z] [32minfo[39m: Admin Connecting
[2024-05-20T06:08:35.137Z] [32minfo[39m: Admin Connected Successfully
[2024-05-20T06:08:35.146Z] [32minfo[39m: Server started at http://localhost:3000/api/
[2024-05-20T06:08:35.182Z] [32minfo[39m: Connected to the database.
[2024-05-20T06:08:35.198Z] [32minfo[39m: Topics Created Successfully
[2024-05-20T06:08:35.199Z] [32minfo[39m: Admin Disconnecting...
[2024-05-20T06:08:41.029Z] [32minfo[39m: Connecting Producer
[2024-05-20T06:08:41.041Z] [32minfo[39m: Producer Connected Successfully
[2024-05-20T06:08:41.088Z] [32minfo[39m: Disconnecting Producer...
[2024-05-20T06:08:56.911Z] [32minfo[39m: 
[2024-05-20T06:10:19.001Z] [32minfo[39m: Admin Connecting
[2024-05-20T06:10:19.004Z] [32minfo[39m: Admin Connected Successfully
[2024-05-20T06:10:19.013Z] [32minfo[39m: Server started at http://localhost:3000/api/
[2024-05-20T06:10:19.043Z] [32minfo[39m: Connected to the database.
[2024-05-20T06:10:19.056Z] [32minfo[39m: Topics Created Successfully
[2024-05-20T06:10:19.057Z] [32minfo[39m: Admin Disconnecting...
[2024-05-20T06:10:28.640Z] [32minfo[39m: Connecting Producer
[2024-05-20T06:10:28.648Z] [32minfo[39m: Producer Connected Successfully
[2024-05-20T06:10:28.677Z] [32minfo[39m: Disconnecting Producer...
[2024-05-20T06:10:42.150Z] [32minfo[39m: 
[2024-05-20T06:11:15.676Z] [32minfo[39m: Admin Connecting
[2024-05-20T06:11:15.679Z] [32minfo[39m: Admin Connected Successfully
[2024-05-20T06:11:15.689Z] [32minfo[39m: Server started at http://localhost:3000/api/
[2024-05-20T06:11:15.725Z] [32minfo[39m: Connected to the database.
[2024-05-20T06:11:15.738Z] [32minfo[39m: Topics Created Successfully
[2024-05-20T06:11:15.738Z] [32minfo[39m: Admin Disconnecting...
[2024-05-20T06:11:23.628Z] [32minfo[39m: Admin Connecting
[2024-05-20T06:11:23.631Z] [32minfo[39m: Admin Connected Successfully
[2024-05-20T06:11:23.641Z] [32minfo[39m: Server started at http://localhost:3000/api/
[2024-05-20T06:11:23.677Z] [32minfo[39m: Connected to the database.
[2024-05-20T06:11:23.690Z] [32minfo[39m: Topics Created Successfully
[2024-05-20T06:11:23.691Z] [32minfo[39m: Admin Disconnecting...
[2024-05-20T06:11:31.570Z] [32minfo[39m: Connecting Producer
[2024-05-20T06:11:31.573Z] [32minfo[39m: Producer Connected Successfully
[2024-05-20T06:11:31.595Z] [32minfo[39m: Disconnecting Producer...
[2024-05-20T06:11:37.278Z] [32minfo[39m: 
[2024-05-20T06:13:16.409Z] [32minfo[39m: Admin Connecting
[2024-05-20T06:13:16.412Z] [32minfo[39m: Admin Connected Successfully
[2024-05-20T06:13:16.422Z] [32minfo[39m: Server started at http://localhost:3000/api/
[2024-05-20T06:13:16.461Z] [32minfo[39m: Connected to the database.
[2024-05-20T06:13:16.476Z] [32minfo[39m: Topics Created Successfully
[2024-05-20T06:13:16.476Z] [32minfo[39m: Admin Disconnecting...
[2024-05-20T06:13:21.601Z] [32minfo[39m: Admin Connecting
[2024-05-20T06:13:21.604Z] [32minfo[39m: Admin Connected Successfully
[2024-05-20T06:13:21.614Z] [32minfo[39m: Server started at http://localhost:3000/api/
[2024-05-20T06:13:21.648Z] [32minfo[39m: Connected to the database.
[2024-05-20T06:13:21.661Z] [32minfo[39m: Topics Created Successfully
[2024-05-20T06:13:21.662Z] [32minfo[39m: Admin Disconnecting...
[2024-05-20T06:13:47.146Z] [32minfo[39m: Admin Connecting
[2024-05-20T06:13:47.149Z] [32minfo[39m: Admin Connected Successfully
[2024-05-20T06:13:47.158Z] [32minfo[39m: Server started at http://localhost:3000/api/
[2024-05-20T06:13:47.196Z] [32minfo[39m: Connected to the database.
[2024-05-20T06:13:47.212Z] [32minfo[39m: Topics Created Successfully
[2024-05-20T06:13:47.212Z] [32minfo[39m: Admin Disconnecting...
[2024-05-20T06:13:56.499Z] [32minfo[39m: Connecting Producer
[2024-05-20T06:13:56.503Z] [32minfo[39m: Producer Connected Successfully
[2024-05-20T06:13:56.532Z] [32minfo[39m: Disconnecting Producer...
[2024-05-20T06:14:47.254Z] [32minfo[39m: Admin Connecting
[2024-05-20T06:14:47.256Z] [32minfo[39m: Admin Connected Successfully
[2024-05-20T06:14:47.266Z] [32minfo[39m: Server started at http://localhost:3000/api/
[2024-05-20T06:14:47.300Z] [32minfo[39m: Connected to the database.
[2024-05-20T06:14:47.315Z] [32minfo[39m: Topics Created Successfully
[2024-05-20T06:14:47.316Z] [32minfo[39m: Admin Disconnecting...
[2024-05-20T06:14:57.345Z] [32minfo[39m: Connecting Producer
[2024-05-20T06:14:57.348Z] [32minfo[39m: Producer Connected Successfully
[2024-05-20T06:14:57.370Z] [32minfo[39m: Disconnecting Producer...
[2024-05-20T06:15:42.380Z] [32minfo[39m: Connecting Producer
[2024-05-20T06:15:42.383Z] [32minfo[39m: Producer Connected Successfully
[2024-05-20T06:15:42.389Z] [32minfo[39m: Disconnecting Producer...
[2024-05-20T06:16:14.768Z] [32minfo[39m: Admin Connecting
[2024-05-20T06:16:14.770Z] [32minfo[39m: Admin Connected Successfully
[2024-05-20T06:16:14.779Z] [32minfo[39m: Server started at http://localhost:3000/api/
[2024-05-20T06:16:14.813Z] [32minfo[39m: Connected to the database.
[2024-05-20T06:16:14.829Z] [32minfo[39m: Topics Created Successfully
[2024-05-20T06:16:14.830Z] [32minfo[39m: Admin Disconnecting...
[2024-05-20T06:16:20.043Z] [32minfo[39m: Connecting Producer
[2024-05-20T06:16:20.046Z] [32minfo[39m: Producer Connected Successfully
[2024-05-20T06:16:20.069Z] [32minfo[39m: Disconnecting Producer...
[2024-05-20T06:17:32.784Z] [32minfo[39m: Admin Connecting
[2024-05-20T06:17:32.787Z] [32minfo[39m: Admin Connected Successfully
[2024-05-20T06:17:32.798Z] [32minfo[39m: Server started at http://localhost:3000/api/
[2024-05-20T06:17:32.836Z] [32minfo[39m: Connected to the database.
[2024-05-20T06:17:32.850Z] [32minfo[39m: Topics Created Successfully
[2024-05-20T06:17:32.851Z] [32minfo[39m: Admin Disconnecting...
[2024-05-20T06:17:40.718Z] [32minfo[39m: Connecting Producer
[2024-05-20T06:17:40.721Z] [32minfo[39m: Producer Connected Successfully
[2024-05-20T06:17:40.749Z] [32minfo[39m: Disconnecting Producer...
[2024-05-20T06:19:36.483Z] [32minfo[39m: Admin Connecting
[2024-05-20T06:19:36.486Z] [32minfo[39m: Admin Connected Successfully
[2024-05-20T06:19:36.496Z] [32minfo[39m: Server started at http://localhost:3000/api/
[2024-05-20T06:19:36.530Z] [32minfo[39m: Connected to the database.
[2024-05-20T06:19:36.545Z] [32minfo[39m: Topics Created Successfully
[2024-05-20T06:19:36.546Z] [32minfo[39m: Admin Disconnecting...
[2024-05-20T06:20:13.390Z] [32minfo[39m: Admin Connecting
[2024-05-20T06:20:13.392Z] [32minfo[39m: Admin Connected Successfully
[2024-05-20T06:20:13.403Z] [32minfo[39m: Server started at http://localhost:3000/api/
[2024-05-20T06:20:13.438Z] [32minfo[39m: Connected to the database.
[2024-05-20T06:20:13.450Z] [32minfo[39m: Topics Created Successfully
[2024-05-20T06:20:13.451Z] [32minfo[39m: Admin Disconnecting...
[2024-05-20T06:20:25.672Z] [32minfo[39m: Admin Connecting
[2024-05-20T06:20:25.675Z] [32minfo[39m: Admin Connected Successfully
[2024-05-20T06:20:25.684Z] [32minfo[39m: Server started at http://localhost:3000/api/
[2024-05-20T06:20:25.720Z] [32minfo[39m: Connected to the database.
[2024-05-20T06:20:25.735Z] [32minfo[39m: Topics Created Successfully
[2024-05-20T06:20:25.735Z] [32minfo[39m: Admin Disconnecting...
[2024-05-20T06:20:32.337Z] [32minfo[39m: Connecting Producer
[2024-05-20T06:20:32.340Z] [32minfo[39m: Producer Connected Successfully
[2024-05-20T06:20:32.365Z] [32minfo[39m: Disconnecting Producer...
[2024-05-20T06:21:55.782Z] [32minfo[39m: Admin Connecting
[2024-05-20T06:21:55.785Z] [32minfo[39m: Admin Connected Successfully
[2024-05-20T06:21:55.795Z] [32minfo[39m: Server started at http://localhost:3000/api/
[2024-05-20T06:21:55.829Z] [32minfo[39m: Connected to the database.
[2024-05-20T06:21:55.841Z] [32minfo[39m: Topics Created Successfully
[2024-05-20T06:21:55.842Z] [32minfo[39m: Admin Disconnecting...
[2024-05-20T06:22:02.106Z] [32minfo[39m: Connecting Producer
[2024-05-20T06:22:02.108Z] [32minfo[39m: Producer Connected Successfully
[2024-05-20T06:22:02.130Z] [32minfo[39m: Disconnecting Producer...
[2024-05-20T06:22:44.191Z] [32minfo[39m: Admin Connecting
[2024-05-20T06:22:44.194Z] [32minfo[39m: Admin Connected Successfully
[2024-05-20T06:22:44.203Z] [32minfo[39m: Server started at http://localhost:3000/api/
[2024-05-20T06:22:44.239Z] [32minfo[39m: Connected to the database.
[2024-05-20T06:22:44.253Z] [32minfo[39m: Topics Created Successfully
[2024-05-20T06:22:44.254Z] [32minfo[39m: Admin Disconnecting...
[2024-05-20T06:22:46.613Z] [32minfo[39m: Connecting Producer
[2024-05-20T06:22:46.616Z] [32minfo[39m: Producer Connected Successfully
[2024-05-20T06:22:46.639Z] [32minfo[39m: Disconnecting Producer...
[2024-05-20T06:24:06.804Z] [32minfo[39m: Admin Connecting
[2024-05-20T06:24:06.807Z] [32minfo[39m: Admin Connected Successfully
[2024-05-20T06:24:06.823Z] [32minfo[39m: Server started at http://localhost:3000/api/
[2024-05-20T06:24:09.745Z] [32minfo[39m: Admin Connecting
[2024-05-20T06:24:09.747Z] [32minfo[39m: Admin Connected Successfully
[2024-05-20T06:24:09.758Z] [32minfo[39m: Server started at http://localhost:3000/api/
[2024-05-20T06:24:09.791Z] [32minfo[39m: Connected to the database.
[2024-05-20T06:24:09.803Z] [32minfo[39m: Topics Created Successfully
[2024-05-20T06:24:09.804Z] [32minfo[39m: Admin Disconnecting...
[2024-05-20T06:24:16.927Z] [32minfo[39m: Connecting Producer
[2024-05-20T06:24:16.930Z] [32minfo[39m: Producer Connected Successfully
[2024-05-20T06:24:16.959Z] [32minfo[39m: Disconnecting Producer...
[2024-05-20T06:25:06.512Z] [32minfo[39m: Admin Connecting
[2024-05-20T06:25:06.515Z] [32minfo[39m: Admin Connected Successfully
[2024-05-20T06:25:06.525Z] [32minfo[39m: Server started at http://localhost:3000/api/
[2024-05-20T06:25:06.561Z] [32minfo[39m: Connected to the database.
[2024-05-20T06:25:06.575Z] [32minfo[39m: Topics Created Successfully
[2024-05-20T06:25:06.575Z] [32minfo[39m: Admin Disconnecting...
[2024-05-20T06:25:16.968Z] [32minfo[39m: Admin Connecting
[2024-05-20T06:25:16.971Z] [32minfo[39m: Admin Connected Successfully
[2024-05-20T06:25:16.983Z] [32minfo[39m: Server started at http://localhost:3000/api/
[2024-05-20T06:25:17.025Z] [32minfo[39m: Connected to the database.
[2024-05-20T06:25:17.040Z] [32minfo[39m: Topics Created Successfully
[2024-05-20T06:25:17.041Z] [32minfo[39m: Admin Disconnecting...
[2024-05-20T06:25:20.523Z] [32minfo[39m: Admin Connecting
[2024-05-20T06:25:20.525Z] [32minfo[39m: Admin Connected Successfully
[2024-05-20T06:25:20.534Z] [32minfo[39m: Server started at http://localhost:3000/api/
[2024-05-20T06:25:20.571Z] [32minfo[39m: Connected to the database.
[2024-05-20T06:25:20.586Z] [32minfo[39m: Topics Created Successfully
[2024-05-20T06:25:20.587Z] [32minfo[39m: Admin Disconnecting...
[2024-05-20T06:25:27.259Z] [32minfo[39m: Admin Connecting
[2024-05-20T06:25:27.261Z] [32minfo[39m: Admin Connected Successfully
[2024-05-20T06:25:27.275Z] [32minfo[39m: Server started at http://localhost:3000/api/
[2024-05-20T06:25:27.311Z] [32minfo[39m: Connected to the database.
[2024-05-20T06:25:27.323Z] [32minfo[39m: Topics Created Successfully
[2024-05-20T06:25:27.323Z] [32minfo[39m: Admin Disconnecting...
[2024-05-20T06:25:29.910Z] [32minfo[39m: Connecting Producer
[2024-05-20T06:25:29.913Z] [32minfo[39m: Producer Connected Successfully
[2024-05-20T06:25:29.941Z] [32minfo[39m: Disconnecting Producer...
[2024-05-20T06:25:47.092Z] [32minfo[39m: Admin Connecting
[2024-05-20T06:25:47.094Z] [32minfo[39m: Admin Connected Successfully
[2024-05-20T06:25:47.105Z] [32minfo[39m: Server started at http://localhost:3000/api/
[2024-05-20T06:25:47.142Z] [32minfo[39m: Connected to the database.
[2024-05-20T06:25:47.154Z] [32minfo[39m: Topics Created Successfully
[2024-05-20T06:25:47.155Z] [32minfo[39m: Admin Disconnecting...
[2024-05-20T06:25:51.579Z] [32minfo[39m: Admin Connecting
[2024-05-20T06:25:51.581Z] [32minfo[39m: Admin Connected Successfully
[2024-05-20T06:25:51.591Z] [32minfo[39m: Server started at http://localhost:3000/api/
[2024-05-20T06:25:51.628Z] [32minfo[39m: Connected to the database.
[2024-05-20T06:25:51.643Z] [32minfo[39m: Topics Created Successfully
[2024-05-20T06:25:51.644Z] [32minfo[39m: Admin Disconnecting...
[2024-05-20T06:25:56.128Z] [32minfo[39m: Admin Connecting
[2024-05-20T06:25:56.131Z] [32minfo[39m: Admin Connected Successfully
[2024-05-20T06:25:56.143Z] [32minfo[39m: Server started at http://localhost:3000/api/
[2024-05-20T06:25:56.183Z] [32minfo[39m: Connected to the database.
[2024-05-20T06:25:56.199Z] [32minfo[39m: Topics Created Successfully
[2024-05-20T06:25:56.200Z] [32minfo[39m: Admin Disconnecting...
[2024-05-20T06:26:11.547Z] [32minfo[39m: Admin Connecting
[2024-05-20T06:26:11.549Z] [32minfo[39m: Admin Connected Successfully
[2024-05-20T06:26:11.566Z] [32minfo[39m: Server started at http://localhost:3000/api/
[2024-05-20T06:26:11.606Z] [32minfo[39m: Connected to the database.
[2024-05-20T06:26:11.623Z] [32minfo[39m: Topics Created Successfully
[2024-05-20T06:26:11.624Z] [32minfo[39m: Admin Disconnecting...
[2024-05-20T06:26:21.831Z] [32minfo[39m: Admin Connecting
[2024-05-20T06:26:21.833Z] [32minfo[39m: Admin Connected Successfully
[2024-05-20T06:26:21.846Z] [32minfo[39m: Server started at http://localhost:3000/api/
[2024-05-20T06:26:21.885Z] [32minfo[39m: Connected to the database.
[2024-05-20T06:26:21.897Z] [32minfo[39m: Topics Created Successfully
[2024-05-20T06:26:21.898Z] [32minfo[39m: Admin Disconnecting...
[2024-05-20T06:26:30.326Z] [32minfo[39m: Admin Connecting
[2024-05-20T06:26:30.329Z] [32minfo[39m: Admin Connected Successfully
[2024-05-20T06:26:30.342Z] [32minfo[39m: Server started at http://localhost:3000/api/
[2024-05-20T06:26:30.374Z] [32minfo[39m: Connected to the database.
[2024-05-20T06:26:30.389Z] [32minfo[39m: Topics Created Successfully
[2024-05-20T06:26:30.390Z] [32minfo[39m: Admin Disconnecting...
[2024-05-20T06:26:34.182Z] [32minfo[39m: Connecting Producer
[2024-05-20T06:26:34.186Z] [32minfo[39m: Producer Connected Successfully
[2024-05-20T06:26:34.207Z] [32minfo[39m: Disconnecting Producer...
[2024-05-20T06:26:54.227Z] [32minfo[39m: Admin Connecting
[2024-05-20T06:26:54.229Z] [32minfo[39m: Admin Connected Successfully
[2024-05-20T06:26:54.234Z] [32minfo[39m: Server started at http://localhost:3000/api/
[2024-05-20T06:26:54.268Z] [32minfo[39m: Connected to the database.
[2024-05-20T06:26:54.281Z] [32minfo[39m: Topics Created Successfully
[2024-05-20T06:26:54.281Z] [32minfo[39m: Admin Disconnecting...
[2024-05-20T06:27:00.711Z] [32minfo[39m: Connecting Producer
[2024-05-20T06:27:00.714Z] [32minfo[39m: Producer Connected Successfully
[2024-05-20T06:27:00.739Z] [32minfo[39m: Disconnecting Producer...
[2024-05-20T06:27:33.304Z] [32minfo[39m: Admin Connecting
[2024-05-20T06:27:33.306Z] [32minfo[39m: Admin Connected Successfully
[2024-05-20T06:27:33.316Z] [32minfo[39m: Server started at http://localhost:3000/api/
[2024-05-20T06:27:33.349Z] [32minfo[39m: Connected to the database.
[2024-05-20T06:27:33.366Z] [32minfo[39m: Topics Created Successfully
[2024-05-20T06:27:33.367Z] [32minfo[39m: Admin Disconnecting...
[2024-05-20T06:27:46.314Z] [32minfo[39m: Admin Connecting
[2024-05-20T06:27:46.317Z] [32minfo[39m: Admin Connected Successfully
[2024-05-20T06:27:46.328Z] [32minfo[39m: Server started at http://localhost:3000/api/
[2024-05-20T06:27:46.361Z] [32minfo[39m: Connected to the database.
[2024-05-20T06:27:46.374Z] [32minfo[39m: Topics Created Successfully
[2024-05-20T06:27:46.374Z] [32minfo[39m: Admin Disconnecting...
[2024-05-20T06:27:51.367Z] [32minfo[39m: Connecting Producer
[2024-05-20T06:27:51.369Z] [32minfo[39m: Producer Connected Successfully
[2024-05-20T06:27:51.389Z] [32minfo[39m: Disconnecting Producer...
[2024-05-20T06:28:28.240Z] [32minfo[39m: Admin Connecting
[2024-05-20T06:28:28.243Z] [32minfo[39m: Admin Connected Successfully
[2024-05-20T06:28:28.257Z] [32minfo[39m: Server started at http://localhost:3000/api/
[2024-05-20T06:28:28.293Z] [32minfo[39m: Connected to the database.
[2024-05-20T06:28:28.306Z] [32minfo[39m: Topics Created Successfully
[2024-05-20T06:28:28.307Z] [32minfo[39m: Admin Disconnecting...
[2024-05-20T06:28:32.489Z] [32minfo[39m: Connecting Producer
[2024-05-20T06:28:32.492Z] [32minfo[39m: Producer Connected Successfully
[2024-05-20T06:28:32.512Z] [32minfo[39m: Disconnecting Producer...
[2024-05-20T06:29:24.863Z] [32minfo[39m: Admin Connecting
[2024-05-20T06:29:24.865Z] [32minfo[39m: Admin Connected Successfully
[2024-05-20T06:29:24.875Z] [32minfo[39m: Server started at http://localhost:3000/api/
[2024-05-20T06:29:24.910Z] [32minfo[39m: Connected to the database.
[2024-05-20T06:29:24.925Z] [32minfo[39m: Topics Created Successfully
[2024-05-20T06:29:24.926Z] [32minfo[39m: Admin Disconnecting...
[2024-05-20T06:29:29.438Z] [32minfo[39m: Connecting Producer
[2024-05-20T06:29:29.441Z] [32minfo[39m: Producer Connected Successfully
[2024-05-20T06:29:29.459Z] [32minfo[39m: Disconnecting Producer...
[2024-05-20T06:35:43.120Z] [32minfo[39m: Admin Connecting
[2024-05-20T06:35:43.122Z] [32minfo[39m: Admin Connected Successfully
[2024-05-20T06:35:43.133Z] [32minfo[39m: Server started at http://localhost:3000/api/
[2024-05-20T06:35:43.171Z] [32minfo[39m: Connected to the database.
[2024-05-20T06:35:43.186Z] [32minfo[39m: Topics Created Successfully
[2024-05-20T06:35:43.187Z] [32minfo[39m: Admin Disconnecting...
[2024-05-20T06:35:57.360Z] [32minfo[39m: Admin Connecting
[2024-05-20T06:35:57.362Z] [32minfo[39m: Admin Connected Successfully
[2024-05-20T06:35:57.373Z] [32minfo[39m: Server started at http://localhost:3000/api/
[2024-05-20T06:35:57.410Z] [32minfo[39m: Connected to the database.
[2024-05-20T06:35:57.426Z] [32minfo[39m: Topics Created Successfully
[2024-05-20T06:35:57.427Z] [32minfo[39m: Admin Disconnecting...
[2024-05-20T06:36:20.037Z] [32minfo[39m: Admin Connecting
[2024-05-20T06:36:20.040Z] [32minfo[39m: Admin Connected Successfully
[2024-05-20T06:36:20.055Z] [32minfo[39m: Server started at http://localhost:3000/api/
[2024-05-20T06:36:20.090Z] [32minfo[39m: Connected to the database.
[2024-05-20T06:36:20.106Z] [32minfo[39m: Topics Created Successfully
[2024-05-20T06:36:20.107Z] [32minfo[39m: Admin Disconnecting...
[2024-05-20T06:36:28.300Z] [32minfo[39m: Admin Connecting
[2024-05-20T06:36:28.303Z] [32minfo[39m: Admin Connected Successfully
[2024-05-20T06:36:28.314Z] [32minfo[39m: Server started at http://localhost:3000/api/
[2024-05-20T06:36:28.349Z] [32minfo[39m: Connected to the database.
[2024-05-20T06:36:28.363Z] [32minfo[39m: Topics Created Successfully
[2024-05-20T06:36:28.364Z] [32minfo[39m: Admin Disconnecting...
[2024-05-20T06:36:35.755Z] [32minfo[39m: Admin Connecting
[2024-05-20T06:36:35.758Z] [32minfo[39m: Admin Connected Successfully
[2024-05-20T06:36:35.769Z] [32minfo[39m: Server started at http://localhost:3000/api/
[2024-05-20T06:36:35.804Z] [32minfo[39m: Connected to the database.
[2024-05-20T06:36:35.820Z] [32minfo[39m: Topics Created Successfully
[2024-05-20T06:36:35.821Z] [32minfo[39m: Admin Disconnecting...
[2024-05-20T06:40:10.601Z] [32minfo[39m: Connecting Producer
[2024-05-20T06:40:10.604Z] [32minfo[39m: Producer Connected Successfully
[2024-05-20T06:40:10.632Z] [32minfo[39m: Disconnecting Producer...
[2024-05-20T06:44:12.117Z] [32minfo[39m: Admin Connecting
[2024-05-20T06:44:12.120Z] [32minfo[39m: Admin Connected Successfully
[2024-05-20T06:44:12.131Z] [32minfo[39m: Server started at http://localhost:3000/api/
[2024-05-20T06:44:12.174Z] [32minfo[39m: Topics Created Successfully
[2024-05-20T06:44:12.174Z] [32minfo[39m: Admin Disconnecting...
[2024-05-20T06:44:24.488Z] [32minfo[39m: Connecting Producer
[2024-05-20T06:44:24.491Z] [32minfo[39m: Producer Connected Successfully
[2024-05-20T06:44:24.512Z] [32minfo[39m: Disconnecting Producer...
[2024-05-20T06:44:42.139Z] [31merror[39m: Could not connect to the database.
[2024-05-20T06:44:48.109Z] [32minfo[39m: Admin Connecting
[2024-05-20T06:44:48.112Z] [32minfo[39m: Admin Connected Successfully
[2024-05-20T06:44:48.121Z] [32minfo[39m: Server started at http://localhost:3000/api/
[2024-05-20T06:44:48.158Z] [32minfo[39m: Topics Created Successfully
[2024-05-20T06:44:48.159Z] [32minfo[39m: Admin Disconnecting...
[2024-05-20T06:44:56.558Z] [32minfo[39m: Connecting Producer
[2024-05-20T06:44:56.561Z] [32minfo[39m: Producer Connected Successfully
[2024-05-20T06:44:56.582Z] [32minfo[39m: Disconnecting Producer...
[2024-05-20T06:45:18.120Z] [31merror[39m: Could not connect to the database.
[2024-05-20T06:45:26.477Z] [32minfo[39m: Admin Connecting
[2024-05-20T06:45:26.480Z] [32minfo[39m: Admin Connected Successfully
[2024-05-20T06:45:26.490Z] [32minfo[39m: Server started at http://localhost:3000/api/
[2024-05-20T06:45:26.527Z] [32minfo[39m: Topics Created Successfully
[2024-05-20T06:45:26.528Z] [32minfo[39m: Admin Disconnecting...
[2024-05-20T06:45:56.492Z] [31merror[39m: Could not connect to the database.
[2024-05-20T06:46:08.849Z] [32minfo[39m: Admin Connecting
[2024-05-20T06:46:08.852Z] [32minfo[39m: Admin Connected Successfully
[2024-05-20T06:46:08.866Z] [32minfo[39m: Server started at http://localhost:3000/api/
[2024-05-20T06:46:08.903Z] [32minfo[39m: Topics Created Successfully
[2024-05-20T06:46:08.903Z] [32minfo[39m: Admin Disconnecting...
[2024-05-20T06:46:12.404Z] [32minfo[39m: Admin Connecting
[2024-05-20T06:46:12.407Z] [32minfo[39m: Admin Connected Successfully
[2024-05-20T06:46:12.416Z] [32minfo[39m: Server started at http://localhost:3000/api/
[2024-05-20T06:46:12.453Z] [32minfo[39m: Topics Created Successfully
[2024-05-20T06:46:12.454Z] [32minfo[39m: Admin Disconnecting...
[2024-05-20T06:46:42.424Z] [31merror[39m: Could not connect to the database.
[2024-05-20T06:47:13.752Z] [32minfo[39m: Admin Connecting
[2024-05-20T06:47:13.754Z] [32minfo[39m: Admin Connected Successfully
[2024-05-20T06:47:13.766Z] [32minfo[39m: Server started at http://localhost:3000/api/
[2024-05-20T06:47:13.815Z] [32minfo[39m: Topics Created Successfully
[2024-05-20T06:47:13.816Z] [32minfo[39m: Admin Disconnecting...
[2024-05-20T06:47:17.277Z] [32minfo[39m: Connecting Producer
[2024-05-20T06:47:17.280Z] [32minfo[39m: Producer Connected Successfully
[2024-05-20T06:47:17.303Z] [32minfo[39m: Disconnecting Producer...
[2024-05-20T06:47:43.776Z] [31merror[39m: Could not connect to the database.
[2024-05-20T06:53:11.643Z] [32minfo[39m: Admin Connecting
[2024-05-20T06:53:11.645Z] [32minfo[39m: Admin Connected Successfully
[2024-05-20T06:53:11.655Z] [32minfo[39m: Server started at http://localhost:3000/api/
[2024-05-20T06:53:11.692Z] [32minfo[39m: Topics Created Successfully
[2024-05-20T06:53:11.693Z] [32minfo[39m: Admin Disconnecting...
[2024-05-20T06:53:17.138Z] [32minfo[39m: Admin Connecting
[2024-05-20T06:53:17.141Z] [32minfo[39m: Admin Connected Successfully
[2024-05-20T06:53:17.158Z] [32minfo[39m: Server started at http://localhost:3000/api/
[2024-05-20T06:53:17.208Z] [32minfo[39m: Topics Created Successfully
[2024-05-20T06:53:17.209Z] [32minfo[39m: Admin Disconnecting...
[2024-05-20T06:53:31.319Z] [32minfo[39m: Connecting Producer
[2024-05-20T06:53:31.322Z] [32minfo[39m: Producer Connected Successfully
[2024-05-20T06:53:31.342Z] [32minfo[39m: Disconnecting Producer...
[2024-05-20T06:53:47.147Z] [31merror[39m: Could not connect to the database.
[2024-05-20T06:53:50.305Z] [32minfo[39m: Admin Connecting
[2024-05-20T06:53:50.308Z] [32minfo[39m: Admin Connected Successfully
[2024-05-20T06:53:50.318Z] [32minfo[39m: Server started at http://localhost:3000/api/
[2024-05-20T06:53:50.352Z] [32minfo[39m: Topics Created Successfully
[2024-05-20T06:53:50.353Z] [32minfo[39m: Admin Disconnecting...
[2024-05-20T06:54:20.321Z] [31merror[39m: Could not connect to the database.
[2024-05-20T06:54:32.768Z] [32minfo[39m: Admin Connecting
[2024-05-20T06:54:32.771Z] [32minfo[39m: Admin Connected Successfully
[2024-05-20T06:54:32.783Z] [32minfo[39m: Server started at http://localhost:3000/api/
[2024-05-20T06:54:32.821Z] [32minfo[39m: Topics Created Successfully
[2024-05-20T06:54:32.821Z] [32minfo[39m: Admin Disconnecting...
[2024-05-20T06:54:39.475Z] [32minfo[39m: Connecting Producer
[2024-05-20T06:54:39.478Z] [32minfo[39m: Producer Connected Successfully
[2024-05-20T06:54:39.495Z] [32minfo[39m: Disconnecting Producer...
[2024-05-20T06:55:02.778Z] [31merror[39m: Could not connect to the database.
[2024-05-20T06:55:17.816Z] [32minfo[39m: Connecting Producer
[2024-05-20T06:55:17.821Z] [32minfo[39m: Producer Connected Successfully
[2024-05-20T06:55:17.828Z] [32minfo[39m: Disconnecting Producer...
[2024-05-20T06:55:41.612Z] [32minfo[39m: Admin Connecting
[2024-05-20T06:55:41.614Z] [32minfo[39m: Admin Connected Successfully
[2024-05-20T06:55:41.619Z] [32minfo[39m: Server started at http://localhost:3000/api/
[2024-05-20T06:55:41.655Z] [32minfo[39m: Topics Created Successfully
[2024-05-20T06:55:41.656Z] [32minfo[39m: Admin Disconnecting...
[2024-05-20T06:55:45.935Z] [32minfo[39m: Connecting Producer
[2024-05-20T06:55:45.938Z] [32minfo[39m: Producer Connected Successfully
[2024-05-20T06:55:45.960Z] [32minfo[39m: Disconnecting Producer...
[2024-05-20T06:56:11.632Z] [31merror[39m: Could not connect to the database.
[2024-05-20T06:56:35.637Z] [32minfo[39m: Admin Connecting
[2024-05-20T06:56:35.640Z] [32minfo[39m: Admin Connected Successfully
[2024-05-20T06:56:35.651Z] [32minfo[39m: Server started at http://localhost:3000/api/
[2024-05-20T06:56:35.692Z] [32minfo[39m: Topics Created Successfully
[2024-05-20T06:56:35.693Z] [32minfo[39m: Admin Disconnecting...
[2024-05-20T06:56:39.290Z] [32minfo[39m: Connecting Producer
[2024-05-20T06:56:39.293Z] [32minfo[39m: Producer Connected Successfully
[2024-05-20T06:56:39.314Z] [32minfo[39m: Disconnecting Producer...
[2024-05-20T06:56:50.813Z] [32minfo[39m: Admin Connecting
[2024-05-20T06:56:50.816Z] [32minfo[39m: Admin Connected Successfully
[2024-05-20T06:56:50.828Z] [32minfo[39m: Server started at http://localhost:3000/api/
[2024-05-20T06:56:50.865Z] [32minfo[39m: Topics Created Successfully
[2024-05-20T06:56:50.866Z] [32minfo[39m: Admin Disconnecting...
[2024-05-20T06:56:56.266Z] [32minfo[39m: Admin Connecting
[2024-05-20T06:56:56.269Z] [32minfo[39m: Admin Connected Successfully
[2024-05-20T06:56:56.278Z] [32minfo[39m: Server started at http://localhost:3000/api/
[2024-05-20T06:56:56.317Z] [32minfo[39m: Topics Created Successfully
[2024-05-20T06:56:56.318Z] [32minfo[39m: Admin Disconnecting...
[2024-05-20T06:56:59.963Z] [32minfo[39m: Connecting Producer
[2024-05-20T06:56:59.967Z] [32minfo[39m: Producer Connected Successfully
[2024-05-20T06:56:59.991Z] [32minfo[39m: Disconnecting Producer...
[2024-05-20T06:57:26.286Z] [31merror[39m: Could not connect to the database.
[2024-05-20T06:58:42.425Z] [32minfo[39m: Admin Connecting
[2024-05-20T06:58:42.429Z] [32minfo[39m: Admin Connected Successfully
[2024-05-20T06:58:42.443Z] [32minfo[39m: Server started at http://localhost:3000/api/
[2024-05-20T06:58:42.505Z] [32minfo[39m: Topics Created Successfully
[2024-05-20T06:58:42.506Z] [32minfo[39m: Admin Disconnecting...
[2024-05-20T06:58:49.355Z] [32minfo[39m: Admin Connecting
[2024-05-20T06:58:49.360Z] [32minfo[39m: Admin Connected Successfully
[2024-05-20T06:58:49.386Z] [32minfo[39m: Server started at http://localhost:3000/api/
[2024-05-20T06:58:49.464Z] [32minfo[39m: Topics Created Successfully
[2024-05-20T06:58:49.466Z] [32minfo[39m: Admin Disconnecting...
[2024-05-20T06:59:19.388Z] [31merror[39m: Could not connect to the database.
[2024-05-20T06:59:33.965Z] [32minfo[39m: Connecting Producer
[2024-05-20T06:59:33.971Z] [32minfo[39m: Producer Connected Successfully
[2024-05-20T06:59:34.026Z] [32minfo[39m: Disconnecting Producer...
[2024-05-20T07:00:19.409Z] [32minfo[39m: Admin Connecting
[2024-05-20T07:00:19.414Z] [32minfo[39m: Admin Connected Successfully
[2024-05-20T07:00:19.429Z] [32minfo[39m: Server started at http://localhost:3000/api/
[2024-05-20T07:00:19.511Z] [32minfo[39m: Topics Created Successfully
[2024-05-20T07:00:19.512Z] [32minfo[39m: Admin Disconnecting...
[2024-05-20T07:00:24.015Z] [32minfo[39m: Connecting Producer
[2024-05-20T07:00:24.020Z] [32minfo[39m: Producer Connected Successfully
[2024-05-20T07:00:24.068Z] [32minfo[39m: Disconnecting Producer...
[2024-05-20T07:00:49.429Z] [31merror[39m: Could not connect to the database.
[2024-05-20T07:05:37.068Z] [32minfo[39m: Admin Connecting
[2024-05-20T07:05:37.073Z] [32minfo[39m: Admin Connected Successfully
[2024-05-20T07:05:37.087Z] [32minfo[39m: Server started at http://localhost:3000/api/
[2024-05-20T07:05:37.147Z] [32minfo[39m: Topics Created Successfully
[2024-05-20T07:05:37.148Z] [32minfo[39m: Admin Disconnecting...
[2024-05-20T07:06:07.084Z] [31merror[39m: Could not connect to the database.
[2024-05-20T07:06:15.887Z] [32minfo[39m: Connecting Producer
[2024-05-20T07:06:15.893Z] [32minfo[39m: Producer Connected Successfully
[2024-05-20T07:06:15.928Z] [32minfo[39m: Disconnecting Producer...
[2024-05-20T07:07:59.915Z] [32minfo[39m: Admin Connecting
[2024-05-20T07:07:59.922Z] [32minfo[39m: Admin Connected Successfully
[2024-05-20T07:07:59.935Z] [32minfo[39m: Server started at http://localhost:3000/api/
[2024-05-20T07:08:00.037Z] [32minfo[39m: Topics Created Successfully
[2024-05-20T07:08:00.040Z] [32minfo[39m: Admin Disconnecting...
[2024-05-20T07:08:10.518Z] [32minfo[39m: Connecting Producer
[2024-05-20T07:08:10.533Z] [32minfo[39m: Producer Connected Successfully
[2024-05-20T07:08:10.609Z] [32minfo[39m: Disconnecting Producer...
[2024-05-20T07:08:57.819Z] [31merror[39m: Could not connect to the database.
[2024-05-20T07:09:15.127Z] [32minfo[39m: Admin Connecting
[2024-05-20T07:09:15.132Z] [32minfo[39m: Admin Connected Successfully
[2024-05-20T07:09:15.144Z] [32minfo[39m: Server started at http://localhost:3000/api/
[2024-05-20T07:09:15.243Z] [32minfo[39m: Topics Created Successfully
[2024-05-20T07:09:15.247Z] [32minfo[39m: Admin Disconnecting...
[2024-05-20T07:09:20.830Z] [32minfo[39m: Connecting Producer
[2024-05-20T07:09:20.843Z] [32minfo[39m: Producer Connected Successfully
[2024-05-20T07:09:20.910Z] [32minfo[39m: Disconnecting Producer...
[2024-05-20T07:16:14.538Z] [32minfo[39m: Admin Connecting
[2024-05-20T07:16:14.546Z] [32minfo[39m: Admin Connected Successfully
[2024-05-20T07:16:14.576Z] [32minfo[39m: Server started at http://localhost:3000/api/
[2024-05-20T07:16:14.679Z] [32minfo[39m: Topics Created Successfully
[2024-05-20T07:16:14.680Z] [32minfo[39m: Admin Disconnecting...
[2024-05-20T07:16:24.797Z] [32minfo[39m: Admin Connecting
[2024-05-20T07:16:24.803Z] [32minfo[39m: Admin Connected Successfully
[2024-05-20T07:16:24.824Z] [32minfo[39m: Server started at http://localhost:3000/api/
[2024-05-20T07:16:24.920Z] [32minfo[39m: Topics Created Successfully
[2024-05-20T07:16:24.922Z] [32minfo[39m: Admin Disconnecting...
[2024-05-20T07:16:28.466Z] [32minfo[39m: Connecting Producer
[2024-05-20T07:16:28.477Z] [32minfo[39m: Producer Connected Successfully
[2024-05-20T07:16:28.552Z] [32minfo[39m: Disconnecting Producer...
[2024-05-20T07:24:32.325Z] [32minfo[39m: Admin Connecting
[2024-05-20T07:24:32.329Z] [32minfo[39m: Admin Connected Successfully
[2024-05-20T07:24:32.347Z] [32minfo[39m: Server started at http://localhost:3000/api/
[2024-05-20T07:24:32.415Z] [32minfo[39m: Topics Created Successfully
[2024-05-20T07:24:32.416Z] [32minfo[39m: Admin Disconnecting...
[2024-05-20T07:24:37.283Z] [32minfo[39m: Connecting Producer
[2024-05-20T07:24:37.288Z] [32minfo[39m: Producer Connected Successfully
[2024-05-20T07:24:37.334Z] [32minfo[39m: Disconnecting Producer...
[2024-05-20T07:28:32.031Z] [32minfo[39m: Admin Connecting
[2024-05-20T07:28:32.034Z] [32minfo[39m: Admin Connected Successfully
[2024-05-20T07:28:32.049Z] [32minfo[39m: Server started at http://localhost:3000/api/
[2024-05-20T07:28:32.112Z] [32minfo[39m: Topics Created Successfully
[2024-05-20T07:28:32.113Z] [32minfo[39m: Admin Disconnecting...
[2024-05-20T07:29:02.064Z] [31merror[39m: Could not connect to the database.
[2024-05-20T07:29:23.538Z] [32minfo[39m: Connecting Producer
[2024-05-20T07:29:23.543Z] [32minfo[39m: Producer Connected Successfully
[2024-05-20T07:29:23.592Z] [32minfo[39m: Disconnecting Producer...
[2024-05-20T07:32:34.263Z] [32minfo[39m: Admin Connecting
[2024-05-20T07:32:34.267Z] [32minfo[39m: Admin Connected Successfully
[2024-05-20T07:32:34.281Z] [32minfo[39m: Server started at http://localhost:3000/api/
[2024-05-20T07:32:34.337Z] [32minfo[39m: Topics Created Successfully
[2024-05-20T07:32:34.338Z] [32minfo[39m: Admin Disconnecting...
[2024-05-20T07:33:04.295Z] [31merror[39m: Could not connect to the database.
[2024-05-20T07:37:51.184Z] [32minfo[39m: Admin Connecting
[2024-05-20T07:37:51.187Z] [32minfo[39m: Admin Connected Successfully
[2024-05-20T07:37:51.207Z] [32minfo[39m: Server started at http://localhost:3000/api/
[2024-05-20T07:37:51.279Z] [32minfo[39m: Topics Created Successfully
[2024-05-20T07:37:51.281Z] [32minfo[39m: Admin Disconnecting...
[2024-05-20T07:38:21.208Z] [31merror[39m: Could not connect to the database.
[2024-05-20T07:40:11.537Z] [32minfo[39m: Admin Connecting
[2024-05-20T07:40:11.541Z] [32minfo[39m: Admin Connected Successfully
[2024-05-20T07:40:11.563Z] [32minfo[39m: Server started at http://localhost:3000/api/
[2024-05-20T07:40:11.622Z] [32minfo[39m: Topics Created Successfully
[2024-05-20T07:40:11.624Z] [32minfo[39m: Admin Disconnecting...
[2024-05-20T07:40:41.569Z] [31merror[39m: Could not connect to the database.
[2024-05-20T07:44:49.985Z] [32minfo[39m: Admin Connecting
[2024-05-20T07:44:49.990Z] [32minfo[39m: Admin Connected Successfully
[2024-05-20T07:44:50.007Z] [32minfo[39m: Server started at http://localhost:3000/api/
[2024-05-20T07:44:50.069Z] [32minfo[39m: Topics Created Successfully
[2024-05-20T07:44:50.071Z] [32minfo[39m: Admin Disconnecting...
[2024-05-20T07:45:20.009Z] [31merror[39m: Could not connect to the database.
[2024-05-20T07:47:02.809Z] [32minfo[39m: Admin Connecting
[2024-05-20T07:47:02.812Z] [32minfo[39m: Admin Connected Successfully
[2024-05-20T07:47:02.827Z] [32minfo[39m: Server started at http://localhost:3000/api/
[2024-05-20T07:47:02.903Z] [32minfo[39m: Topics Created Successfully
[2024-05-20T07:47:02.904Z] [32minfo[39m: Admin Disconnecting...
[2024-05-20T07:47:07.817Z] [32minfo[39m: Admin Connecting
[2024-05-20T07:47:07.821Z] [32minfo[39m: Admin Connected Successfully
[2024-05-20T07:47:07.833Z] [32minfo[39m: Server started at http://localhost:3000/api/
[2024-05-20T07:47:07.893Z] [32minfo[39m: Topics Created Successfully
[2024-05-20T07:47:07.894Z] [32minfo[39m: Admin Disconnecting...
[2024-05-20T07:47:29.013Z] [32minfo[39m: Admin Connecting
[2024-05-20T07:47:29.018Z] [32minfo[39m: Admin Connected Successfully
[2024-05-20T07:47:29.041Z] [32minfo[39m: Server started at http://localhost:3000/api/
[2024-05-20T07:47:29.121Z] [32minfo[39m: Topics Created Successfully
[2024-05-20T07:47:29.123Z] [32minfo[39m: Admin Disconnecting...
[2024-05-20T07:47:35.691Z] [32minfo[39m: Admin Connecting
[2024-05-20T07:47:35.695Z] [32minfo[39m: Admin Connected Successfully
[2024-05-20T07:47:35.708Z] [32minfo[39m: Server started at http://localhost:3000/api/
[2024-05-20T07:47:35.778Z] [32minfo[39m: Topics Created Successfully
[2024-05-20T07:47:35.779Z] [32minfo[39m: Admin Disconnecting...
[2024-05-20T07:47:49.364Z] [32minfo[39m: Admin Connecting
[2024-05-20T07:47:49.368Z] [32minfo[39m: Admin Connected Successfully
[2024-05-20T07:47:49.384Z] [32minfo[39m: Server started at http://localhost:3000/api/
[2024-05-20T07:47:49.459Z] [32minfo[39m: Topics Created Successfully
[2024-05-20T07:47:49.460Z] [32minfo[39m: Admin Disconnecting...
[2024-05-20T07:47:55.538Z] [32minfo[39m: Admin Connecting
[2024-05-20T07:47:55.543Z] [32minfo[39m: Admin Connected Successfully
[2024-05-20T07:47:55.561Z] [32minfo[39m: Server started at http://localhost:3000/api/
[2024-05-20T07:47:55.631Z] [32minfo[39m: Topics Created Successfully
[2024-05-20T07:47:55.632Z] [32minfo[39m: Admin Disconnecting...
[2024-05-20T07:48:14.402Z] [32minfo[39m: Admin Connecting
[2024-05-20T07:48:14.407Z] [32minfo[39m: Admin Connected Successfully
[2024-05-20T07:48:14.427Z] [32minfo[39m: Server started at http://localhost:3000/api/
[2024-05-20T07:48:14.515Z] [32minfo[39m: Topics Created Successfully
[2024-05-20T07:48:14.516Z] [32minfo[39m: Admin Disconnecting...
[2024-05-20T07:48:34.822Z] [32minfo[39m: Admin Connecting
[2024-05-20T07:48:34.826Z] [32minfo[39m: Admin Connected Successfully
[2024-05-20T07:48:34.839Z] [32minfo[39m: Server started at http://localhost:3000/api/
[2024-05-20T07:48:34.909Z] [32minfo[39m: Topics Created Successfully
[2024-05-20T07:48:34.910Z] [32minfo[39m: Admin Disconnecting...
[2024-05-20T07:48:56.671Z] [32minfo[39m: Admin Connecting
[2024-05-20T07:48:56.675Z] [32minfo[39m: Admin Connected Successfully
[2024-05-20T07:48:56.694Z] [32minfo[39m: Server started at http://localhost:3000/api/
[2024-05-20T07:48:56.783Z] [32minfo[39m: Topics Created Successfully
[2024-05-20T07:48:56.784Z] [32minfo[39m: Admin Disconnecting...
[2024-05-20T07:49:03.191Z] [32minfo[39m: Admin Connecting
[2024-05-20T07:49:03.194Z] [32minfo[39m: Admin Connected Successfully
[2024-05-20T07:49:03.208Z] [32minfo[39m: Server started at http://localhost:3000/api/
[2024-05-20T07:49:03.277Z] [32minfo[39m: Topics Created Successfully
[2024-05-20T07:49:03.278Z] [32minfo[39m: Admin Disconnecting...
[2024-05-20T07:49:18.563Z] [32minfo[39m: Admin Connecting
[2024-05-20T07:49:18.567Z] [32minfo[39m: Admin Connected Successfully
[2024-05-20T07:49:18.591Z] [32minfo[39m: Server started at http://localhost:3000/api/
[2024-05-20T07:49:18.662Z] [32minfo[39m: Topics Created Successfully
[2024-05-20T07:49:18.663Z] [32minfo[39m: Admin Disconnecting...
[2024-05-20T07:49:28.706Z] [32minfo[39m: Admin Connecting
[2024-05-20T07:49:28.709Z] [32minfo[39m: Admin Connected Successfully
[2024-05-20T07:49:28.725Z] [32minfo[39m: Server started at http://localhost:3000/api/
[2024-05-20T07:49:28.797Z] [32minfo[39m: Topics Created Successfully
[2024-05-20T07:49:28.798Z] [32minfo[39m: Admin Disconnecting...
[2024-05-20T07:49:42.983Z] [32minfo[39m: Admin Connecting
[2024-05-20T07:49:42.987Z] [32minfo[39m: Admin Connected Successfully
[2024-05-20T07:49:43.004Z] [32minfo[39m: Server started at http://localhost:3000/api/
[2024-05-20T07:49:43.070Z] [32minfo[39m: Topics Created Successfully
[2024-05-20T07:49:43.071Z] [32minfo[39m: Admin Disconnecting...
[2024-05-20T07:50:13.004Z] [31merror[39m: Could not connect to the database.
[2024-05-20T07:50:32.843Z] [32minfo[39m: Admin Connecting
[2024-05-20T07:50:32.847Z] [32minfo[39m: Admin Connected Successfully
[2024-05-20T07:50:32.880Z] [32minfo[39m: Server started at http://localhost:3000/api/
[2024-05-20T07:50:32.953Z] [32minfo[39m: Topics Created Successfully
[2024-05-20T07:50:32.955Z] [32minfo[39m: Admin Disconnecting...
[2024-05-20T07:51:20.496Z] [32minfo[39m: Admin Connecting
[2024-05-20T07:51:20.500Z] [32minfo[39m: Admin Connected Successfully
[2024-05-20T07:51:20.516Z] [32minfo[39m: Server started at http://localhost:3000/api/
[2024-05-20T07:51:20.578Z] [32minfo[39m: Topics Created Successfully
[2024-05-20T07:51:20.580Z] [32minfo[39m: Admin Disconnecting...
[2024-05-20T07:51:36.433Z] [32minfo[39m: Admin Connecting
[2024-05-20T07:51:36.437Z] [32minfo[39m: Admin Connected Successfully
[2024-05-20T07:51:36.462Z] [32minfo[39m: Server started at http://localhost:3000/api/
[2024-05-20T07:51:36.532Z] [32minfo[39m: Topics Created Successfully
[2024-05-20T07:51:36.533Z] [32minfo[39m: Admin Disconnecting...
[2024-05-20T07:51:45.533Z] [32minfo[39m: Connecting Producer
[2024-05-20T07:51:45.540Z] [32minfo[39m: Producer Connected Successfully
[2024-05-20T07:51:45.579Z] [32minfo[39m: Disconnecting Producer...
[2024-05-20T07:52:06.453Z] [31merror[39m: Could not connect to the database.
[2024-05-20T07:52:55.326Z] [32minfo[39m: Admin Connecting
[2024-05-20T07:52:55.330Z] [32minfo[39m: Admin Connected Successfully
[2024-05-20T07:52:55.347Z] [32minfo[39m: Server started at http://localhost:3000/api/
[2024-05-20T07:52:55.428Z] [32minfo[39m: Topics Created Successfully
[2024-05-20T07:52:55.429Z] [32minfo[39m: Admin Disconnecting...
[2024-05-20T07:53:25.338Z] [31merror[39m: Could not connect to the database.
[2024-05-20T07:55:41.829Z] [32minfo[39m: Admin Connecting
[2024-05-20T07:55:41.832Z] [32minfo[39m: Admin Connected Successfully
[2024-05-20T07:55:41.842Z] [32minfo[39m: Server started at http://localhost:3000/api/
[2024-05-20T07:55:41.892Z] [32minfo[39m: Topics Created Successfully
[2024-05-20T07:55:41.892Z] [32minfo[39m: Admin Disconnecting...
[2024-05-20T07:56:11.846Z] [31merror[39m: Could not connect to the database.
