info: Server started at http://localhost:3000/api/ {"timestamp":"2024-04-25T02:55:39.024Z"}
info: Connected to the database. {"timestamp":"2024-04-25T02:55:39.055Z"}
error: 
      status - 400
      message - Please login 
      url - /api/notes 
      method - POST 
      IP - ::1
     {"timestamp":"2024-04-25T03:20:07.348Z"}
info: Server started at http://localhost:3000/api/ {"timestamp":"2024-04-25T03:52:14.146Z"}
info: Connected to the database. {"timestamp":"2024-04-25T03:52:14.161Z"}
info: Server started at http://localhost:3000/api/ {"timestamp":"2024-04-25T03:52:24.162Z"}
info: Connected to the database. {"timestamp":"2024-04-25T03:52:24.178Z"}
info: Server started at http://localhost:3000/api/ {"timestamp":"2024-04-25T03:52:26.851Z"}
info: Connected to the database. {"timestamp":"2024-04-25T03:52:26.867Z"}
info: Server started at http://localhost:3000/api/ {"timestamp":"2024-04-25T03:52:31.238Z"}
info: Connected to the database. {"timestamp":"2024-04-25T03:52:31.259Z"}
info: Server started at http://localhost:3000/api/ {"timestamp":"2024-04-25T03:52:33.788Z"}
info: Connected to the database. {"timestamp":"2024-04-25T03:52:33.805Z"}
info: Server started at http://localhost:3000/api/ {"timestamp":"2024-04-25T03:52:39.533Z"}
info: Connected to the database. {"timestamp":"2024-04-25T03:52:39.552Z"}
info: Server started at http://localhost:3000/api/ {"timestamp":"2024-04-25T03:52:41.843Z"}
info: Connected to the database. {"timestamp":"2024-04-25T03:52:41.862Z"}
info: Server started at http://localhost:3000/api/ {"timestamp":"2024-04-25T03:54:19.607Z"}
info: Connected to the database. {"timestamp":"2024-04-25T03:54:19.625Z"}
info: Server started at http://localhost:3000/api/ {"timestamp":"2024-04-25T03:54:23.096Z"}
info: Connected to the database. {"timestamp":"2024-04-25T03:54:23.113Z"}
info: Server started at http://localhost:3000/api/ {"timestamp":"2024-04-25T03:54:28.112Z"}
info: Connected to the database. {"timestamp":"2024-04-25T03:54:28.128Z"}
info: Server started at http://localhost:3000/api/ {"timestamp":"2024-04-25T03:54:30.210Z"}
info: Connected to the database. {"timestamp":"2024-04-25T03:54:30.227Z"}
info: Server started at http://localhost:3000/api/ {"timestamp":"2024-04-25T03:54:59.779Z"}
info: Connected to the database. {"timestamp":"2024-04-25T03:54:59.801Z"}
info: Server started at http://localhost:3000/api/ {"timestamp":"2024-04-25T03:55:03.162Z"}
info: Connected to the database. {"timestamp":"2024-04-25T03:55:03.179Z"}
info: Server started at http://localhost:3000/api/ {"timestamp":"2024-04-25T03:55:08.685Z"}
info: Connected to the database. {"timestamp":"2024-04-25T03:55:08.707Z"}
info: Server started at http://localhost:3000/api/ {"timestamp":"2024-04-25T03:55:41.787Z"}
info: Connected to the database. {"timestamp":"2024-04-25T03:55:41.803Z"}
info: Server started at http://localhost:3000/api/ {"timestamp":"2024-04-25T03:55:47.407Z"}
info: Connected to the database. {"timestamp":"2024-04-25T03:55:47.427Z"}
info: Server started at http://localhost:3000/api/ {"timestamp":"2024-04-25T03:55:50.767Z"}
info: Connected to the database. {"timestamp":"2024-04-25T03:55:50.783Z"}
info: Server started at http://localhost:3000/api/ {"timestamp":"2024-04-25T03:56:02.949Z"}
info: Connected to the database. {"timestamp":"2024-04-25T03:56:02.966Z"}
info: Server started at http://localhost:3000/api/ {"timestamp":"2024-04-25T03:56:05.661Z"}
info: Connected to the database. {"timestamp":"2024-04-25T03:56:05.676Z"}
info: Server started at http://localhost:3000/api/ {"timestamp":"2024-04-25T03:56:11.362Z"}
info: Connected to the database. {"timestamp":"2024-04-25T03:56:11.378Z"}
info: Server started at http://localhost:3000/api/ {"timestamp":"2024-04-25T03:58:23.485Z"}
info: Connected to the database. {"timestamp":"2024-04-25T03:58:23.503Z"}
info: Server started at http://localhost:3000/api/ {"timestamp":"2024-04-25T04:00:41.451Z"}
info: Connected to the database. {"timestamp":"2024-04-25T04:00:41.466Z"}
info: Server started at http://localhost:3000/api/ {"timestamp":"2024-04-25T04:00:48.406Z"}
info: Connected to the database. {"timestamp":"2024-04-25T04:00:48.423Z"}
info: Server started at http://localhost:3000/api/ {"timestamp":"2024-04-25T04:01:07.533Z"}
info: Connected to the database. {"timestamp":"2024-04-25T04:01:07.555Z"}
info: Server started at http://localhost:3000/api/ {"timestamp":"2024-04-25T04:01:13.196Z"}
info: Connected to the database. {"timestamp":"2024-04-25T04:01:13.211Z"}
info: Server started at http://localhost:3000/api/ {"timestamp":"2024-04-25T04:01:18.900Z"}
info: Connected to the database. {"timestamp":"2024-04-25T04:01:18.915Z"}
info: Server started at http://localhost:3000/api/ {"timestamp":"2024-04-25T04:01:22.771Z"}
info: Connected to the database. {"timestamp":"2024-04-25T04:01:22.790Z"}
info: Server started at http://localhost:3000/api/ {"timestamp":"2024-04-25T04:01:26.125Z"}
info: Connected to the database. {"timestamp":"2024-04-25T04:01:26.149Z"}
info: Server started at http://localhost:3000/api/ {"timestamp":"2024-04-25T04:01:38.985Z"}
info: Connected to the database. {"timestamp":"2024-04-25T04:01:39.002Z"}
info: Server started at http://localhost:3000/api/ {"timestamp":"2024-04-25T04:01:42.392Z"}
info: Connected to the database. {"timestamp":"2024-04-25T04:01:42.407Z"}
info: Server started at http://localhost:3000/api/ {"timestamp":"2024-04-25T04:01:47.459Z"}
info: Connected to the database. {"timestamp":"2024-04-25T04:01:47.477Z"}
info: Server started at http://localhost:3000/api/ {"timestamp":"2024-04-25T04:03:30.702Z"}
info: Connected to the database. {"timestamp":"2024-04-25T04:03:30.719Z"}
info: Server started at http://localhost:3000/api/ {"timestamp":"2024-04-25T04:03:50.901Z"}
info: Connected to the database. {"timestamp":"2024-04-25T04:03:50.920Z"}
info: Server started at http://localhost:3000/api/ {"timestamp":"2024-04-25T04:03:54.395Z"}
info: Connected to the database. {"timestamp":"2024-04-25T04:03:54.410Z"}
info: Server started at http://localhost:3000/api/ {"timestamp":"2024-04-25T04:04:04.181Z"}
info: Connected to the database. {"timestamp":"2024-04-25T04:04:04.197Z"}
info: Server started at http://localhost:3000/api/ {"timestamp":"2024-04-25T04:04:06.486Z"}
info: Connected to the database. {"timestamp":"2024-04-25T04:04:06.502Z"}
info: Server started at http://localhost:3000/api/ {"timestamp":"2024-04-25T04:04:12.442Z"}
info: Connected to the database. {"timestamp":"2024-04-25T04:04:12.461Z"}
info: Server started at http://localhost:3000/api/ {"timestamp":"2024-04-25T04:04:15.012Z"}
info: Connected to the database. {"timestamp":"2024-04-25T04:04:15.028Z"}
info: Server started at http://localhost:3000/api/ {"timestamp":"2024-04-25T04:04:17.844Z"}
info: Connected to the database. {"timestamp":"2024-04-25T04:04:17.859Z"}
info: Server started at http://localhost:3000/api/ {"timestamp":"2024-04-25T04:04:32.742Z"}
info: Connected to the database. {"timestamp":"2024-04-25T04:04:32.758Z"}
info: Server started at http://localhost:3000/api/ {"timestamp":"2024-04-25T04:04:35.907Z"}
info: Connected to the database. {"timestamp":"2024-04-25T04:04:35.927Z"}
info: Server started at http://localhost:3000/api/ {"timestamp":"2024-04-25T05:03:46.921Z"}
info: Connected to the database. {"timestamp":"2024-04-25T05:03:46.939Z"}
info: Server started at http://localhost:3000/api/ {"timestamp":"2024-04-25T05:20:33.752Z"}
info: Connected to the database. {"timestamp":"2024-04-25T05:20:33.769Z"}
info: Server started at http://localhost:3000/api/ {"timestamp":"2024-04-25T05:21:04.708Z"}
info: Connected to the database. {"timestamp":"2024-04-25T05:21:04.726Z"}
info: Server started at http://localhost:3000/api/ {"timestamp":"2024-04-25T05:21:11.424Z"}
info: Connected to the database. {"timestamp":"2024-04-25T05:21:11.442Z"}
info: Server started at http://localhost:3000/api/ {"timestamp":"2024-04-25T05:21:13.815Z"}
info: Connected to the database. {"timestamp":"2024-04-25T05:21:13.833Z"}
info: Server started at http://localhost:3000/api/ {"timestamp":"2024-04-25T05:21:22.767Z"}
info: Connected to the database. {"timestamp":"2024-04-25T05:21:22.785Z"}
info: Server started at http://localhost:3000/api/ {"timestamp":"2024-04-25T05:21:29.587Z"}
info: Connected to the database. {"timestamp":"2024-04-25T05:21:29.606Z"}
info: Server started at http://localhost:3000/api/ {"timestamp":"2024-04-25T05:21:34.048Z"}
info: Connected to the database. {"timestamp":"2024-04-25T05:21:34.064Z"}
info: Server started at http://localhost:3000/api/ {"timestamp":"2024-04-25T05:21:37.028Z"}
info: Connected to the database. {"timestamp":"2024-04-25T05:21:37.044Z"}
info: Server started at http://localhost:3000/api/ {"timestamp":"2024-04-25T05:21:41.754Z"}
info: Connected to the database. {"timestamp":"2024-04-25T05:21:41.769Z"}
info: Server started at http://localhost:3000/api/ {"timestamp":"2024-04-25T05:21:44.766Z"}
info: Connected to the database. {"timestamp":"2024-04-25T05:21:44.782Z"}
info: Server started at http://localhost:3000/api/ {"timestamp":"2024-04-25T06:07:26.071Z"}
info: Connected to the database. {"timestamp":"2024-04-25T06:07:26.091Z"}
error: 
      status - 400
      message - Please login 
      url - /api/notes 
      method - POST 
      IP - ::1
     {"timestamp":"2024-04-25T06:07:52.685Z"}
info: Server started at http://localhost:3000/api/ {"timestamp":"2024-04-25T07:25:28.444Z"}
info: Connected to the database. {"timestamp":"2024-04-25T07:25:28.459Z"}
info: Server started at http://localhost:3000/api/ {"timestamp":"2024-04-25T07:26:53.463Z"}
info: Connected to the database. {"timestamp":"2024-04-25T07:26:53.481Z"}
info: Server started at http://localhost:3000/api/ {"timestamp":"2024-04-25T07:37:17.515Z"}
info: Connected to the database. {"timestamp":"2024-04-25T07:37:17.530Z"}
info: Server started at http://localhost:3000/api/ {"timestamp":"2024-04-25T13:23:16.424Z"}
info: Connected to the database. {"timestamp":"2024-04-25T13:23:16.452Z"}
info: Server started at http://localhost:3000/api/ {"timestamp":"2024-04-25T13:24:30.463Z"}
info: Connected to the database. {"timestamp":"2024-04-25T13:24:30.497Z"}
info: Server started at http://localhost:3000/api/ {"timestamp":"2024-04-25T13:25:15.610Z"}
info: Connected to the database. {"timestamp":"2024-04-25T13:25:15.633Z"}
info: Server started at http://localhost:3000/api/ {"timestamp":"2024-04-25T13:36:50.404Z"}
info: Connected to the database. {"timestamp":"2024-04-25T13:36:50.433Z"}
info: Server started at http://localhost:3000/api/ {"timestamp":"2024-04-25T13:36:57.453Z"}
info: Connected to the database. {"timestamp":"2024-04-25T13:36:57.480Z"}
info: Server started at http://localhost:3000/api/ {"timestamp":"2024-04-25T13:37:28.597Z"}
info: Connected to the database. {"timestamp":"2024-04-25T13:37:28.623Z"}
info: Server started at http://localhost:3000/api/ {"timestamp":"2024-04-25T13:37:37.346Z"}
info: Connected to the database. {"timestamp":"2024-04-25T13:37:37.377Z"}
info: Server started at http://localhost:3000/api/ {"timestamp":"2024-04-25T13:37:44.760Z"}
info: Connected to the database. {"timestamp":"2024-04-25T13:37:44.789Z"}
info: Server started at http://localhost:3000/api/ {"timestamp":"2024-04-25T13:38:20.323Z"}
info: Connected to the database. {"timestamp":"2024-04-25T13:38:20.350Z"}
info: Server started at http://localhost:3000/api/ {"timestamp":"2024-04-25T13:38:46.817Z"}
info: Connected to the database. {"timestamp":"2024-04-25T13:38:46.853Z"}
info: Server started at http://localhost:3000/api/ {"timestamp":"2024-04-25T13:38:53.025Z"}
info: Connected to the database. {"timestamp":"2024-04-25T13:38:53.053Z"}
info: Server started at http://localhost:3000/api/ {"timestamp":"2024-04-25T13:38:59.890Z"}
info: Connected to the database. {"timestamp":"2024-04-25T13:38:59.914Z"}
info: Server started at http://localhost:3000/api/ {"timestamp":"2024-04-25T13:39:11.334Z"}
info: Connected to the database. {"timestamp":"2024-04-25T13:39:11.357Z"}
info: Server started at http://localhost:3000/api/ {"timestamp":"2024-04-25T13:40:07.795Z"}
info: Connected to the database. {"timestamp":"2024-04-25T13:40:07.821Z"}
info: Server started at http://localhost:3000/api/ {"timestamp":"2024-04-25T13:40:11.667Z"}
info: Connected to the database. {"timestamp":"2024-04-25T13:40:11.719Z"}
info: Server started at http://localhost:3000/api/ {"timestamp":"2024-04-25T13:40:14.917Z"}
info: Connected to the database. {"timestamp":"2024-04-25T13:40:14.947Z"}
info: Server started at http://localhost:3000/api/ {"timestamp":"2024-04-25T13:40:22.010Z"}
info: Connected to the database. {"timestamp":"2024-04-25T13:40:22.038Z"}
info: Server started at http://localhost:3000/api/ {"timestamp":"2024-04-25T13:40:25.505Z"}
info: Connected to the database. {"timestamp":"2024-04-25T13:40:25.532Z"}
info: Server started at http://localhost:3000/api/ {"timestamp":"2024-04-25T13:40:32.935Z"}
info: Connected to the database. {"timestamp":"2024-04-25T13:40:32.961Z"}
info: Server started at http://localhost:3000/api/ {"timestamp":"2024-04-25T13:40:51.081Z"}
info: Connected to the database. {"timestamp":"2024-04-25T13:40:51.105Z"}
info: Server started at http://localhost:3000/api/ {"timestamp":"2024-04-25T13:41:19.177Z"}
info: Connected to the database. {"timestamp":"2024-04-25T13:41:19.216Z"}
info: Server started at http://localhost:3000/api/ {"timestamp":"2024-04-25T13:41:27.286Z"}
info: Connected to the database. {"timestamp":"2024-04-25T13:41:27.319Z"}
info: Server started at http://localhost:3000/api/ {"timestamp":"2024-04-25T13:41:36.242Z"}
info: Connected to the database. {"timestamp":"2024-04-25T13:41:36.271Z"}
info: Server started at http://localhost:3000/api/ {"timestamp":"2024-04-25T13:41:46.193Z"}
info: Connected to the database. {"timestamp":"2024-04-25T13:41:46.221Z"}
info: Server started at http://localhost:3000/api/ {"timestamp":"2024-04-25T13:41:49.592Z"}
info: Connected to the database. {"timestamp":"2024-04-25T13:41:49.624Z"}
info: Server started at http://localhost:3000/api/ {"timestamp":"2024-04-25T13:42:21.391Z"}
info: Connected to the database. {"timestamp":"2024-04-25T13:42:21.425Z"}
info: Server started at http://localhost:3000/api/ {"timestamp":"2024-04-25T13:42:52.120Z"}
info: Connected to the database. {"timestamp":"2024-04-25T13:42:52.159Z"}
info: Server started at http://localhost:3000/api/ {"timestamp":"2024-04-25T13:43:12.836Z"}
info: Connected to the database. {"timestamp":"2024-04-25T13:43:12.872Z"}
info: Server started at http://localhost:3000/api/ {"timestamp":"2024-04-25T13:43:35.677Z"}
info: Connected to the database. {"timestamp":"2024-04-25T13:43:35.714Z"}
info: Server started at http://localhost:3000/api/ {"timestamp":"2024-04-25T13:43:50.502Z"}
info: Connected to the database. {"timestamp":"2024-04-25T13:43:50.530Z"}
info: Server started at http://localhost:3000/api/ {"timestamp":"2024-04-25T13:43:53.989Z"}
info: Connected to the database. {"timestamp":"2024-04-25T13:43:54.031Z"}
info: Server started at http://localhost:3000/api/ {"timestamp":"2024-04-25T13:43:57.974Z"}
info: Connected to the database. {"timestamp":"2024-04-25T13:43:58.011Z"}
info: Server started at http://localhost:3000/api/ {"timestamp":"2024-04-25T13:47:17.830Z"}
info: Connected to the database. {"timestamp":"2024-04-25T13:47:17.856Z"}
info: Server started at http://localhost:3000/api/ {"timestamp":"2024-04-25T13:47:33.420Z"}
info: Connected to the database. {"timestamp":"2024-04-25T13:47:33.450Z"}
info: Server started at http://localhost:3000/api/ {"timestamp":"2024-04-25T13:48:19.900Z"}
info: Connected to the database. {"timestamp":"2024-04-25T13:48:19.922Z"}
info: Server started at http://localhost:3000/api/ {"timestamp":"2024-04-25T13:48:36.931Z"}
info: Connected to the database. {"timestamp":"2024-04-25T13:48:36.968Z"}
info: Server started at http://localhost:3000/api/ {"timestamp":"2024-04-25T13:48:43.910Z"}
info: Connected to the database. {"timestamp":"2024-04-25T13:48:43.946Z"}
info: Server started at http://localhost:3000/api/ {"timestamp":"2024-04-25T13:48:51.307Z"}
info: Connected to the database. {"timestamp":"2024-04-25T13:48:51.341Z"}
info: Server started at http://localhost:3000/api/ {"timestamp":"2024-04-25T13:48:57.527Z"}
info: Connected to the database. {"timestamp":"2024-04-25T13:48:57.558Z"}
info: Server started at http://localhost:3000/api/ {"timestamp":"2024-04-25T13:49:16.326Z"}
info: Connected to the database. {"timestamp":"2024-04-25T13:49:16.354Z"}
info: Server started at http://localhost:3000/api/ {"timestamp":"2024-04-25T13:49:20.334Z"}
info: Connected to the database. {"timestamp":"2024-04-25T13:49:20.360Z"}
info: Server started at http://localhost:3000/api/ {"timestamp":"2024-04-25T13:49:24.948Z"}
info: Connected to the database. {"timestamp":"2024-04-25T13:49:24.975Z"}
info: Server started at http://localhost:3000/api/ {"timestamp":"2024-04-25T13:49:28.710Z"}
info: Connected to the database. {"timestamp":"2024-04-25T13:49:28.739Z"}
info: Server started at http://localhost:3000/api/ {"timestamp":"2024-04-25T13:49:38.291Z"}
info: Connected to the database. {"timestamp":"2024-04-25T13:49:38.330Z"}
info: Server started at http://localhost:3000/api/ {"timestamp":"2024-04-25T13:49:59.678Z"}
info: Connected to the database. {"timestamp":"2024-04-25T13:49:59.727Z"}
info: Server started at http://localhost:3000/api/ {"timestamp":"2024-04-25T13:50:12.477Z"}
info: Connected to the database. {"timestamp":"2024-04-25T13:50:12.509Z"}
info: Server started at http://localhost:3000/api/ {"timestamp":"2024-04-25T13:53:40.532Z"}
info: Connected to the database. {"timestamp":"2024-04-25T13:53:40.561Z"}
info: Server started at http://localhost:3000/api/ {"timestamp":"2024-04-25T13:53:48.793Z"}
info: Connected to the database. {"timestamp":"2024-04-25T13:53:48.832Z"}
info: Server started at http://localhost:3000/api/ {"timestamp":"2024-04-25T13:53:56.005Z"}
info: Connected to the database. {"timestamp":"2024-04-25T13:53:56.048Z"}
info: Server started at http://localhost:3000/api/ {"timestamp":"2024-04-25T13:54:03.696Z"}
info: Connected to the database. {"timestamp":"2024-04-25T13:54:03.736Z"}
info: Server started at http://localhost:3000/api/ {"timestamp":"2024-04-25T13:54:16.182Z"}
info: Connected to the database. {"timestamp":"2024-04-25T13:54:16.229Z"}
info: Server started at http://localhost:3000/api/ {"timestamp":"2024-04-25T13:54:22.858Z"}
info: Connected to the database. {"timestamp":"2024-04-25T13:54:22.894Z"}
info: Server started at http://localhost:3000/api/ {"timestamp":"2024-04-25T13:54:42.719Z"}
info: Connected to the database. {"timestamp":"2024-04-25T13:54:42.751Z"}
info: Server started at http://localhost:3000/api/ {"timestamp":"2024-04-25T13:56:51.047Z"}
info: Connected to the database. {"timestamp":"2024-04-25T13:56:51.082Z"}
info: Server started at http://localhost:3000/api/ {"timestamp":"2024-04-25T13:56:58.003Z"}
info: Connected to the database. {"timestamp":"2024-04-25T13:56:58.034Z"}
info: Server started at http://localhost:3000/api/ {"timestamp":"2024-04-25T13:57:05.012Z"}
info: Connected to the database. {"timestamp":"2024-04-25T13:57:05.036Z"}
info: Server started at http://localhost:3000/api/ {"timestamp":"2024-04-25T13:58:01.147Z"}
info: Connected to the database. {"timestamp":"2024-04-25T13:58:01.179Z"}
info: Server started at http://localhost:3000/api/ {"timestamp":"2024-04-25T13:58:19.126Z"}
info: Connected to the database. {"timestamp":"2024-04-25T13:58:19.161Z"}
info: Server started at http://localhost:3000/api/ {"timestamp":"2024-04-25T13:58:24.792Z"}
info: Connected to the database. {"timestamp":"2024-04-25T13:58:24.825Z"}
info: Server started at http://localhost:3000/api/ {"timestamp":"2024-04-25T13:58:38.284Z"}
info: Connected to the database. {"timestamp":"2024-04-25T13:58:38.311Z"}
info: Server started at http://localhost:3000/api/ {"timestamp":"2024-04-25T13:59:07.769Z"}
info: Connected to the database. {"timestamp":"2024-04-25T13:59:07.798Z"}
info: Server started at http://localhost:3000/api/ {"timestamp":"2024-04-25T13:59:18.312Z"}
info: Connected to the database. {"timestamp":"2024-04-25T13:59:18.345Z"}
info: Server started at http://localhost:3000/api/ {"timestamp":"2024-04-25T13:59:30.520Z"}
info: Connected to the database. {"timestamp":"2024-04-25T13:59:30.553Z"}
info: Server started at http://localhost:3000/api/ {"timestamp":"2024-04-25T14:00:07.415Z"}
info: Connected to the database. {"timestamp":"2024-04-25T14:00:07.443Z"}
info: Server started at http://localhost:3000/api/ {"timestamp":"2024-04-25T14:00:39.401Z"}
info: Connected to the database. {"timestamp":"2024-04-25T14:00:39.427Z"}
info: Server started at http://localhost:3000/api/ {"timestamp":"2024-04-25T14:01:04.912Z"}
info: Connected to the database. {"timestamp":"2024-04-25T14:01:04.956Z"}
info: Server started at http://localhost:3000/api/ {"timestamp":"2024-04-25T14:01:50.868Z"}
info: Connected to the database. {"timestamp":"2024-04-25T14:01:50.901Z"}
info: Server started at http://localhost:3000/api/ {"timestamp":"2024-04-25T14:02:23.581Z"}
info: Connected to the database. {"timestamp":"2024-04-25T14:02:23.620Z"}
info: Server started at http://localhost:3000/api/ {"timestamp":"2024-04-25T14:03:14.267Z"}
info: Connected to the database. {"timestamp":"2024-04-25T14:03:14.300Z"}
info: Server started at http://localhost:3000/api/ {"timestamp":"2024-04-25T14:03:21.281Z"}
info: Connected to the database. {"timestamp":"2024-04-25T14:03:21.313Z"}
info: Server started at http://localhost:3000/api/ {"timestamp":"2024-04-25T14:03:38.656Z"}
info: Connected to the database. {"timestamp":"2024-04-25T14:03:38.678Z"}
info: Server started at http://localhost:3000/api/ {"timestamp":"2024-04-25T14:04:02.594Z"}
info: Connected to the database. {"timestamp":"2024-04-25T14:04:02.620Z"}
info: Server started at http://localhost:3000/api/ {"timestamp":"2024-04-25T14:04:13.410Z"}
info: Connected to the database. {"timestamp":"2024-04-25T14:04:13.435Z"}
info: Server started at http://localhost:3000/api/ {"timestamp":"2024-04-25T14:04:26.792Z"}
info: Connected to the database. {"timestamp":"2024-04-25T14:04:26.819Z"}
info: Server started at http://localhost:3000/api/ {"timestamp":"2024-04-25T14:04:31.664Z"}
info: Connected to the database. {"timestamp":"2024-04-25T14:04:31.695Z"}
info: Server started at http://localhost:3000/api/ {"timestamp":"2024-04-25T14:04:50.017Z"}
info: Connected to the database. {"timestamp":"2024-04-25T14:04:50.046Z"}
info: Server started at http://localhost:3000/api/ {"timestamp":"2024-04-25T14:05:03.781Z"}
info: Connected to the database. {"timestamp":"2024-04-25T14:05:03.804Z"}
info: Server started at http://localhost:3000/api/ {"timestamp":"2024-04-25T14:06:29.296Z"}
info: Connected to the database. {"timestamp":"2024-04-25T14:06:29.328Z"}
info: Server started at http://localhost:3000/api/ {"timestamp":"2024-04-25T14:14:04.437Z"}
info: Connected to the database. {"timestamp":"2024-04-25T14:14:04.468Z"}
info: Server started at http://localhost:3000/api/ {"timestamp":"2024-04-25T14:14:22.597Z"}
info: Connected to the database. {"timestamp":"2024-04-25T14:14:22.622Z"}
info: Server started at http://localhost:3000/api/ {"timestamp":"2024-04-25T14:15:36.179Z"}
info: Connected to the database. {"timestamp":"2024-04-25T14:15:36.208Z"}
info: Server started at http://localhost:3000/api/ {"timestamp":"2024-04-25T14:15:42.963Z"}
info: Connected to the database. {"timestamp":"2024-04-25T14:15:42.992Z"}
info: Server started at http://localhost:3000/api/ {"timestamp":"2024-04-25T14:25:12.029Z"}
info: Connected to the database. {"timestamp":"2024-04-25T14:25:12.060Z"}
error: 
    status - 500 
    message - ValidationError: "title" is required 
    url - /api/notes 
    method - POST 
    IP - ::1
   {"timestamp":"2024-04-25T14:26:26.711Z"}
info: Server started at http://localhost:3000/api/ {"timestamp":"2024-04-25T14:27:43.438Z"}
info: Connected to the database. {"timestamp":"2024-04-25T14:27:43.466Z"}
info: Server started at http://localhost:3000/api/ {"timestamp":"2024-04-25T14:27:51.765Z"}
info: Connected to the database. {"timestamp":"2024-04-25T14:27:51.795Z"}
info: Server started at http://localhost:3000/api/ {"timestamp":"2024-04-25T14:27:55.806Z"}
info: Connected to the database. {"timestamp":"2024-04-25T14:27:55.834Z"}
info: Server started at http://localhost:3000/api/ {"timestamp":"2024-04-25T14:28:05.018Z"}
info: Connected to the database. {"timestamp":"2024-04-25T14:28:05.048Z"}
info: Server started at http://localhost:3000/api/ {"timestamp":"2024-04-25T14:28:35.958Z"}
info: Connected to the database. {"timestamp":"2024-04-25T14:28:35.997Z"}
info: Server started at http://localhost:3000/api/ {"timestamp":"2024-04-25T14:28:51.587Z"}
info: Connected to the database. {"timestamp":"2024-04-25T14:28:51.610Z"}
info: Server started at http://localhost:3000/api/ {"timestamp":"2024-04-25T14:29:15.276Z"}
info: Connected to the database. {"timestamp":"2024-04-25T14:29:15.303Z"}
info: Server started at http://localhost:3000/api/ {"timestamp":"2024-04-25T14:29:43.178Z"}
info: Connected to the database. {"timestamp":"2024-04-25T14:29:43.206Z"}
info: Server started at http://localhost:3000/api/ {"timestamp":"2024-04-25T14:29:53.206Z"}
info: Connected to the database. {"timestamp":"2024-04-25T14:29:53.231Z"}
info: Server started at http://localhost:3000/api/ {"timestamp":"2024-04-25T14:30:08.407Z"}
info: Connected to the database. {"timestamp":"2024-04-25T14:30:08.430Z"}
info: Server started at http://localhost:3000/api/ {"timestamp":"2024-04-25T14:30:30.808Z"}
info: Connected to the database. {"timestamp":"2024-04-25T14:30:30.834Z"}
info: Server started at http://localhost:3000/api/ {"timestamp":"2024-04-25T14:30:37.611Z"}
info: Connected to the database. {"timestamp":"2024-04-25T14:30:37.641Z"}
info: Server started at http://localhost:3000/api/ {"timestamp":"2024-04-25T14:30:55.864Z"}
info: Connected to the database. {"timestamp":"2024-04-25T14:30:55.886Z"}
info: Server started at http://localhost:3000/api/ {"timestamp":"2024-04-25T14:31:48.454Z"}
info: Connected to the database. {"timestamp":"2024-04-25T14:31:48.484Z"}
info: Server started at http://localhost:3000/api/ {"timestamp":"2024-04-25T14:31:58.707Z"}
info: Connected to the database. {"timestamp":"2024-04-25T14:31:58.731Z"}
info: Server started at http://localhost:3000/api/ {"timestamp":"2024-04-25T14:33:42.346Z"}
info: Connected to the database. {"timestamp":"2024-04-25T14:33:42.375Z"}
info: Server started at http://localhost:3000/api/ {"timestamp":"2024-04-25T14:34:07.314Z"}
info: Connected to the database. {"timestamp":"2024-04-25T14:34:07.343Z"}
info: Server started at http://localhost:3000/api/ {"timestamp":"2024-04-25T14:34:38.338Z"}
info: Connected to the database. {"timestamp":"2024-04-25T14:34:38.370Z"}
info: Server started at http://localhost:3000/api/ {"timestamp":"2024-04-25T14:34:44.866Z"}
info: Connected to the database. {"timestamp":"2024-04-25T14:34:44.895Z"}
info: Server started at http://localhost:3000/api/ {"timestamp":"2024-04-25T14:34:55.258Z"}
info: Connected to the database. {"timestamp":"2024-04-25T14:34:55.288Z"}
info: Server started at http://localhost:3000/api/ {"timestamp":"2024-04-25T14:35:00.636Z"}
info: Connected to the database. {"timestamp":"2024-04-25T14:35:00.662Z"}
info: Server started at http://localhost:3000/api/ {"timestamp":"2024-04-25T14:35:58.827Z"}
info: Connected to the database. {"timestamp":"2024-04-25T14:35:58.856Z"}
info: Server started at http://localhost:3000/api/ {"timestamp":"2024-04-25T14:36:42.031Z"}
info: Connected to the database. {"timestamp":"2024-04-25T14:36:42.064Z"}
info: Server started at http://localhost:3000/api/ {"timestamp":"2024-04-25T14:39:36.688Z"}
info: Connected to the database. {"timestamp":"2024-04-25T14:39:36.717Z"}
info: Server started at http://localhost:3000/api/ {"timestamp":"2024-04-25T14:39:49.628Z"}
info: Connected to the database. {"timestamp":"2024-04-25T14:39:49.652Z"}
info: Server started at http://localhost:3000/api/ {"timestamp":"2024-04-25T14:39:57.184Z"}
info: Connected to the database. {"timestamp":"2024-04-25T14:39:57.211Z"}
info: Server started at http://localhost:3000/api/ {"timestamp":"2024-04-25T14:40:02.181Z"}
info: Connected to the database. {"timestamp":"2024-04-25T14:40:02.222Z"}
info: Server started at http://localhost:3000/api/ {"timestamp":"2024-04-25T14:42:12.751Z"}
info: Connected to the database. {"timestamp":"2024-04-25T14:42:12.777Z"}
info: Server started at http://localhost:3000/api/ {"timestamp":"2024-04-25T14:44:02.326Z"}
info: Connected to the database. {"timestamp":"2024-04-25T14:44:02.370Z"}
info: Server started at http://localhost:3000/api/ {"timestamp":"2024-04-25T14:44:05.799Z"}
info: Connected to the database. {"timestamp":"2024-04-25T14:44:05.831Z"}
info: Server started at http://localhost:3000/api/ {"timestamp":"2024-04-25T14:44:12.537Z"}
info: Connected to the database. {"timestamp":"2024-04-25T14:44:12.572Z"}
info: Server started at http://localhost:3000/api/ {"timestamp":"2024-04-25T14:45:02.232Z"}
info: Connected to the database. {"timestamp":"2024-04-25T14:45:02.272Z"}
info: Server started at http://localhost:3000/api/ {"timestamp":"2024-04-25T14:45:26.721Z"}
info: Connected to the database. {"timestamp":"2024-04-25T14:45:26.765Z"}
info: Server started at http://localhost:3000/api/ {"timestamp":"2024-04-25T14:45:33.028Z"}
info: Connected to the database. {"timestamp":"2024-04-25T14:45:33.056Z"}
error: 
    status - 500 
    message - ValidationError: "createdBy" is not allowed 
    url - /api/notes 
    method - POST 
    IP - ::1
   {"timestamp":"2024-04-25T14:45:38.757Z"}
info: Server started at http://localhost:3000/api/ {"timestamp":"2024-04-25T14:47:18.475Z"}
info: Connected to the database. {"timestamp":"2024-04-25T14:47:18.498Z"}
error: 
    status - 500 
    message - ValidationError: "createdBy" is not allowed 
    url - /api/notes 
    method - POST 
    IP - ::1
   {"timestamp":"2024-04-25T14:47:22.897Z"}
info: Server started at http://localhost:3000/api/ {"timestamp":"2024-04-25T14:47:40.412Z"}
info: Connected to the database. {"timestamp":"2024-04-25T14:47:40.449Z"}
info: Server started at http://localhost:3000/api/ {"timestamp":"2024-04-25T14:48:25.272Z"}
info: Connected to the database. {"timestamp":"2024-04-25T14:48:25.314Z"}
info: Server started at http://localhost:3000/api/ {"timestamp":"2024-04-25T14:48:33.146Z"}
info: Connected to the database. {"timestamp":"2024-04-25T14:48:33.173Z"}
error: 
    status - 500 
    message - ValidationError: "createdBy" must be a string 
    url - /api/notes 
    method - POST 
    IP - ::1
   {"timestamp":"2024-04-25T14:48:38.347Z"}
info: Server started at http://localhost:3000/api/ {"timestamp":"2024-04-25T14:49:10.087Z"}
info: Connected to the database. {"timestamp":"2024-04-25T14:49:10.121Z"}
info: Server started at http://localhost:3000/api/ {"timestamp":"2024-04-25T14:49:15.749Z"}
info: Connected to the database. {"timestamp":"2024-04-25T14:49:15.796Z"}
info: Server started at http://localhost:3000/api/ {"timestamp":"2024-04-25T14:49:25.716Z"}
info: Connected to the database. {"timestamp":"2024-04-25T14:49:25.748Z"}
info: Server started at http://localhost:3000/api/ {"timestamp":"2024-04-25T15:27:52.391Z"}
info: Connected to the database. {"timestamp":"2024-04-25T15:27:52.426Z"}
info: Server started at http://localhost:3000/api/ {"timestamp":"2024-04-25T15:27:57.990Z"}
info: Connected to the database. {"timestamp":"2024-04-25T15:27:58.014Z"}
info: Server started at http://localhost:3000/api/ {"timestamp":"2024-04-25T15:28:12.679Z"}
info: Connected to the database. {"timestamp":"2024-04-25T15:28:12.714Z"}
info: Server started at http://localhost:3000/api/ {"timestamp":"2024-04-25T15:28:17.865Z"}
info: Connected to the database. {"timestamp":"2024-04-25T15:28:17.905Z"}
info: Server started at http://localhost:3000/api/ {"timestamp":"2024-04-25T15:28:29.493Z"}
info: Connected to the database. {"timestamp":"2024-04-25T15:28:29.524Z"}
info: Server started at http://localhost:3000/api/ {"timestamp":"2024-04-25T15:30:35.121Z"}
info: Connected to the database. {"timestamp":"2024-04-25T15:30:35.142Z"}
info: Server started at http://localhost:3000/api/ {"timestamp":"2024-04-25T15:42:30.236Z"}
info: Connected to the database. {"timestamp":"2024-04-25T15:42:30.277Z"}
info: Server started at http://localhost:3000/api/ {"timestamp":"2024-04-25T15:43:27.352Z"}
info: Connected to the database. {"timestamp":"2024-04-25T15:43:27.387Z"}
info: Server started at http://localhost:3000/api/ {"timestamp":"2024-04-25T15:43:34.582Z"}
info: Connected to the database. {"timestamp":"2024-04-25T15:43:34.626Z"}
info: Server started at http://localhost:3000/api/ {"timestamp":"2024-04-25T15:44:24.034Z"}
info: Connected to the database. {"timestamp":"2024-04-25T15:44:24.073Z"}
info: Server started at http://localhost:3000/api/ {"timestamp":"2024-04-25T15:44:53.522Z"}
info: Connected to the database. {"timestamp":"2024-04-25T15:44:53.543Z"}
info: Server started at http://localhost:3000/api/ {"timestamp":"2024-04-25T15:44:58.601Z"}
info: Connected to the database. {"timestamp":"2024-04-25T15:44:58.619Z"}
info: Server started at http://localhost:3000/api/ {"timestamp":"2024-04-25T15:45:02.695Z"}
info: Connected to the database. {"timestamp":"2024-04-25T15:45:02.716Z"}
info: Server started at http://localhost:3000/api/ {"timestamp":"2024-04-25T15:45:06.629Z"}
info: Connected to the database. {"timestamp":"2024-04-25T15:45:06.648Z"}
info: Server started at http://localhost:3000/api/ {"timestamp":"2024-04-25T15:45:09.019Z"}
info: Connected to the database. {"timestamp":"2024-04-25T15:45:09.041Z"}
info: Server started at http://localhost:3000/api/ {"timestamp":"2024-04-25T15:45:14.189Z"}
info: Connected to the database. {"timestamp":"2024-04-25T15:45:14.207Z"}
info: Server started at http://localhost:3000/api/ {"timestamp":"2024-04-25T15:47:03.185Z"}
info: Connected to the database. {"timestamp":"2024-04-25T15:47:03.201Z"}
info: Server started at http://localhost:3000/api/ {"timestamp":"2024-04-25T15:47:05.542Z"}
info: Connected to the database. {"timestamp":"2024-04-25T15:47:05.562Z"}
info: Server started at http://localhost:3000/api/ {"timestamp":"2024-04-25T15:47:08.400Z"}
info: Connected to the database. {"timestamp":"2024-04-25T15:47:08.422Z"}
info: Server started at http://localhost:3000/api/ {"timestamp":"2024-04-25T15:55:54.986Z"}
info: Connected to the database. {"timestamp":"2024-04-25T15:55:55.001Z"}
info: Server started at http://localhost:3000/api/ {"timestamp":"2024-04-25T15:55:57.137Z"}
info: Connected to the database. {"timestamp":"2024-04-25T15:55:57.157Z"}
info: Server started at http://localhost:3000/api/ {"timestamp":"2024-04-25T15:56:06.581Z"}
info: Connected to the database. {"timestamp":"2024-04-25T15:56:06.600Z"}
info: Server started at http://localhost:3000/api/ {"timestamp":"2024-04-25T15:56:21.063Z"}
info: Connected to the database. {"timestamp":"2024-04-25T15:56:21.081Z"}
info: Server started at http://localhost:3000/api/ {"timestamp":"2024-04-25T15:56:28.014Z"}
info: Connected to the database. {"timestamp":"2024-04-25T15:56:28.036Z"}
info: Server started at http://localhost:3000/api/ {"timestamp":"2024-04-25T15:56:32.175Z"}
info: Connected to the database. {"timestamp":"2024-04-25T15:56:32.198Z"}
info: Server started at http://localhost:3000/api/ {"timestamp":"2024-04-25T15:56:45.597Z"}
info: Connected to the database. {"timestamp":"2024-04-25T15:56:45.617Z"}
info: Server started at http://localhost:3000/api/ {"timestamp":"2024-04-25T15:56:49.454Z"}
info: Connected to the database. {"timestamp":"2024-04-25T15:56:49.471Z"}
info: Server started at http://localhost:3000/api/ {"timestamp":"2024-04-25T15:56:54.150Z"}
info: Connected to the database. {"timestamp":"2024-04-25T15:56:54.166Z"}
info: Server started at http://localhost:3000/api/ {"timestamp":"2024-04-25T15:56:58.023Z"}
info: Connected to the database. {"timestamp":"2024-04-25T15:56:58.041Z"}
info: Server started at http://localhost:3000/api/ {"timestamp":"2024-04-25T15:57:47.094Z"}
info: Connected to the database. {"timestamp":"2024-04-25T15:57:47.114Z"}
info: Server started at http://localhost:3000/api/ {"timestamp":"2024-04-25T15:57:55.017Z"}
info: Connected to the database. {"timestamp":"2024-04-25T15:57:55.034Z"}
info: Server started at http://localhost:3000/api/ {"timestamp":"2024-04-25T15:58:10.219Z"}
info: Connected to the database. {"timestamp":"2024-04-25T15:58:10.237Z"}
info: Server started at http://localhost:3000/api/ {"timestamp":"2024-04-25T15:58:14.481Z"}
info: Connected to the database. {"timestamp":"2024-04-25T15:58:14.501Z"}
info: Server started at http://localhost:3000/api/ {"timestamp":"2024-04-25T15:58:24.608Z"}
info: Connected to the database. {"timestamp":"2024-04-25T15:58:24.626Z"}
info: Server started at http://localhost:3000/api/ {"timestamp":"2024-04-25T15:59:17.925Z"}
info: Connected to the database. {"timestamp":"2024-04-25T15:59:17.946Z"}
info: Server started at http://localhost:3000/api/ {"timestamp":"2024-04-25T15:59:23.952Z"}
info: Connected to the database. {"timestamp":"2024-04-25T15:59:23.967Z"}
info: Server started at http://localhost:3000/api/ {"timestamp":"2024-04-25T15:59:32.381Z"}
info: Connected to the database. {"timestamp":"2024-04-25T15:59:32.398Z"}
info: Server started at http://localhost:3000/api/ {"timestamp":"2024-04-25T15:59:42.306Z"}
info: Connected to the database. {"timestamp":"2024-04-25T15:59:42.321Z"}
info: Server started at http://localhost:3000/api/ {"timestamp":"2024-04-25T15:59:57.081Z"}
info: Connected to the database. {"timestamp":"2024-04-25T15:59:57.098Z"}
info: Server started at http://localhost:3000/api/ {"timestamp":"2024-04-25T16:00:06.585Z"}
info: Connected to the database. {"timestamp":"2024-04-25T16:00:06.605Z"}
info: Server started at http://localhost:3000/api/ {"timestamp":"2024-04-25T16:00:10.993Z"}
info: Connected to the database. {"timestamp":"2024-04-25T16:00:11.010Z"}
info: Server started at http://localhost:3000/api/ {"timestamp":"2024-04-25T16:00:16.247Z"}
info: Connected to the database. {"timestamp":"2024-04-25T16:00:16.262Z"}
info: Server started at http://localhost:3000/api/ {"timestamp":"2024-04-25T16:01:39.815Z"}
info: Connected to the database. {"timestamp":"2024-04-25T16:01:39.831Z"}
info: Server started at http://localhost:3000/api/ {"timestamp":"2024-04-25T16:02:28.039Z"}
info: Connected to the database. {"timestamp":"2024-04-25T16:02:28.057Z"}
info: Server started at http://localhost:3000/api/ {"timestamp":"2024-04-25T16:02:33.197Z"}
info: Connected to the database. {"timestamp":"2024-04-25T16:02:33.217Z"}
info: Server started at http://localhost:3000/api/ {"timestamp":"2024-04-25T16:02:44.733Z"}
info: Connected to the database. {"timestamp":"2024-04-25T16:02:44.756Z"}
info: Server started at http://localhost:3000/api/ {"timestamp":"2024-04-25T16:03:35.866Z"}
info: Connected to the database. {"timestamp":"2024-04-25T16:03:35.881Z"}
info: Server started at http://localhost:3000/api/ {"timestamp":"2024-04-25T16:06:21.181Z"}
info: Connected to the database. {"timestamp":"2024-04-25T16:06:21.198Z"}
info: Server started at http://localhost:3000/api/ {"timestamp":"2024-04-25T16:06:51.266Z"}
info: Connected to the database. {"timestamp":"2024-04-25T16:06:51.285Z"}
info: Server started at http://localhost:3000/api/ {"timestamp":"2024-04-25T16:06:57.491Z"}
info: Connected to the database. {"timestamp":"2024-04-25T16:06:57.512Z"}
info: Server started at http://localhost:3000/api/ {"timestamp":"2024-04-25T16:07:00.455Z"}
info: Connected to the database. {"timestamp":"2024-04-25T16:07:00.472Z"}
info: Server started at http://localhost:3000/api/ {"timestamp":"2024-04-25T16:08:42.393Z"}
info: Connected to the database. {"timestamp":"2024-04-25T16:08:42.410Z"}
info: Server started at http://localhost:3000/api/ {"timestamp":"2024-04-25T16:12:05.775Z"}
info: Connected to the database. {"timestamp":"2024-04-25T16:12:05.793Z"}
info: Server started at http://localhost:3000/api/ {"timestamp":"2024-04-25T16:12:09.197Z"}
info: Connected to the database. {"timestamp":"2024-04-25T16:12:09.216Z"}
info: Server started at http://localhost:3000/api/ {"timestamp":"2024-04-25T16:20:22.492Z"}
info: Connected to the database. {"timestamp":"2024-04-25T16:20:22.511Z"}
info: Server started at http://localhost:3000/api/ {"timestamp":"2024-04-25T16:20:26.878Z"}
info: Connected to the database. {"timestamp":"2024-04-25T16:20:26.896Z"}
info: Server started at http://localhost:3000/api/ {"timestamp":"2024-04-25T16:20:35.734Z"}
info: Connected to the database. {"timestamp":"2024-04-25T16:20:35.752Z"}
info: Server started at http://localhost:3000/api/ {"timestamp":"2024-04-25T16:20:38.804Z"}
info: Connected to the database. {"timestamp":"2024-04-25T16:20:38.824Z"}
info: Server started at http://localhost:3000/api/ {"timestamp":"2024-04-25T16:20:41.129Z"}
info: Connected to the database. {"timestamp":"2024-04-25T16:20:41.148Z"}
info: Server started at http://localhost:3000/api/ {"timestamp":"2024-04-25T16:20:47.460Z"}
info: Connected to the database. {"timestamp":"2024-04-25T16:20:47.477Z"}
info: Server started at http://localhost:3000/api/ {"timestamp":"2024-04-25T16:20:51.090Z"}
info: Connected to the database. {"timestamp":"2024-04-25T16:20:51.108Z"}
info: Server started at http://localhost:3000/api/ {"timestamp":"2024-04-25T16:20:54.433Z"}
info: Connected to the database. {"timestamp":"2024-04-25T16:20:54.449Z"}
info: Server started at http://localhost:3000/api/ {"timestamp":"2024-04-25T16:21:04.550Z"}
info: Connected to the database. {"timestamp":"2024-04-25T16:21:04.567Z"}
info: Server started at http://localhost:3000/api/ {"timestamp":"2024-04-25T16:21:06.482Z"}
info: Connected to the database. {"timestamp":"2024-04-25T16:21:06.501Z"}
info: Server started at http://localhost:3000/api/ {"timestamp":"2024-04-25T16:21:13.648Z"}
info: Connected to the database. {"timestamp":"2024-04-25T16:21:13.666Z"}
info: Server started at http://localhost:3000/api/ {"timestamp":"2024-04-25T16:21:28.875Z"}
info: Connected to the database. {"timestamp":"2024-04-25T16:21:28.890Z"}
info: Server started at http://localhost:3000/api/ {"timestamp":"2024-04-25T16:21:32.190Z"}
info: Connected to the database. {"timestamp":"2024-04-25T16:21:32.213Z"}
info: Server started at http://localhost:3000/api/ {"timestamp":"2024-04-25T16:21:35.264Z"}
info: Connected to the database. {"timestamp":"2024-04-25T16:21:35.283Z"}
info: Server started at http://localhost:3000/api/ {"timestamp":"2024-04-25T16:21:38.759Z"}
info: Connected to the database. {"timestamp":"2024-04-25T16:21:38.780Z"}
info: Server started at http://localhost:3000/api/ {"timestamp":"2024-04-25T16:21:58.369Z"}
info: Connected to the database. {"timestamp":"2024-04-25T16:21:58.392Z"}
info: Server started at http://localhost:3000/api/ {"timestamp":"2024-04-25T16:22:13.278Z"}
info: Connected to the database. {"timestamp":"2024-04-25T16:22:13.297Z"}
info: Server started at http://localhost:3000/api/ {"timestamp":"2024-04-25T16:22:17.185Z"}
info: Connected to the database. {"timestamp":"2024-04-25T16:22:17.201Z"}
info: Server started at http://localhost:3000/api/ {"timestamp":"2024-04-25T16:22:22.650Z"}
info: Connected to the database. {"timestamp":"2024-04-25T16:22:22.669Z"}
info: Server started at http://localhost:3000/api/ {"timestamp":"2024-04-25T16:22:28.679Z"}
info: Connected to the database. {"timestamp":"2024-04-25T16:22:28.697Z"}
info: Server started at http://localhost:3000/api/ {"timestamp":"2024-04-25T16:22:35.715Z"}
info: Connected to the database. {"timestamp":"2024-04-25T16:22:35.731Z"}
info: Server started at http://localhost:3000/api/ {"timestamp":"2024-04-25T16:22:39.376Z"}
info: Connected to the database. {"timestamp":"2024-04-25T16:22:39.395Z"}
info: Server started at http://localhost:3000/api/ {"timestamp":"2024-04-25T16:22:56.024Z"}
info: Connected to the database. {"timestamp":"2024-04-25T16:22:56.041Z"}
info: Server started at http://localhost:3000/api/ {"timestamp":"2024-04-25T16:23:00.079Z"}
info: Connected to the database. {"timestamp":"2024-04-25T16:23:00.098Z"}
info: Server started at http://localhost:3000/api/ {"timestamp":"2024-04-25T16:23:03.732Z"}
info: Connected to the database. {"timestamp":"2024-04-25T16:23:03.747Z"}
info: Server started at http://localhost:3000/api/ {"timestamp":"2024-04-25T16:23:26.695Z"}
info: Connected to the database. {"timestamp":"2024-04-25T16:23:26.711Z"}
info: Server started at http://localhost:3000/api/ {"timestamp":"2024-04-25T16:24:17.194Z"}
info: Connected to the database. {"timestamp":"2024-04-25T16:24:17.216Z"}
info: Server started at http://localhost:3000/api/ {"timestamp":"2024-04-25T16:24:23.249Z"}
info: Connected to the database. {"timestamp":"2024-04-25T16:24:23.267Z"}
info: Server started at http://localhost:3000/api/ {"timestamp":"2024-04-25T16:24:30.158Z"}
info: Connected to the database. {"timestamp":"2024-04-25T16:24:30.177Z"}
info: Server started at http://localhost:3000/api/ {"timestamp":"2024-04-25T16:24:49.485Z"}
info: Connected to the database. {"timestamp":"2024-04-25T16:24:49.501Z"}
info: Server started at http://localhost:3000/api/ {"timestamp":"2024-04-25T16:24:53.257Z"}
info: Connected to the database. {"timestamp":"2024-04-25T16:24:53.273Z"}
info: Server started at http://localhost:3000/api/ {"timestamp":"2024-04-25T16:24:56.665Z"}
info: Connected to the database. {"timestamp":"2024-04-25T16:24:56.684Z"}
info: Server started at http://localhost:3000/api/ {"timestamp":"2024-04-25T16:24:58.799Z"}
info: Connected to the database. {"timestamp":"2024-04-25T16:24:58.816Z"}
info: Server started at http://localhost:3000/api/ {"timestamp":"2024-04-25T16:28:26.667Z"}
info: Connected to the database. {"timestamp":"2024-04-25T16:28:26.685Z"}
info: Server started at http://localhost:3000/api/ {"timestamp":"2024-04-25T16:28:29.192Z"}
info: Connected to the database. {"timestamp":"2024-04-25T16:28:29.207Z"}
info: Server started at http://localhost:3000/api/ {"timestamp":"2024-04-25T16:28:34.498Z"}
info: Connected to the database. {"timestamp":"2024-04-25T16:28:34.516Z"}
info: Server started at http://localhost:3000/api/ {"timestamp":"2024-04-25T16:29:02.680Z"}
info: Connected to the database. {"timestamp":"2024-04-25T16:29:02.700Z"}
info: Server started at http://localhost:3000/api/ {"timestamp":"2024-04-25T16:29:07.419Z"}
info: Connected to the database. {"timestamp":"2024-04-25T16:29:07.438Z"}
info: Server started at http://localhost:3000/api/ {"timestamp":"2024-04-25T16:29:09.487Z"}
info: Connected to the database. {"timestamp":"2024-04-25T16:29:09.504Z"}
info: Server started at http://localhost:3000/api/ {"timestamp":"2024-04-25T16:29:20.059Z"}
info: Connected to the database. {"timestamp":"2024-04-25T16:29:20.077Z"}
info: Server started at http://localhost:3000/api/ {"timestamp":"2024-04-25T16:29:28.764Z"}
info: Connected to the database. {"timestamp":"2024-04-25T16:29:28.780Z"}
info: Server started at http://localhost:3000/api/ {"timestamp":"2024-04-25T16:29:32.328Z"}
info: Connected to the database. {"timestamp":"2024-04-25T16:29:32.347Z"}
info: Server started at http://localhost:3000/api/ {"timestamp":"2024-04-25T16:29:38.339Z"}
info: Connected to the database. {"timestamp":"2024-04-25T16:29:38.355Z"}
