[2024-05-18T03:56:53.194Z] [32minfo[39m: Admin Connecting
[2024-05-18T03:56:53.199Z] [32minfo[39m: Admin Connected Successfully
[2024-05-18T03:56:53.218Z] [32minfo[39m: Server started at http://localhost:3000/api/
[2024-05-18T03:56:53.284Z] [32minfo[39m: Connected to the database.
[2024-05-18T03:57:30.032Z] [32minfo[39m: Admin Connecting
[2024-05-18T03:57:30.037Z] [32minfo[39m: Admin Connected Successfully
[2024-05-18T03:57:30.058Z] [32minfo[39m: Server started at http://localhost:3000/api/
[2024-05-18T03:57:30.118Z] [32minfo[39m: Connected to the database.
[2024-05-18T03:57:43.676Z] [32minfo[39m: Admin Connecting
[2024-05-18T03:57:43.683Z] [32minfo[39m: Admin Connected Successfully
[2024-05-18T03:57:43.706Z] [32minfo[39m: Server started at http://localhost:3000/api/
[2024-05-18T03:57:43.786Z] [32minfo[39m: Connected to the database.
[2024-05-18T04:00:05.351Z] [32minfo[39m: Admin Connecting
[2024-05-18T04:00:05.355Z] [32minfo[39m: Admin Connected Successfully
[2024-05-18T04:00:05.369Z] [32minfo[39m: Server started at http://localhost:3000/api/
[2024-05-18T04:00:05.421Z] [32minfo[39m: Connected to the database.
[2024-05-18T04:58:47.212Z] [32minfo[39m: Connecting Producer
[2024-05-18T04:58:47.360Z] [32minfo[39m: Admin Connecting
[2024-05-18T04:58:47.360Z] [32minfo[39m: Admin Connected Successfully
[2024-05-18T04:58:47.371Z] [32minfo[39m: Server started at http://localhost:3000/api/
[2024-05-18T04:58:47.406Z] [32minfo[39m: Connected to the database.
[2024-05-18T04:58:47.539Z] [32minfo[39m: Producer Connected Successfully
[2024-05-18T04:58:47.732Z] [32minfo[39m: Topics Created Successfully
[2024-05-18T04:58:47.733Z] [32minfo[39m: Admin Disconnecting...
[2024-05-18T04:59:24.470Z] [32minfo[39m: Connecting Producer
[2024-05-18T04:59:24.572Z] [32minfo[39m: Admin Connecting
[2024-05-18T04:59:24.572Z] [32minfo[39m: Admin Connected Successfully
[2024-05-18T04:59:24.582Z] [32minfo[39m: Server started at http://localhost:3000/api/
[2024-05-18T04:59:24.608Z] [32minfo[39m: Producer Connected Successfully
[2024-05-18T04:59:24.629Z] [32minfo[39m: Connected to the database.
[2024-05-18T04:59:24.642Z] [32minfo[39m: Topics Created Successfully
[2024-05-18T04:59:24.643Z] [32minfo[39m: Admin Disconnecting...
[2024-05-18T05:01:02.952Z] [32minfo[39m: Connecting Producer
[2024-05-18T05:01:03.109Z] [32minfo[39m: Producer Connected Successfully
[2024-05-18T05:01:03.122Z] [32minfo[39m: Connected to the database.
[2024-05-18T05:02:32.357Z] [32minfo[39m: Connecting Producer
[2024-05-18T05:02:32.512Z] [32minfo[39m: Producer Connected Successfully
[2024-05-18T05:02:32.525Z] [32minfo[39m: Connected to the database.
[2024-05-18T05:03:16.571Z] [32minfo[39m: Connecting Producer
[2024-05-18T05:03:16.779Z] [32minfo[39m: Producer Connected Successfully
[2024-05-18T05:03:16.798Z] [32minfo[39m: Connected to the database.
[2024-05-18T05:03:21.585Z] [32minfo[39m: Connecting Producer
[2024-05-18T05:03:21.736Z] [32minfo[39m: Producer Connected Successfully
[2024-05-18T05:03:21.748Z] [32minfo[39m: Connected to the database.
[2024-05-18T05:03:48.806Z] [32minfo[39m: Connecting Producer
[2024-05-18T05:03:48.950Z] [32minfo[39m: Producer Connected Successfully
[2024-05-18T05:03:48.963Z] [32minfo[39m: Connected to the database.
[2024-05-18T05:04:07.710Z] [32minfo[39m: Connecting Producer
[2024-05-18T05:04:07.871Z] [32minfo[39m: Producer Connected Successfully
[2024-05-18T05:04:07.882Z] [32minfo[39m: Connected to the database.
[2024-05-18T05:04:14.156Z] [32minfo[39m: Connecting Producer
[2024-05-18T05:04:14.270Z] [32minfo[39m: Admin Connecting
[2024-05-18T05:04:14.271Z] [32minfo[39m: Admin Connected Successfully
[2024-05-18T05:04:14.280Z] [32minfo[39m: Server started at http://localhost:3000/api/
[2024-05-18T05:04:14.305Z] [32minfo[39m: Producer Connected Successfully
[2024-05-18T05:04:14.332Z] [32minfo[39m: Connected to the database.
[2024-05-18T05:04:14.350Z] [32minfo[39m: Topics Created Successfully
[2024-05-18T05:04:14.351Z] [32minfo[39m: Admin Disconnecting...
[2024-05-18T05:04:24.589Z] [32minfo[39m: Connecting Producer
[2024-05-18T05:04:24.717Z] [32minfo[39m: Admin Connecting
[2024-05-18T05:04:24.717Z] [32minfo[39m: Admin Connected Successfully
[2024-05-18T05:04:24.728Z] [32minfo[39m: Server started at http://localhost:3000/api/
[2024-05-18T05:04:24.750Z] [32minfo[39m: Producer Connected Successfully
[2024-05-18T05:04:24.775Z] [32minfo[39m: Connected to the database.
[2024-05-18T05:04:24.790Z] [32minfo[39m: Topics Created Successfully
[2024-05-18T05:04:24.791Z] [32minfo[39m: Admin Disconnecting...
[2024-05-18T05:06:02.044Z] [32minfo[39m: Connecting Producer
[2024-05-18T05:06:02.151Z] [32minfo[39m: Admin Connecting
[2024-05-18T05:06:02.151Z] [32minfo[39m: Admin Connected Successfully
[2024-05-18T05:06:02.161Z] [32minfo[39m: Server started at http://localhost:3000/api/
[2024-05-18T05:06:02.182Z] [32minfo[39m: Producer Connected Successfully
[2024-05-18T05:06:02.203Z] [32minfo[39m: Connected to the database.
[2024-05-18T05:06:02.218Z] [32minfo[39m: Topics Created Successfully
[2024-05-18T05:06:02.218Z] [32minfo[39m: Admin Disconnecting...
[2024-05-18T05:06:18.714Z] [32minfo[39m: Connecting Producer
[2024-05-18T05:06:18.864Z] [32minfo[39m: Admin Connecting
[2024-05-18T05:06:18.865Z] [32minfo[39m: Admin Connected Successfully
[2024-05-18T05:06:18.874Z] [32minfo[39m: Server started at http://localhost:3000/api/
[2024-05-18T05:06:18.898Z] [32minfo[39m: Producer Connected Successfully
[2024-05-18T05:06:18.919Z] [32minfo[39m: Connected to the database.
[2024-05-18T05:06:18.934Z] [32minfo[39m: Topics Created Successfully
[2024-05-18T05:06:18.935Z] [32minfo[39m: Admin Disconnecting...
[2024-05-18T05:08:00.883Z] [32minfo[39m: Connecting Producer
[2024-05-18T05:08:00.996Z] [32minfo[39m: Admin Connecting
[2024-05-18T05:08:00.997Z] [32minfo[39m: Admin Connected Successfully
[2024-05-18T05:08:01.007Z] [32minfo[39m: Server started at http://localhost:3000/api/
[2024-05-18T05:08:01.030Z] [32minfo[39m: Producer Connected Successfully
[2024-05-18T05:08:01.053Z] [32minfo[39m: Connected to the database.
[2024-05-18T05:08:01.065Z] [32minfo[39m: Topics Created Successfully
[2024-05-18T05:08:01.065Z] [32minfo[39m: Admin Disconnecting...
[2024-05-18T05:10:14.930Z] [32minfo[39m: Connecting Producer
[2024-05-18T05:10:15.053Z] [32minfo[39m: Admin Connecting
[2024-05-18T05:10:15.054Z] [32minfo[39m: Admin Connected Successfully
[2024-05-18T05:10:15.071Z] [32minfo[39m: Server started at http://localhost:3000/api/
[2024-05-18T05:10:15.096Z] [32minfo[39m: Producer Connected Successfully
[2024-05-18T05:10:15.118Z] [32minfo[39m: Connected to the database.
[2024-05-18T05:10:15.131Z] [32minfo[39m: Topics Created Successfully
[2024-05-18T05:10:15.132Z] [32minfo[39m: Admin Disconnecting...
[2024-05-18T05:10:23.137Z] [32minfo[39m: Connecting Producer
[2024-05-18T05:10:23.252Z] [32minfo[39m: Admin Connecting
[2024-05-18T05:10:23.253Z] [32minfo[39m: Admin Connected Successfully
[2024-05-18T05:10:23.262Z] [32minfo[39m: Server started at http://localhost:3000/api/
[2024-05-18T05:10:23.290Z] [32minfo[39m: Producer Connected Successfully
[2024-05-18T05:10:23.313Z] [32minfo[39m: Connected to the database.
[2024-05-18T05:10:23.326Z] [32minfo[39m: Topics Created Successfully
[2024-05-18T05:10:23.327Z] [32minfo[39m: Admin Disconnecting...
[2024-05-18T05:11:45.766Z] [32minfo[39m: Connecting Producer
[2024-05-18T05:11:45.888Z] [32minfo[39m: Admin Connecting
[2024-05-18T05:11:45.888Z] [32minfo[39m: Admin Connected Successfully
[2024-05-18T05:11:45.898Z] [32minfo[39m: Server started at http://localhost:3000/api/
[2024-05-18T05:11:45.923Z] [32minfo[39m: Producer Connected Successfully
[2024-05-18T05:11:45.923Z] [32minfo[39m: undefined
[2024-05-18T05:11:45.946Z] [32minfo[39m: Connected to the database.
[2024-05-18T05:11:45.959Z] [32minfo[39m: Topics Created Successfully
[2024-05-18T05:11:45.959Z] [32minfo[39m: Admin Disconnecting...
[2024-05-18T05:12:03.557Z] [32minfo[39m: Connecting Producer
[2024-05-18T05:12:03.668Z] [32minfo[39m: Admin Connecting
[2024-05-18T05:12:03.669Z] [32minfo[39m: Admin Connected Successfully
[2024-05-18T05:12:03.679Z] [32minfo[39m: Server started at http://localhost:3000/api/
[2024-05-18T05:12:03.702Z] [32minfo[39m: Producer Connected Successfully
[2024-05-18T05:12:03.726Z] [32minfo[39m: Connected to the database.
[2024-05-18T05:12:03.741Z] [32minfo[39m: Topics Created Successfully
[2024-05-18T05:12:03.742Z] [32minfo[39m: Admin Disconnecting...
[2024-05-18T05:12:09.701Z] [32minfo[39m: Connecting Producer
[2024-05-18T05:12:09.863Z] [32minfo[39m: Admin Connecting
[2024-05-18T05:12:09.864Z] [32minfo[39m: Admin Connected Successfully
[2024-05-18T05:12:09.876Z] [32minfo[39m: Server started at http://localhost:3000/api/
[2024-05-18T05:12:09.905Z] [32minfo[39m: Producer Connected Successfully
[2024-05-18T05:12:09.935Z] [32minfo[39m: Connected to the database.
[2024-05-18T05:12:09.957Z] [32minfo[39m: Topics Created Successfully
[2024-05-18T05:12:09.959Z] [32minfo[39m: Admin Disconnecting...
[2024-05-18T05:12:26.751Z] [32minfo[39m: Connecting Producer
[2024-05-18T05:12:26.867Z] [32minfo[39m: Admin Connecting
[2024-05-18T05:12:26.867Z] [32minfo[39m: Admin Connected Successfully
[2024-05-18T05:12:26.880Z] [32minfo[39m: Server started at http://localhost:3000/api/
[2024-05-18T05:12:26.907Z] [32minfo[39m: Producer Connected Successfully
[2024-05-18T05:12:26.937Z] [32minfo[39m: Connected to the database.
[2024-05-18T05:12:26.953Z] [32minfo[39m: Topics Created Successfully
[2024-05-18T05:12:26.953Z] [32minfo[39m: Admin Disconnecting...
[2024-05-18T05:12:37.055Z] [32minfo[39m: Connecting Producer
[2024-05-18T05:12:37.163Z] [32minfo[39m: Admin Connecting
[2024-05-18T05:12:37.164Z] [32minfo[39m: Admin Connected Successfully
[2024-05-18T05:12:37.173Z] [32minfo[39m: Server started at http://localhost:3000/api/
[2024-05-18T05:12:37.201Z] [32minfo[39m: Producer Connected Successfully
[2024-05-18T05:12:37.223Z] [32minfo[39m: Connected to the database.
[2024-05-18T05:12:37.235Z] [32minfo[39m: Topics Created Successfully
[2024-05-18T05:12:37.236Z] [32minfo[39m: Admin Disconnecting...
[2024-05-18T05:12:44.264Z] [32minfo[39m: Connecting Producer
[2024-05-18T05:12:44.366Z] [32minfo[39m: Admin Connecting
[2024-05-18T05:12:44.367Z] [32minfo[39m: Admin Connected Successfully
[2024-05-18T05:12:44.379Z] [32minfo[39m: Server started at http://localhost:3000/api/
[2024-05-18T05:12:44.399Z] [32minfo[39m: Producer Connected Successfully
[2024-05-18T05:12:44.420Z] [32minfo[39m: Connected to the database.
[2024-05-18T05:12:44.434Z] [32minfo[39m: Topics Created Successfully
[2024-05-18T05:12:44.435Z] [32minfo[39m: Admin Disconnecting...
[2024-05-18T05:13:05.763Z] [32minfo[39m: Connecting Producer
[2024-05-18T05:13:05.874Z] [32minfo[39m: Admin Connecting
[2024-05-18T05:13:05.874Z] [32minfo[39m: Admin Connected Successfully
[2024-05-18T05:13:05.884Z] [32minfo[39m: Server started at http://localhost:3000/api/
[2024-05-18T05:13:05.906Z] [32minfo[39m: Producer Connected Successfully
[2024-05-18T05:13:05.926Z] [32minfo[39m: Connected to the database.
[2024-05-18T05:13:05.941Z] [32minfo[39m: Topics Created Successfully
[2024-05-18T05:13:05.941Z] [32minfo[39m: Admin Disconnecting...
[2024-05-18T05:19:12.698Z] [32minfo[39m: Admin Connecting
[2024-05-18T05:19:12.701Z] [32minfo[39m: Admin Connected Successfully
[2024-05-18T05:19:12.711Z] [32minfo[39m: Server started at http://localhost:3000/api/
[2024-05-18T05:19:12.743Z] [32minfo[39m: Connected to the database.
[2024-05-18T05:19:12.757Z] [32minfo[39m: Topics Created Successfully
[2024-05-18T05:19:12.758Z] [32minfo[39m: Admin Disconnecting...
[2024-05-18T05:19:46.908Z] [32minfo[39m: Admin Connecting
[2024-05-18T05:19:46.911Z] [32minfo[39m: Admin Connected Successfully
[2024-05-18T05:19:46.921Z] [32minfo[39m: Server started at http://localhost:3000/api/
[2024-05-18T05:19:46.957Z] [32minfo[39m: Connected to the database.
[2024-05-18T05:19:46.971Z] [32minfo[39m: Topics Created Successfully
[2024-05-18T05:19:46.972Z] [32minfo[39m: Admin Disconnecting...
[2024-05-18T05:20:21.554Z] [32minfo[39m: Admin Connecting
[2024-05-18T05:20:21.557Z] [32minfo[39m: Admin Connected Successfully
[2024-05-18T05:20:21.568Z] [32minfo[39m: Server started at http://localhost:3000/api/
[2024-05-18T05:20:21.600Z] [32minfo[39m: Connected to the database.
[2024-05-18T05:20:21.614Z] [32minfo[39m: Topics Created Successfully
[2024-05-18T05:20:21.614Z] [32minfo[39m: Admin Disconnecting...
[2024-05-18T05:21:15.338Z] [32minfo[39m: Admin Connecting
[2024-05-18T05:21:15.341Z] [32minfo[39m: Admin Connected Successfully
[2024-05-18T05:21:15.353Z] [32minfo[39m: Server started at http://localhost:3000/api/
[2024-05-18T05:21:15.387Z] [32minfo[39m: Connected to the database.
[2024-05-18T05:21:15.400Z] [32minfo[39m: Topics Created Successfully
[2024-05-18T05:21:15.401Z] [32minfo[39m: Admin Disconnecting...
[2024-05-18T05:23:44.106Z] [32minfo[39m: Admin Connecting
[2024-05-18T05:23:44.109Z] [32minfo[39m: Admin Connected Successfully
[2024-05-18T05:23:44.124Z] [32minfo[39m: Server started at http://localhost:3000/api/
[2024-05-18T05:23:44.175Z] [32minfo[39m: Connected to the database.
[2024-05-18T05:23:44.198Z] [32minfo[39m: Topics Created Successfully
[2024-05-18T05:23:44.198Z] [32minfo[39m: Admin Disconnecting...
[2024-05-18T05:26:03.048Z] [32minfo[39m: Connecting Producer
[2024-05-18T05:26:03.057Z] [32minfo[39m: Producer Connected Successfully
[2024-05-18T05:31:20.172Z] [32minfo[39m: Admin Connecting
[2024-05-18T05:31:20.175Z] [32minfo[39m: Admin Connected Successfully
[2024-05-18T05:31:20.185Z] [32minfo[39m: Server started at http://localhost:3000/api/
[2024-05-18T05:31:20.216Z] [32minfo[39m: Connected to the database.
[2024-05-18T05:31:20.228Z] [32minfo[39m: Topics Created Successfully
[2024-05-18T05:31:20.229Z] [32minfo[39m: Admin Disconnecting...
[2024-05-18T05:33:18.469Z] [32minfo[39m: Admin Connecting
[2024-05-18T05:33:18.472Z] [32minfo[39m: Admin Connected Successfully
[2024-05-18T05:33:18.483Z] [32minfo[39m: Server started at http://localhost:3000/api/
[2024-05-18T05:33:18.514Z] [32minfo[39m: Connected to the database.
[2024-05-18T05:33:18.526Z] [32minfo[39m: Topics Created Successfully
[2024-05-18T05:33:18.527Z] [32minfo[39m: Admin Disconnecting...
[2024-05-18T05:34:30.932Z] [32minfo[39m: Admin Connecting
[2024-05-18T05:34:30.934Z] [32minfo[39m: Admin Connected Successfully
[2024-05-18T05:34:30.944Z] [32minfo[39m: Server started at http://localhost:3000/api/
[2024-05-18T05:34:30.977Z] [32minfo[39m: Connected to the database.
[2024-05-18T05:34:30.989Z] [32minfo[39m: Topics Created Successfully
[2024-05-18T05:34:30.989Z] [32minfo[39m: Admin Disconnecting...
[2024-05-18T05:34:55.133Z] [32minfo[39m: Connecting Producer
[2024-05-18T05:34:55.144Z] [32minfo[39m: Producer Connected Successfully
[2024-05-18T06:06:47.135Z] [32minfo[39m: Admin Connecting
[2024-05-18T06:06:47.138Z] [32minfo[39m: Admin Connected Successfully
[2024-05-18T06:06:47.148Z] [32minfo[39m: Server started at http://localhost:3000/api/
[2024-05-18T06:06:47.187Z] [32minfo[39m: Connected to the database.
[2024-05-18T06:06:47.202Z] [32minfo[39m: Topics Created Successfully
[2024-05-18T06:06:47.203Z] [32minfo[39m: Admin Disconnecting...
[2024-05-18T08:04:07.322Z] [32minfo[39m: Admin Connecting
[2024-05-18T08:04:07.328Z] [32minfo[39m: Admin Connected Successfully
[2024-05-18T08:04:07.349Z] [32minfo[39m: Server started at http://localhost:3000/api/
[2024-05-18T08:04:07.450Z] [32minfo[39m: Connected to the database.
[2024-05-18T08:04:07.490Z] [32minfo[39m: Topics Created Successfully
[2024-05-18T08:04:07.492Z] [32minfo[39m: Admin Disconnecting...
[2024-05-18T08:06:06.838Z] [32minfo[39m: Admin Connecting
[2024-05-18T08:06:06.843Z] [32minfo[39m: Admin Connected Successfully
[2024-05-18T08:06:06.866Z] [32minfo[39m: Server started at http://localhost:3000/api/
[2024-05-18T08:06:06.981Z] [32minfo[39m: Connected to the database.
[2024-05-18T08:06:07.015Z] [32minfo[39m: Topics Created Successfully
[2024-05-18T08:06:07.016Z] [32minfo[39m: Admin Disconnecting...
[2024-05-18T08:06:23.951Z] [32minfo[39m: Admin Connecting
[2024-05-18T08:06:23.957Z] [32minfo[39m: Admin Connected Successfully
[2024-05-18T08:06:23.981Z] [32minfo[39m: Server started at http://localhost:3000/api/
[2024-05-18T08:06:24.082Z] [32minfo[39m: Connected to the database.
[2024-05-18T08:06:24.117Z] [32minfo[39m: Topics Created Successfully
[2024-05-18T08:06:24.119Z] [32minfo[39m: Admin Disconnecting...
