info: ::1 - - [24/Apr/2024:03:07:39 +0000] "POST /api/users/662613cdf932bd37f46ac264 HTTP/1.1" 404 47 "-" "PostmanRuntime/7.37.3"

info: ::1 - - [24/Apr/2024:03:09:21 +0000] "POST /api/users/662613cdf932bd37f46ac264 HTTP/1.1" 404 47 "-" "PostmanRuntime/7.37.3"

info: ::1 - - [24/Apr/2024:03:09:37 +0000] "PUT /api/users/662613cdf932bd37f46ac264 HTTP/1.1" 200 60 "-" "PostmanRuntime/7.37.3"

info: ::1 - - [24/Apr/2024:03:11:36 +0000] "PUT /api/users/662613cdf932bd37f46ac264 HTTP/1.1" 200 60 "-" "PostmanRuntime/7.37.3"

info: ::1 - - [24/Apr/2024:03:12:16 +0000] "PUT /api/users/662613cdf932bd37f46ac264 HTTP/1.1" 200 60 "-" "PostmanRuntime/7.37.3"

info: ::1 - - [24/Apr/2024:03:13:19 +0000] "PUT /api/users/662613cdf932bd37f46ac264 HTTP/1.1" 200 60 "-" "PostmanRuntime/7.37.3"

info: ::1 - - [24/Apr/2024:03:14:34 +0000] "PUT /api/users/662613cdf932bd37f46ac264 HTTP/1.1" 200 60 "-" "PostmanRuntime/7.37.3"

info: ::1 - - [24/Apr/2024:03:20:42 +0000] "PUT /api/users/662613cdf932bd37f46ac264 HTTP/1.1" 200 60 "-" "PostmanRuntime/7.37.3"

info: ::1 - - [24/Apr/2024:03:21:41 +0000] "PUT /api/users/662613cdf932bd37f46ac264 HTTP/1.1" 200 60 "-" "PostmanRuntime/7.37.3"

info: ::1 - - [24/Apr/2024:03:24:01 +0000] "PUT /api/users/662613cdf932bd37f46ac264 HTTP/1.1" 200 60 "-" "PostmanRuntime/7.37.3"

info: ::1 - - [24/Apr/2024:03:30:23 +0000] "PUT /api/users/662613cdf932bd37f46ac264 HTTP/1.1" 200 60 "-" "PostmanRuntime/7.37.3"

info: ::1 - - [24/Apr/2024:03:35:19 +0000] "PUT /api/users/662613cdf932bd37f46ac264 HTTP/1.1" 200 60 "-" "PostmanRuntime/7.37.3"

info: ::1 - - [24/Apr/2024:03:35:59 +0000] "PUT /api/users/662613cdf932bd37f46ac264 HTTP/1.1" 200 60 "-" "PostmanRuntime/7.37.3"

info: ::1 - - [24/Apr/2024:03:36:49 +0000] "PUT /api/users/662613cdf932bd37f46ac264 HTTP/1.1" 200 60 "-" "PostmanRuntime/7.37.3"

info: ::1 - - [24/Apr/2024:03:37:14 +0000] "PUT /api/users/662613cdf932bd37f46ac264 HTTP/1.1" 200 60 "-" "PostmanRuntime/7.37.3"

info: ::1 - - [24/Apr/2024:03:37:33 +0000] "PUT /api/users/662613cdf932bd37f46ac264 HTTP/1.1" 200 60 "-" "PostmanRuntime/7.37.3"

info: ::1 - - [24/Apr/2024:03:38:02 +0000] "PUT /api/users/662613cdf932bd37f46ac264 HTTP/1.1" 200 60 "-" "PostmanRuntime/7.37.3"

info: ::1 - - [24/Apr/2024:03:38:16 +0000] "PUT /api/users/662613cdf932bd37f46ac264 HTTP/1.1" 200 60 "-" "PostmanRuntime/7.37.3"

info: ::1 - - [24/Apr/2024:03:38:55 +0000] "PUT /api/users/662613cdf932bd37f46ac264 HTTP/1.1" 200 60 "-" "PostmanRuntime/7.37.3"

info: ::1 - - [24/Apr/2024:03:39:33 +0000] "PUT /api/users/662613cdf932bd37f46ac264 HTTP/1.1" 200 60 "-" "PostmanRuntime/7.37.3"

info: ::1 - - [24/Apr/2024:03:40:15 +0000] "PUT /api/users/662613cdf932bd37f46ac264 HTTP/1.1" 200 60 "-" "PostmanRuntime/7.37.3"

info: ::1 - - [24/Apr/2024:03:42:22 +0000] "PUT /api/users/662613cdf932bd37f46ac264 HTTP/1.1" 200 126 "-" "PostmanRuntime/7.37.3"

info: ::1 - - [24/Apr/2024:03:43:56 +0000] "PUT /api/users/662613cdf932bd37f46ac264 HTTP/1.1" 200 126 "-" "PostmanRuntime/7.37.3"

info: ::1 - - [24/Apr/2024:03:46:30 +0000] "DELETE /api/users/662613cdf932bd37f46ac264 HTTP/1.1" 404 47 "-" "PostmanRuntime/7.37.3"

info: ::1 - - [24/Apr/2024:04:03:00 +0000] "DELETE /api/users/6623f32fb5e92434b491de77 HTTP/1.1" 200 51 "-" "PostmanRuntime/7.37.3"

info: ::1 - - [24/Apr/2024:04:18:37 +0000] "DELETE /api/users/66233c405acbd93594c12ebf HTTP/1.1" 400 37 "-" "PostmanRuntime/7.37.3"

info: ::1 - - [24/Apr/2024:04:29:17 +0000] "DELETE /api/users/login HTTP/1.1" 404 47 "-" "PostmanRuntime/7.37.3"

info: ::1 - - [24/Apr/2024:04:29:29 +0000] "POST /api/users/login HTTP/1.1" 500 130 "-" "PostmanRuntime/7.37.3"

info: ::1 - - [24/Apr/2024:04:30:08 +0000] "POST /api/users/login HTTP/1.1" 400 48 "-" "PostmanRuntime/7.37.3"

info: ::1 - - [24/Apr/2024:04:30:35 +0000] "POST /api/users/login HTTP/1.1" 200 126 "-" "PostmanRuntime/7.37.3"

info: ::1 - - [24/Apr/2024:04:31:34 +0000] "PUT /api/users HTTP/1.1" 404 47 "-" "PostmanRuntime/7.37.3"

info: ::1 - - [24/Apr/2024:04:32:03 +0000] "PUT /api/users HTTP/1.1" 400 37 "-" "PostmanRuntime/7.37.3"

info: ::1 - - [24/Apr/2024:04:32:20 +0000] "PUT /api/users/login HTTP/1.1" 404 47 "-" "PostmanRuntime/7.37.3"

info: ::1 - - [24/Apr/2024:04:32:26 +0000] "POST /api/users/login HTTP/1.1" 200 126 "-" "PostmanRuntime/7.37.3"

info: ::1 - - [24/Apr/2024:04:33:00 +0000] "PUT /api/users/login HTTP/1.1" 404 47 "-" "PostmanRuntime/7.37.3"

info: ::1 - - [24/Apr/2024:04:34:03 +0000] "PUT /api/users/login HTTP/1.1" 404 47 "-" "PostmanRuntime/7.37.3"

info: ::1 - - [24/Apr/2024:04:35:43 +0000] "PUT /api/users/ HTTP/1.1" 400 88 "-" "PostmanRuntime/7.37.3"

info: ::1 - - [24/Apr/2024:04:36:12 +0000] "PUT /api/users/ HTTP/1.1" 400 88 "-" "PostmanRuntime/7.37.3"

info: ::1 - - [24/Apr/2024:04:37:20 +0000] "PUT /api/users/ HTTP/1.1" 200 124 "-" "PostmanRuntime/7.37.3"

info: ::1 - - [24/Apr/2024:05:24:21 +0000] "PUT /api/notes HTTP/1.1" 404 47 "-" "PostmanRuntime/7.37.3"

info: ::1 - - [24/Apr/2024:05:24:46 +0000] "POST /api/notes HTTP/1.1" 201 268 "-" "PostmanRuntime/7.37.3"

info: ::1 - - [24/Apr/2024:14:02:39 +0000] "POST /api/users HTTP/1.1" 201 324 "-" "PostmanRuntime/7.37.3"

info: ::1 - - [24/Apr/2024:14:03:24 +0000] "POST /api/notes HTTP/1.1" 500 71 "-" "PostmanRuntime/7.37.3"

info: ::1 - - [24/Apr/2024:14:03:41 +0000] "POST /api/notes HTTP/1.1" 500 140 "-" "PostmanRuntime/7.37.3"

info: ::1 - - [24/Apr/2024:14:04:52 +0000] "POST /api/notes HTTP/1.1" 500 52 "-" "PostmanRuntime/7.37.3"

info: ::1 - - [24/Apr/2024:14:08:37 +0000] "POST /api/notes HTTP/1.1" 500 52 "-" "PostmanRuntime/7.37.3"

info: ::1 - - [24/Apr/2024:14:09:47 +0000] "POST /api/notes HTTP/1.1" 400 89 "-" "PostmanRuntime/7.37.3"

info: ::1 - - [24/Apr/2024:14:10:02 +0000] "POST /api/notes HTTP/1.1" 500 52 "-" "PostmanRuntime/7.37.3"

info: ::1 - - [24/Apr/2024:14:10:29 +0000] "POST /api/notes HTTP/1.1" 500 52 "-" "PostmanRuntime/7.37.3"

info: ::1 - - [24/Apr/2024:14:12:05 +0000] "POST /api/notes HTTP/1.1" 201 286 "-" "PostmanRuntime/7.37.3"

info: ::1 - - [24/Apr/2024:14:12:25 +0000] "POST /api/notes HTTP/1.1" 400 37 "-" "PostmanRuntime/7.37.3"

info: ::1 - - [24/Apr/2024:14:13:36 +0000] "POST /api/users/login HTTP/1.1" 200 129 "-" "PostmanRuntime/7.37.3"

info: ::1 - - [24/Apr/2024:14:25:02 +0000] "POST /api/users/login HTTP/1.1" 200 129 "-" "PostmanRuntime/7.37.3"

info: ::1 - - [24/Apr/2024:14:26:39 +0000] "POST /api/notes HTTP/1.1" 400 37 "-" "PostmanRuntime/7.37.3"

info: ::1 - - [24/Apr/2024:14:26:48 +0000] "POST /api/notes HTTP/1.1" 400 91 "-" "PostmanRuntime/7.37.3"

info: ::1 - - [24/Apr/2024:14:27:58 +0000] "POST /api/notes HTTP/1.1" 201 336 "-" "PostmanRuntime/7.37.3"

info: ::1 - - [24/Apr/2024:14:47:09 +0000] "GET /api/notes HTTP/1.1" 404 47 "-" "PostmanRuntime/7.37.3"

info: ::1 - - [24/Apr/2024:14:47:54 +0000] "GET /api/notes HTTP/1.1" 200 583 "-" "PostmanRuntime/7.37.3"

info: ::1 - - [24/Apr/2024:17:00:23 +0000] "GET /api/notes/662916a8fb2bc34054a9a528 HTTP/1.1" 404 47 "-" "PostmanRuntime/7.37.3"

info: ::1 - - [24/Apr/2024:17:00:30 +0000] "PUT /api/notes/662916a8fb2bc34054a9a528 HTTP/1.1" 200 64 "-" "PostmanRuntime/7.37.3"

info: ::1 - - [24/Apr/2024:17:01:35 +0000] "PUT /api/notes/662916a8fb2bc34054a9a528 HTTP/1.1" 400 93 "-" "PostmanRuntime/7.37.3"

info: ::1 - - [24/Apr/2024:17:02:04 +0000] "PUT /api/notes/662916a8fb2bc34054a9a528 HTTP/1.1" 400 93 "-" "PostmanRuntime/7.37.3"

info: ::1 - - [24/Apr/2024:17:04:01 +0000] "PUT /api/notes/662916a8fb2bc34054a9a528 HTTP/1.1" 200 322 "-" "PostmanRuntime/7.37.3"

info: ::1 - - [24/Apr/2024:17:14:22 +0000] "DELETE /api/notes/662916a8fb2bc34054a9a528 HTTP/1.1" 200 54 "-" "PostmanRuntime/7.37.3"

