info: ::1 - - [20/Apr/2024:03:13:38 +0000] "GET /api/get HTTP/1.1" 200 9 "-" "PostmanRuntime/7.37.3"

info: ::1 - - [20/Apr/2024:03:47:51 +0000] "GET /api/get HTTP/1.1" 200 8 "-" "PostmanRuntime/7.37.3"

info: ::1 - - [20/Apr/2024:03:49:21 +0000] "GET /api/users/registration HTTP/1.1" 400 56 "-" "PostmanRuntime/7.37.3"

info: ::1 - - [20/Apr/2024:03:50:01 +0000] "POST /api/users/registration HTTP/1.1" 201 275 "-" "PostmanRuntime/7.37.3"

info: ::1 - - [20/Apr/2024:03:50:38 +0000] "POST /api/users/registration HTTP/1.1" 500 61 "-" "PostmanRuntime/7.37.3"

info: ::1 - - [20/Apr/2024:03:51:53 +0000] "POST /api/users/registration HTTP/1.1" 500 61 "-" "PostmanRuntime/7.37.3"

info: ::1 - - [20/Apr/2024:03:53:36 +0000] "POST /api/users/registration HTTP/1.1" 201 263 "-" "PostmanRuntime/7.37.3"

info: ::1 - - [20/Apr/2024:03:53:39 +0000] "POST /api/users/registration HTTP/1.1" 500 61 "-" "PostmanRuntime/7.37.3"

info: ::1 - - [20/Apr/2024:04:10:56 +0000] "POST /api/users/registration HTTP/1.1" - - "-" "PostmanRuntime/7.37.3"

info: ::1 - - [20/Apr/2024:04:10:57 +0000] "POST /api/users/registration HTTP/1.1" - - "-" "PostmanRuntime/7.37.3"

info: ::1 - - [20/Apr/2024:04:11:25 +0000] "POST /api/users/registration HTTP/1.1" 500 61 "-" "PostmanRuntime/7.37.3"

info: ::1 - - [20/Apr/2024:04:11:42 +0000] "POST /api/users/registration HTTP/1.1" 500 61 "-" "PostmanRuntime/7.37.3"

info: ::1 - - [20/Apr/2024:04:11:55 +0000] "POST /api/users/registration HTTP/1.1" 500 61 "-" "PostmanRuntime/7.37.3"

info: ::1 - - [20/Apr/2024:04:12:19 +0000] "POST /api/users/registration HTTP/1.1" 400 53 "-" "PostmanRuntime/7.37.3"

info: ::1 - - [20/Apr/2024:04:17:31 +0000] "POST /api/users/registration HTTP/1.1" 500 61 "-" "PostmanRuntime/7.37.3"

info: ::1 - - [20/Apr/2024:04:17:42 +0000] "POST /api/users/registration HTTP/1.1" 400 53 "-" "PostmanRuntime/7.37.3"

info: ::1 - - [20/Apr/2024:04:25:57 +0000] "POST /api/users/registration HTTP/1.1" 500 66 "-" "PostmanRuntime/7.37.3"

info: ::1 - - [20/Apr/2024:04:27:18 +0000] "POST /api/users/registration HTTP/1.1" 500 74 "-" "PostmanRuntime/7.37.3"

info: ::1 - - [20/Apr/2024:05:02:28 +0000] "POST /api/users/registration HTTP/1.1" 500 57 "-" "PostmanRuntime/7.37.3"

info: ::1 - - [20/Apr/2024:05:04:52 +0000] "POST /api/users/registration HTTP/1.1" 500 57 "-" "PostmanRuntime/7.37.3"

info: ::1 - - [20/Apr/2024:05:06:06 +0000] "POST /api/users/registration HTTP/1.1" 500 57 "-" "PostmanRuntime/7.37.3"

info: ::1 - - [20/Apr/2024:05:07:29 +0000] "POST /api/users/registration HTTP/1.1" 500 57 "-" "PostmanRuntime/7.37.3"

info: ::1 - - [20/Apr/2024:05:09:18 +0000] "POST /api/users/registration HTTP/1.1" 500 57 "-" "PostmanRuntime/7.37.3"

info: ::1 - - [20/Apr/2024:05:09:31 +0000] "POST /api/users/registration HTTP/1.1" 500 130 "-" "PostmanRuntime/7.37.3"

info: ::1 - - [20/Apr/2024:05:10:00 +0000] "POST /api/users/registration HTTP/1.1" 500 130 "-" "PostmanRuntime/7.37.3"

info: ::1 - - [20/Apr/2024:05:12:18 +0000] "POST /api/users/registration HTTP/1.1" 201 268 "-" "PostmanRuntime/7.37.3"

info: ::1 - - [20/Apr/2024:05:22:55 +0000] "POST /api/users/registration HTTP/1.1" 201 125 "-" "PostmanRuntime/7.37.3"

info: ::1 - - [20/Apr/2024:05:54:57 +0000] "POST /api/users/registration HTTP/1.1" 201 121 "-" "PostmanRuntime/7.37.3"

info: ::1 - - [20/Apr/2024:06:04:53 +0000] "POST /api/users/registration HTTP/1.1" 500 61 "-" "PostmanRuntime/7.37.3"

info: ::1 - - [20/Apr/2024:06:05:29 +0000] "POST /api/users/registration HTTP/1.1" 500 61 "-" "PostmanRuntime/7.37.3"

info: ::1 - - [20/Apr/2024:06:06:08 +0000] "POST /api/users/registration HTTP/1.1" 500 61 "-" "PostmanRuntime/7.37.3"

info: ::1 - - [20/Apr/2024:06:07:43 +0000] "POST /api/users/registration HTTP/1.1" 500 61 "-" "PostmanRuntime/7.37.3"

info: ::1 - - [20/Apr/2024:06:10:37 +0000] "POST /api/users/registration HTTP/1.1" 500 61 "-" "PostmanRuntime/7.37.3"

info: ::1 - - [20/Apr/2024:06:11:05 +0000] "POST /api/users/registration HTTP/1.1" 500 61 "-" "PostmanRuntime/7.37.3"

info: ::1 - - [20/Apr/2024:06:11:31 +0000] "POST /api/users/registration HTTP/1.1" 500 61 "-" "PostmanRuntime/7.37.3"

info: ::1 - - [20/Apr/2024:06:21:58 +0000] "POST /api/users/registration HTTP/1.1" 201 127 "-" "PostmanRuntime/7.37.3"

info: ::1 - - [20/Apr/2024:06:22:03 +0000] "POST /api/users/registration HTTP/1.1" 500 61 "-" "PostmanRuntime/7.37.3"

info: ::1 - - [20/Apr/2024:06:25:25 +0000] "POST /api/users/registration HTTP/1.1" 500 53 "-" "PostmanRuntime/7.37.3"

info: ::1 - - [20/Apr/2024:06:29:23 +0000] "POST /api/users/registration HTTP/1.1" 400 50 "-" "PostmanRuntime/7.37.3"

info: ::1 - - [20/Apr/2024:07:32:58 +0000] "POST /api/users/registration HTTP/1.1" 400 50 "-" "PostmanRuntime/7.37.3"

info: ::1 - - [20/Apr/2024:07:33:29 +0000] "POST /api/users/registration HTTP/1.1" 400 50 "-" "PostmanRuntime/7.37.3"

info: ::1 - - [20/Apr/2024:07:34:11 +0000] "POST /api/users/registration HTTP/1.1" 400 50 "-" "PostmanRuntime/7.37.3"

info: ::1 - - [20/Apr/2024:07:34:37 +0000] "POST /api/users/registration HTTP/1.1" 201 124 "-" "PostmanRuntime/7.37.3"

info: ::1 - - [20/Apr/2024:07:35:22 +0000] "POST /api/users/registration HTTP/1.1" 400 50 "-" "PostmanRuntime/7.37.3"

info: ::1 - - [20/Apr/2024:07:37:07 +0000] "POST /api/users/registration HTTP/1.1" 201 60 "-" "PostmanRuntime/7.37.3"

info: ::1 - - [20/Apr/2024:07:40:23 +0000] "POST /api/users/registration HTTP/1.1" 400 50 "-" "PostmanRuntime/7.37.3"

info: ::1 - - [20/Apr/2024:07:40:55 +0000] "POST /api/users/registration HTTP/1.1" 400 50 "-" "PostmanRuntime/7.37.3"

info: ::1 - - [20/Apr/2024:07:41:25 +0000] "POST /api/users/registration HTTP/1.1" 400 50 "-" "PostmanRuntime/7.37.3"

info: ::1 - - [20/Apr/2024:07:42:53 +0000] "POST /api/users/registration HTTP/1.1" 201 121 "-" "PostmanRuntime/7.37.3"

info: ::1 - - [20/Apr/2024:07:42:55 +0000] "POST /api/users/registration HTTP/1.1" 400 151 "-" "PostmanRuntime/7.37.3"

info: ::1 - - [20/Apr/2024:07:45:55 +0000] "POST /api/users/registration HTTP/1.1" 400 151 "-" "PostmanRuntime/7.37.3"

info: ::1 - - [20/Apr/2024:07:46:43 +0000] "POST /api/users/registration HTTP/1.1" 400 151 "-" "PostmanRuntime/7.37.3"

info: ::1 - - [20/Apr/2024:08:12:07 +0000] "POST /api/users/registration HTTP/1.1" 400 50 "-" "PostmanRuntime/7.37.3"

info: ::1 - - [20/Apr/2024:08:12:43 +0000] "POST /api/users/registration HTTP/1.1" 400 50 "-" "PostmanRuntime/7.37.3"

info: ::1 - - [20/Apr/2024:08:12:47 +0000] "POST /api/users/registration HTTP/1.1" 400 50 "-" "PostmanRuntime/7.37.3"

info: ::1 - - [20/Apr/2024:08:15:53 +0000] "POST /api/users/registration HTTP/1.1" 400 50 "-" "PostmanRuntime/7.37.3"

info: ::1 - - [20/Apr/2024:08:16:25 +0000] "POST /api/users/registration HTTP/1.1" 400 50 "-" "PostmanRuntime/7.37.3"

info: ::1 - - [20/Apr/2024:08:16:38 +0000] "POST /api/users/registration HTTP/1.1" 400 50 "-" "PostmanRuntime/7.37.3"

info: ::1 - - [20/Apr/2024:13:37:36 +0000] "POST /api/users/registration HTTP/1.1" 400 50 "-" "PostmanRuntime/7.37.3"

info: ::1 - - [20/Apr/2024:13:38:09 +0000] "POST /api/users/registration HTTP/1.1" 400 50 "-" "PostmanRuntime/7.37.3"

info: ::1 - - [20/Apr/2024:13:38:49 +0000] "POST /api/users/registration HTTP/1.1" 400 50 "-" "PostmanRuntime/7.37.3"

info: ::1 - - [20/Apr/2024:13:39:05 +0000] "POST /api/users/registration HTTP/1.1" 400 50 "-" "PostmanRuntime/7.37.3"

info: ::1 - - [20/Apr/2024:13:43:32 +0000] "POST /api/users/registration HTTP/1.1" 400 50 "-" "PostmanRuntime/7.37.3"

info: ::1 - - [20/Apr/2024:13:54:26 +0000] "POST /api/users/registration HTTP/1.1" 400 50 "-" "PostmanRuntime/7.37.3"

info: ::1 - - [20/Apr/2024:13:55:04 +0000] "POST /api/users/registration HTTP/1.1" 400 50 "-" "PostmanRuntime/7.37.3"

info: ::1 - - [20/Apr/2024:13:55:51 +0000] "POST /api/users/registration HTTP/1.1" 400 50 "-" "PostmanRuntime/7.37.3"

info: ::1 - - [20/Apr/2024:13:59:26 +0000] "POST /api/users/registration HTTP/1.1" 400 89 "-" "PostmanRuntime/7.37.3"

info: ::1 - - [20/Apr/2024:14:00:10 +0000] "POST /api/users/registration HTTP/1.1" 400 89 "-" "PostmanRuntime/7.37.3"

info: ::1 - - [20/Apr/2024:14:00:26 +0000] "POST /api/users/registration HTTP/1.1" 400 50 "-" "PostmanRuntime/7.37.3"

info: ::1 - - [20/Apr/2024:14:02:12 +0000] "POST /api/users/registration HTTP/1.1" 400 89 "-" "PostmanRuntime/7.37.3"

info: ::1 - - [20/Apr/2024:14:05:41 +0000] "POST /api/users/registration HTTP/1.1" 400 151 "-" "PostmanRuntime/7.37.3"

info: ::1 - - [20/Apr/2024:14:06:44 +0000] "POST /api/users/registration HTTP/1.1" 400 151 "-" "PostmanRuntime/7.37.3"

info: ::1 - - [20/Apr/2024:14:09:58 +0000] "POST /api/users/registration HTTP/1.1" 400 151 "-" "PostmanRuntime/7.37.3"

info: ::1 - - [20/Apr/2024:14:11:29 +0000] "POST /api/users/registration HTTP/1.1" 400 151 "-" "PostmanRuntime/7.37.3"

info: ::1 - - [20/Apr/2024:14:11:46 +0000] "POST /api/users/registration HTTP/1.1" 400 151 "-" "PostmanRuntime/7.37.3"

info: ::1 - - [20/Apr/2024:14:17:35 +0000] "POST /api/users/registration HTTP/1.1" 400 50 "-" "PostmanRuntime/7.37.3"

info: ::1 - - [20/Apr/2024:14:17:50 +0000] "POST /api/users/registration HTTP/1.1" 201 124 "-" "PostmanRuntime/7.37.3"

info: ::1 - - [20/Apr/2024:14:18:51 +0000] "POST /api/users/registration HTTP/1.1" 201 121 "-" "PostmanRuntime/7.37.3"

info: ::1 - - [20/Apr/2024:14:19:20 +0000] "POST /api/users/registration HTTP/1.1" 400 67 "-" "PostmanRuntime/7.37.3"

info: ::1 - - [20/Apr/2024:14:19:46 +0000] "POST /api/users/registration HTTP/1.1" 201 121 "-" "PostmanRuntime/7.37.3"

info: ::1 - - [20/Apr/2024:14:20:12 +0000] "POST /api/users/registration HTTP/1.1" 201 121 "-" "PostmanRuntime/7.37.3"

info: ::1 - - [20/Apr/2024:14:21:31 +0000] "POST /api/users/registration HTTP/1.1" 201 121 "-" "PostmanRuntime/7.37.3"

info: ::1 - - [20/Apr/2024:14:22:03 +0000] "POST /api/users/registration HTTP/1.1" 201 121 "-" "PostmanRuntime/7.37.3"

info: ::1 - - [20/Apr/2024:14:23:09 +0000] "POST /api/users/registration HTTP/1.1" 201 121 "-" "PostmanRuntime/7.37.3"

info: ::1 - - [20/Apr/2024:14:26:31 +0000] "POST /api/users/registration HTTP/1.1" 400 60 "-" "PostmanRuntime/7.37.3"

info: ::1 - - [20/Apr/2024:16:45:32 +0000] "POST /api/users/registration HTTP/1.1" 201 121 "-" "PostmanRuntime/7.37.3"

info: ::1 - - [20/Apr/2024:16:49:30 +0000] "POST /api/users/registration HTTP/1.1" 201 121 "-" "PostmanRuntime/7.37.3"

info: ::1 - - [20/Apr/2024:16:50:07 +0000] "POST /api/users/registration HTTP/1.1" 201 121 "-" "PostmanRuntime/7.37.3"

info: ::1 - - [20/Apr/2024:16:50:35 +0000] "POST /api/users/registration HTTP/1.1" 201 121 "-" "PostmanRuntime/7.37.3"

info: ::1 - - [20/Apr/2024:16:51:36 +0000] "POST /api/users/registration HTTP/1.1" 201 121 "-" "PostmanRuntime/7.37.3"

info: ::1 - - [20/Apr/2024:16:52:14 +0000] "POST /api/users/registration HTTP/1.1" 400 50 "-" "PostmanRuntime/7.37.3"

info: ::1 - - [20/Apr/2024:16:52:33 +0000] "POST /api/users/registration HTTP/1.1" 400 84 "-" "PostmanRuntime/7.37.3"

info: ::1 - - [20/Apr/2024:16:53:13 +0000] "POST /api/users/registration HTTP/1.1" 400 84 "-" "PostmanRuntime/7.37.3"

info: ::1 - - [20/Apr/2024:16:53:59 +0000] "POST /api/users/registration HTTP/1.1" 400 50 "-" "PostmanRuntime/7.37.3"

info: ::1 - - [20/Apr/2024:16:54:07 +0000] "POST /api/users/registration HTTP/1.1" 400 88 "-" "PostmanRuntime/7.37.3"

info: ::1 - - [20/Apr/2024:16:54:34 +0000] "POST /api/users/registration HTTP/1.1" 400 50 "-" "PostmanRuntime/7.37.3"

info: ::1 - - [20/Apr/2024:16:54:55 +0000] "POST /api/users/registration HTTP/1.1" 400 50 "-" "PostmanRuntime/7.37.3"

info: ::1 - - [20/Apr/2024:16:55:51 +0000] "POST /api/users/registration HTTP/1.1" 400 88 "-" "PostmanRuntime/7.37.3"

info: ::1 - - [20/Apr/2024:16:57:12 +0000] "POST /api/users HTTP/1.1" 201 122 "-" "PostmanRuntime/7.37.3"

info: ::1 - - [20/Apr/2024:16:57:15 +0000] "POST /api/users HTTP/1.1" 400 50 "-" "PostmanRuntime/7.37.3"

info: ::1 - - [20/Apr/2024:17:19:15 +0000] "POST /api/users HTTP/1.1" 201 129 "-" "PostmanRuntime/7.37.3"

info: ::1 - - [20/Apr/2024:17:19:42 +0000] "POST /api/users/login HTTP/1.1" 400 154 "-" "PostmanRuntime/7.37.3"

info: ::1 - - [20/Apr/2024:17:21:19 +0000] "POST /api/users/login HTTP/1.1" 400 154 "-" "PostmanRuntime/7.37.3"

info: ::1 - - [20/Apr/2024:17:21:48 +0000] "POST /api/users/login HTTP/1.1" 400 60 "-" "PostmanRuntime/7.37.3"

info: ::1 - - [20/Apr/2024:17:22:03 +0000] "POST /api/users/login HTTP/1.1" 200 127 "-" "PostmanRuntime/7.37.3"

info: ::1 - - [20/Apr/2024:17:22:34 +0000] "POST /api/users/login HTTP/1.1" 400 60 "-" "PostmanRuntime/7.37.3"

info: ::1 - - [20/Apr/2024:17:22:49 +0000] "POST /api/users/login HTTP/1.1" 400 62 "-" "PostmanRuntime/7.37.3"

info: ::1 - - [20/Apr/2024:17:23:00 +0000] "POST /api/users/login HTTP/1.1" 400 48 "-" "PostmanRuntime/7.37.3"

