info: ::1 - - [25/Apr/2024:02:59:14 +0000] "DELETE /api/users HTTP/1.1" 200 51 "-" "PostmanRuntime/7.37.3"

info: ::1 - - [25/Apr/2024:03:01:09 +0000] "POST /api/users HTTP/1.1" 201 324 "-" "PostmanRuntime/7.37.3"

info: ::1 - - [25/Apr/2024:03:12:42 +0000] "POST /api/users HTTP/1.1" 201 321 "-" "PostmanRuntime/7.37.3"

info: ::1 - - [25/Apr/2024:03:13:23 +0000] "POST /api/users/login HTTP/1.1" 200 126 "-" "PostmanRuntime/7.37.3"

info: ::1 - - [25/Apr/2024:03:18:33 +0000] "POST /api/users/notes HTTP/1.1" 404 47 "-" "PostmanRuntime/7.37.3"

info: ::1 - - [25/Apr/2024:03:19:28 +0000] "POST /api/notes HTTP/1.1" 201 318 "-" "PostmanRuntime/7.37.3"

info: ::1 - - [25/Apr/2024:03:20:07 +0000] "POST /api/notes HTTP/1.1" 400 37 "-" "PostmanRuntime/7.37.3"

info: ::1 - - [25/Apr/2024:03:20:16 +0000] "POST /api/notes HTTP/1.1" 201 318 "-" "PostmanRuntime/7.37.3"

info: ::1 - - [25/Apr/2024:03:21:04 +0000] "POST /api/notes HTTP/1.1" 201 326 "-" "PostmanRuntime/7.37.3"

info: ::1 - - [25/Apr/2024:03:21:40 +0000] "POST /api/users/login HTTP/1.1" 200 129 "-" "PostmanRuntime/7.37.3"

info: ::1 - - [25/Apr/2024:03:44:20 +0000] "POST /api/notes HTTP/1.1" 201 303 "-" "PostmanRuntime/7.37.3"

info: ::1 - - [25/Apr/2024:03:45:40 +0000] "POST /api/notes HTTP/1.1" 201 311 "-" "PostmanRuntime/7.37.3"

info: ::1 - - [25/Apr/2024:03:46:00 +0000] "GET /api/notes HTTP/1.1" 200 550 "-" "PostmanRuntime/7.37.3"

info: ::1 - - [25/Apr/2024:03:46:29 +0000] "PUT /api/notes/6629cbf02fd3cf08d882e170 HTTP/1.1" 200 66 "-" "PostmanRuntime/7.37.3"

info: ::1 - - [25/Apr/2024:03:53:18 +0000] "PUT /api/notes/6629cbf02fd3cf08d882e170 HTTP/1.1" 200 66 "-" "PostmanRuntime/7.37.3"

info: ::1 - - [25/Apr/2024:03:54:35 +0000] "PUT /api/notes/6629cbf02fd3cf08d882e170 HTTP/1.1" 200 66 "-" "PostmanRuntime/7.37.3"

info: ::1 - - [25/Apr/2024:03:55:21 +0000] "PUT /api/notes/6629cbf02fd3cf08d882e170 HTTP/1.1" 200 66 "-" "PostmanRuntime/7.37.3"

info: ::1 - - [25/Apr/2024:03:57:01 +0000] "PUT /api/notes/6629cbf02fd3cf08d882e170 HTTP/1.1" 200 66 "-" "PostmanRuntime/7.37.3"

info: ::1 - - [25/Apr/2024:04:01:57 +0000] "PUT /api/notes/6629cbf02fd3cf08d882e170 HTTP/1.1" 400 57 "-" "PostmanRuntime/7.37.3"

info: ::1 - - [25/Apr/2024:04:02:33 +0000] "PUT /api/notes/6629d1e42fd3cf08d882e177 HTTP/1.1" 200 313 "-" "PostmanRuntime/7.37.3"

info: ::1 - - [25/Apr/2024:04:03:04 +0000] "DELETE /api/notes/6629cbf02fd3cf08d882e170 HTTP/1.1" 200 55 "-" "PostmanRuntime/7.37.3"

info: ::1 - - [25/Apr/2024:04:04:22 +0000] "DELETE /api/notes/6629cbf02fd3cf08d882e170 HTTP/1.1" 400 57 "-" "PostmanRuntime/7.37.3"

info: ::1 - - [25/Apr/2024:05:04:19 +0000] "DELETE /api/users/login HTTP/1.1" 404 47 "-" "PostmanRuntime/7.37.3"

info: ::1 - - [25/Apr/2024:05:04:54 +0000] "POST /api/users/login HTTP/1.1" 200 133 "-" "PostmanRuntime/7.37.3"

info: ::1 - - [25/Apr/2024:05:06:11 +0000] "POST /api/notes HTTP/1.1" 201 311 "-" "PostmanRuntime/7.37.3"

info: ::1 - - [25/Apr/2024:05:20:51 +0000] "GET /api/notes HTTP/1.1" 200 93 "-" "PostmanRuntime/7.37.3"

info: ::1 - - [25/Apr/2024:05:20:56 +0000] "GET /api/notes HTTP/1.1" 200 93 "-" "PostmanRuntime/7.37.3"

info: ::1 - - [25/Apr/2024:05:21:48 +0000] "GET /api/notes HTTP/1.1" 200 337 "-" "PostmanRuntime/7.37.3"

info: ::1 - - [25/Apr/2024:06:07:52 +0000] "POST /api/notes HTTP/1.1" 400 37 "-" "PostmanRuntime/7.37.3"

info: ::1 - - [25/Apr/2024:06:16:01 +0000] "POST /api/users/login HTTP/1.1" 200 133 "-" "PostmanRuntime/7.37.3"

info: ::1 - - [25/Apr/2024:06:17:28 +0000] "POST /api/notes HTTP/1.1" 201 313 "-" "PostmanRuntime/7.37.3"

info: ::1 - - [25/Apr/2024:06:18:21 +0000] "GET /api/notes HTTP/1.1" 200 434 "-" "PostmanRuntime/7.37.3"

info: ::1 - - [25/Apr/2024:07:25:52 +0000] "POST /api/notes HTTP/1.1" 201 308 "-" "PostmanRuntime/7.37.3"

info: ::1 - - [25/Apr/2024:07:26:40 +0000] "POST /api/notes HTTP/1.1" 201 308 "-" "PostmanRuntime/7.37.3"

info: ::1 - - [25/Apr/2024:13:37:49 +0000] "POST /api/users/login HTTP/1.1" 400 64 "-" "PostmanRuntime/7.37.3"

info: ::1 - - [25/Apr/2024:13:38:25 +0000] "POST /api/users/login HTTP/1.1" 200 136 "-" "PostmanRuntime/7.37.3"

info: ::1 - - [25/Apr/2024:13:39:18 +0000] "POST /api/users/login HTTP/1.1" 400 53 "-" "PostmanRuntime/7.37.3"

info: ::1 - - [25/Apr/2024:13:39:50 +0000] "POST /api/users/login HTTP/1.1" 400 53 "-" "PostmanRuntime/7.37.3"

info: ::1 - - [25/Apr/2024:13:40:56 +0000] "POST /api/users/login HTTP/1.1" 400 53 "-" "PostmanRuntime/7.37.3"

info: ::1 - - [25/Apr/2024:13:41:55 +0000] "POST /api/users/login HTTP/1.1" 200 136 "-" "PostmanRuntime/7.37.3"

info: ::1 - - [25/Apr/2024:13:42:28 +0000] "POST /api/users/login HTTP/1.1" 200 136 "-" "PostmanRuntime/7.37.3"

info: ::1 - - [25/Apr/2024:13:43:16 +0000] "POST /api/users/login HTTP/1.1" 200 136 "-" "PostmanRuntime/7.37.3"

info: ::1 - - [25/Apr/2024:13:47:39 +0000] "POST /api/users/login HTTP/1.1" 200 136 "-" "PostmanRuntime/7.37.3"

info: ::1 - - [25/Apr/2024:13:48:24 +0000] "POST /api/users/login HTTP/1.1" 200 136 "-" "PostmanRuntime/7.37.3"

info: ::1 - - [25/Apr/2024:13:49:02 +0000] "POST /api/users/login HTTP/1.1" 200 136 "-" "PostmanRuntime/7.37.3"

info: ::1 - - [25/Apr/2024:13:49:46 +0000] "POST /api/users/login HTTP/1.1" 200 65 "-" "PostmanRuntime/7.37.3"

info: ::1 - - [25/Apr/2024:13:54:50 +0000] "POST /api/users/login HTTP/1.1" 200 65 "-" "PostmanRuntime/7.37.3"

info: ::1 - - [25/Apr/2024:13:57:10 +0000] "POST /api/users/login HTTP/1.1" 200 65 "-" "PostmanRuntime/7.37.3"

info: ::1 - - [25/Apr/2024:13:58:06 +0000] "POST /api/users/login HTTP/1.1" 200 65 "-" "PostmanRuntime/7.37.3"

info: ::1 - - [25/Apr/2024:13:58:42 +0000] "POST /api/users/login HTTP/1.1" 200 65 "-" "PostmanRuntime/7.37.3"

info: ::1 - - [25/Apr/2024:13:59:35 +0000] "POST /api/users/login HTTP/1.1" 200 65 "-" "PostmanRuntime/7.37.3"

info: ::1 - - [25/Apr/2024:14:00:12 +0000] "POST /api/users/login HTTP/1.1" 200 65 "-" "PostmanRuntime/7.37.3"

info: ::1 - - [25/Apr/2024:14:01:16 +0000] "POST /api/users/login HTTP/1.1" 200 65 "-" "PostmanRuntime/7.37.3"

info: ::1 - - [25/Apr/2024:14:01:55 +0000] "POST /api/users/login HTTP/1.1" 200 65 "-" "PostmanRuntime/7.37.3"

info: ::1 - - [25/Apr/2024:14:02:31 +0000] "POST /api/users/login HTTP/1.1" 200 65 "-" "PostmanRuntime/7.37.3"

info: ::1 - - [25/Apr/2024:14:03:26 +0000] "POST /api/users/login HTTP/1.1" 200 65 "-" "PostmanRuntime/7.37.3"

info: ::1 - - [25/Apr/2024:14:05:11 +0000] "POST /api/users/login HTTP/1.1" 200 548 "-" "PostmanRuntime/7.37.3"

info: ::1 - - [25/Apr/2024:14:11:49 +0000] "POST /api/users HTTP/1.1" 201 317 "-" "PostmanRuntime/7.37.3"

info: ::1 - - [25/Apr/2024:14:25:55 +0000] "POST /api/users/login HTTP/1.1" 200 533 "-" "PostmanRuntime/7.37.3"

info: ::1 - - [25/Apr/2024:14:26:26 +0000] "POST /api/notes HTTP/1.1" 500 56 "-" "PostmanRuntime/7.37.3"

info: ::1 - - [25/Apr/2024:14:27:12 +0000] "POST /api/notes HTTP/1.1" 400 89 "-" "PostmanRuntime/7.37.3"

info: ::1 - - [25/Apr/2024:14:28:10 +0000] "POST /api/notes HTTP/1.1" 400 89 "-" "PostmanRuntime/7.37.3"

info: ::1 - - [25/Apr/2024:14:35:19 +0000] "POST /api/notes HTTP/1.1" 400 233 "-" "PostmanRuntime/7.37.3"

info: ::1 - - [25/Apr/2024:14:36:05 +0000] "POST /api/notes HTTP/1.1" 400 233 "-" "PostmanRuntime/7.37.3"

info: ::1 - - [25/Apr/2024:14:36:47 +0000] "POST /api/notes HTTP/1.1" 400 233 "-" "PostmanRuntime/7.37.3"

info: ::1 - - [25/Apr/2024:14:41:03 +0000] "POST /api/users HTTP/1.1" 201 317 "-" "PostmanRuntime/7.37.3"

info: ::1 - - [25/Apr/2024:14:41:18 +0000] "POST /api/users/login HTTP/1.1" 200 537 "-" "PostmanRuntime/7.37.3"

info: ::1 - - [25/Apr/2024:14:43:27 +0000] "POST /api/notes HTTP/1.1" 400 282 "-" "PostmanRuntime/7.37.3"

info: ::1 - - [25/Apr/2024:14:44:17 +0000] "POST /api/notes HTTP/1.1" 400 235 "-" "PostmanRuntime/7.37.3"

info: ::1 - - [25/Apr/2024:14:45:38 +0000] "POST /api/notes HTTP/1.1" 500 63 "-" "PostmanRuntime/7.37.3"

info: ::1 - - [25/Apr/2024:14:47:22 +0000] "POST /api/notes HTTP/1.1" 500 63 "-" "PostmanRuntime/7.37.3"

info: ::1 - - [25/Apr/2024:14:48:38 +0000] "POST /api/notes HTTP/1.1" 500 65 "-" "PostmanRuntime/7.37.3"

info: ::1 - - [25/Apr/2024:14:49:30 +0000] "POST /api/notes HTTP/1.1" 201 337 "-" "PostmanRuntime/7.37.3"

info: ::1 - - [25/Apr/2024:15:25:42 +0000] "GET /api/notes HTTP/1.1" 200 181 "-" "PostmanRuntime/7.37.3"

info: ::1 - - [25/Apr/2024:15:26:48 +0000] "POST /api/notes HTTP/1.1" 201 319 "-" "PostmanRuntime/7.37.3"

info: ::1 - - [25/Apr/2024:15:27:12 +0000] "GET /api/notes HTTP/1.1" 200 286 "-" "PostmanRuntime/7.37.3"

info: ::1 - - [25/Apr/2024:15:29:54 +0000] "GET /api/notes HTTP/1.1" 200 286 "-" "PostmanRuntime/7.37.3"

info: ::1 - - [25/Apr/2024:15:30:04 +0000] "POST /api/notes HTTP/1.1" 201 524 "-" "PostmanRuntime/7.37.3"

info: ::1 - - [25/Apr/2024:15:31:23 +0000] "DELETE /api/notes/662a76fc92f923491067f092 HTTP/1.1" 200 55 "-" "PostmanRuntime/7.37.3"

info: ::1 - - [25/Apr/2024:15:45:35 +0000] "GET /api/notes/662a76fc92f923491067f091 HTTP/1.1" 200 169 "-" "PostmanRuntime/7.37.3"

info: ::1 - - [25/Apr/2024:15:45:54 +0000] "GET /api/notes/6629e4c373c9c64de078a11b HTTP/1.1" 400 56 "-" "PostmanRuntime/7.37.3"

info: ::1 - - [25/Apr/2024:16:00:51 +0000] "GET /api/notes/isArchived/662a76fc92f923491067f091 HTTP/1.1" 404 47 "-" "PostmanRuntime/7.37.3"

info: ::1 - - [25/Apr/2024:16:00:57 +0000] "POST /api/notes/isArchived/662a76fc92f923491067f091 HTTP/1.1" 200 169 "-" "PostmanRuntime/7.37.3"

info: ::1 - - [25/Apr/2024:16:01:44 +0000] "POST /api/notes/isArchived/662a76fc92f923491067f091 HTTP/1.1" 200 303 "-" "PostmanRuntime/7.37.3"

info: ::1 - - [25/Apr/2024:16:02:52 +0000] "POST /api/notes/isArchived/662a76fc92f923491067f091 HTTP/1.1" 400 126 "-" "PostmanRuntime/7.37.3"

info: ::1 - - [25/Apr/2024:16:03:44 +0000] "POST /api/notes/isArchived/662a76fc92f923491067f091 HTTP/1.1" 400 126 "-" "PostmanRuntime/7.37.3"

info: ::1 - - [25/Apr/2024:16:06:25 +0000] "POST /api/notes/isArchived/662a76fc92f923491067f091 HTTP/1.1" 400 126 "-" "PostmanRuntime/7.37.3"

info: ::1 - - [25/Apr/2024:16:08:52 +0000] "POST /api/notes/isArchived/662a76fc92f923491067f091 HTTP/1.1" 200 114 "-" "PostmanRuntime/7.37.3"

info: ::1 - - [25/Apr/2024:16:12:17 +0000] "POST /api/notes/isArchived/662a76fc92f923491067f091 HTTP/1.1" 400 179 "-" "PostmanRuntime/7.37.3"

info: ::1 - - [25/Apr/2024:16:23:52 +0000] "POST /api/notes/isArchived/662a76fc92f923491067f091 HTTP/1.1" 200 321 "-" "PostmanRuntime/7.37.3"

info: ::1 - - [25/Apr/2024:16:29:59 +0000] "POST /api/notes/isTrashed/662a76fc92f923491067f091 HTTP/1.1" 200 320 "-" "PostmanRuntime/7.37.3"

info: ::1 - - [25/Apr/2024:16:30:05 +0000] "POST /api/notes/isTrashed/662a76fc92f923491067f091 HTTP/1.1" 200 321 "-" "PostmanRuntime/7.37.3"

