info: ::1 - - [23/Apr/2024:07:35:29 +0000] "POST /api/users/tocken HTTP/1.1" 404 47 "-" "PostmanRuntime/7.37.3"

info: ::1 - - [23/Apr/2024:07:35:47 +0000] "GET /api/users/tocken HTTP/1.1" 500 67 "-" "PostmanRuntime/7.37.3"

info: ::1 - - [23/Apr/2024:07:36:01 +0000] "GET /api/users/tocken HTTP/1.1" 200 - "-" "PostmanRuntime/7.37.3"

info: ::1 - - [23/Apr/2024:07:36:21 +0000] "GET /api/users/tocken HTTP/1.1" 200 - "-" "PostmanRuntime/7.37.3"

info: ::1 - - [23/Apr/2024:07:36:32 +0000] "GET /api/users/tocken HTTP/1.1" 200 195 "-" "PostmanRuntime/7.37.3"

info: ::1 - - [23/Apr/2024:07:42:57 +0000] "GET /api/users/tocken HTTP/1.1" 200 105 "-" "Mozilla/5.0 (Windows NT 10.0; Win64; x64) AppleWebKit/537.36 (KHTML, like Gecko) Chrome/124.0.0.0 Safari/537.36"

info: ::1 - - [23/Apr/2024:07:42:57 +0000] "GET /favicon.ico HTTP/1.1" 404 47 "-" "Mozilla/5.0 (Windows NT 10.0; Win64; x64) AppleWebKit/537.36 (KHTML, like Gecko) Chrome/124.0.0.0 Safari/537.36"

info: ::1 - - [23/Apr/2024:17:24:53 +0000] "GET /api/users/login HTTP/1.1" 404 47 "-" "PostmanRuntime/7.37.3"

info: ::1 - - [23/Apr/2024:17:25:37 +0000] "GET /api/users/login HTTP/1.1" 404 47 "-" "PostmanRuntime/7.37.3"

info: ::1 - - [23/Apr/2024:17:26:00 +0000] "POST /api/users/login HTTP/1.1" 400 45 "-" "PostmanRuntime/7.37.3"

info: ::1 - - [23/Apr/2024:17:27:12 +0000] "POST /api/users/login HTTP/1.1" 400 63 "-" "PostmanRuntime/7.37.3"

info: ::1 - - [23/Apr/2024:17:27:57 +0000] "POST /api/users/login HTTP/1.1" 200 124 "-" "PostmanRuntime/7.37.3"

info: ::1 - - [23/Apr/2024:17:38:05 +0000] "POST /api/users/login HTTP/1.1" 400 63 "-" "PostmanRuntime/7.37.3"

info: ::1 - - [23/Apr/2024:17:38:27 +0000] "POST /api/users/login HTTP/1.1" 400 64 "-" "PostmanRuntime/7.37.3"

info: ::1 - - [23/Apr/2024:17:38:45 +0000] "POST /api/users/login HTTP/1.1" 200 124 "-" "PostmanRuntime/7.37.3"

info: ::1 - - [23/Apr/2024:18:03:26 +0000] "POST /api/users/login HTTP/1.1" 400 64 "-" "PostmanRuntime/7.37.3"

info: ::1 - - [23/Apr/2024:18:03:50 +0000] "POST /api/users/login HTTP/1.1" 400 68 "-" "PostmanRuntime/7.37.3"

info: ::1 - - [23/Apr/2024:18:04:59 +0000] "POST /api/users/login HTTP/1.1" 400 68 "-" "PostmanRuntime/7.37.3"

info: ::1 - - [23/Apr/2024:18:05:55 +0000] "POST /api/users/login HTTP/1.1" 200 124 "-" "PostmanRuntime/7.37.3"

info: ::1 - - [23/Apr/2024:18:07:31 +0000] "POST /api/users/login HTTP/1.1" 200 124 "-" "PostmanRuntime/7.37.3"

info: ::1 - - [23/Apr/2024:18:08:29 +0000] "POST /api/users/login HTTP/1.1" 200 126 "-" "PostmanRuntime/7.37.3"

